#
# There is insufficient memory for the Java Runtime Environment to continue.
# Native memory allocation (malloc) failed to allocate 32744 bytes for ChunkPool::allocate
# Possible reasons:
#   The system is out of physical RAM or swap space
#   The process is running with CompressedOops enabled, and the Java Heap may be blocking the growth of the native heap
# Possible solutions:
#   Reduce memory load on the system
#   Increase physical memory or swap space
#   Check if swap backing store is full
#   Decrease Java heap size (-Xmx/-Xms)
#   Decrease number of Java threads
#   Decrease Java thread stack sizes (-Xss)
#   Set larger code cache with -XX:ReservedCodeCacheSize=
#   JVM is running with Unscaled Compressed Oops mode in which the Java heap is
#     placed in the first 4GB address space. The Java Heap base address is the
#     maximum limit for the native heap growth. Please use -XX:HeapBaseMinAddress
#     to set the Java Heap base and to place the Java Heap above 4GB virtual address.
# This output file may be truncated or incomplete.
#
#  Out of Memory Error (allocation.cpp:272), pid=11156, tid=0x0000000000002b2c
#
# JRE version: OpenJDK Runtime Environment (8.0_212-b04) (build 1.8.0_212-release-1586-b04)
# Java VM: OpenJDK 64-Bit Server VM (25.212-b04 mixed mode windows-amd64 compressed oops)
# Failed to write core dump. Minidumps are not enabled by default on client versions of Windows
#

---------------  T H R E A D  ---------------

Current thread (0x0000000018d1b800):  JavaThread "C1 CompilerThread3" daemon [_thread_in_native, id=11052, stack(0x00000000198d0000,0x00000000199d0000)]

Stack: [0x00000000198d0000,0x00000000199d0000]
[error occurred during error reporting (printing stack bounds), id 0xc0000005]

Native frames: (J=compiled Java code, j=interpreted, Vv=VM code, C=native code)


Current CompileTask:
C1:   5587 4031       3       java.lang.invoke.MethodHandles$Lookup::checkSecurityManager (87 bytes)


---------------  P R O C E S S  ---------------

Java Threads: ( => current thread )
  0x000000001f05e800 JavaThread "Build operations Thread 8" [_thread_blocked, id=4628, stack(0x00000000247a0000,0x00000000248a0000)]
  0x000000001f05b800 JavaThread "Build operations Thread 7" [_thread_blocked, id=11256, stack(0x00000000246a0000,0x00000000247a0000)]
  0x000000001f054000 JavaThread "Build operations Thread 6" [_thread_blocked, id=14208, stack(0x00000000245a0000,0x00000000246a0000)]
  0x000000001f05b000 JavaThread "Build operations Thread 5" [_thread_blocked, id=6776, stack(0x00000000244a0000,0x00000000245a0000)]
  0x000000001f05a000 JavaThread "Build operations Thread 4" [_thread_blocked, id=8604, stack(0x00000000243a0000,0x00000000244a0000)]
  0x000000001f058000 JavaThread "Build operations Thread 3" [_thread_blocked, id=6276, stack(0x00000000242a0000,0x00000000243a0000)]
  0x000000001f057000 JavaThread "Build operations Thread 2" [_thread_blocked, id=7128, stack(0x00000000241a0000,0x00000000242a0000)]
  0x000000001f059800 JavaThread "Build operations" [_thread_blocked, id=4000, stack(0x0000000022c90000,0x0000000022d90000)]
  0x000000001f055800 JavaThread "Cache worker for execution history cache (C:\Users\Caner\.gradle\caches\5.6.4\executionHistory)" [_thread_blocked, id=5080, stack(0x0000000021790000,0x0000000021890000)]
  0x000000001f055000 JavaThread "Cache worker for cache directory md-rule (C:\Users\Caner\.gradle\caches\5.6.4\md-rule)" [_thread_blocked, id=10008, stack(0x0000000021690000,0x0000000021790000)]
  0x0000000019d0a000 JavaThread "Cache worker for cache directory md-supplier (C:\Users\Caner\.gradle\caches\5.6.4\md-supplier)" [_thread_blocked, id=9664, stack(0x0000000021330000,0x0000000021430000)]
  0x0000000019d04000 JavaThread "Cache worker for file hash cache (C:\Users\Caner\AndroidStudioProjects\MobilProgramlama\.gradle\5.6.4\fileHashes)" [_thread_blocked, id=3420, stack(0x000000001fdb0000,0x000000001feb0000)]
  0x0000000019d0a800 JavaThread "Cache worker for journal cache (C:\Users\Caner\.gradle\caches\journal-1)" [_thread_blocked, id=6736, stack(0x000000001db10000,0x000000001dc10000)]
  0x0000000019d08800 JavaThread "File lock request listener" [_thread_in_native, id=5228, stack(0x000000001da10000,0x000000001db10000)]
  0x0000000019d07800 JavaThread "Cache worker for file hash cache (C:\Users\Caner\.gradle\caches\5.6.4\fileHashes)" [_thread_blocked, id=12752, stack(0x000000001d710000,0x000000001d810000)]
  0x000000001b7f4800 JavaThread "Thread-9" [_thread_blocked, id=3740, stack(0x000000001d610000,0x000000001d710000)]
  0x000000001b7ea800 JavaThread "Stdin handler" [_thread_blocked, id=9712, stack(0x000000001d510000,0x000000001d610000)]
  0x000000001b82f000 JavaThread "Asynchronous log dispatcher for DefaultDaemonConnection: socket connection from /127.0.0.1:51787 to /127.0.0.1:51788" [_thread_blocked, id=472, stack(0x000000001d310000,0x000000001d410000)]
  0x000000001b811800 JavaThread "Daemon worker" [_thread_in_vm, id=10788, stack(0x000000001d210000,0x000000001d310000)]
  0x000000001b82a800 JavaThread "Cancel handler" [_thread_blocked, id=6124, stack(0x000000001d110000,0x000000001d210000)]
  0x000000001b7c5800 JavaThread "Handler for socket connection from /127.0.0.1:51787 to /127.0.0.1:51788" [_thread_in_native, id=7624, stack(0x000000001ce10000,0x000000001cf10000)]
  0x000000001b7bd800 JavaThread "Daemon" [_thread_blocked, id=10660, stack(0x000000001cd10000,0x000000001ce10000)]
  0x000000001b76c800 JavaThread "Daemon periodic checks" [_thread_blocked, id=3848, stack(0x000000001cc10000,0x000000001cd10000)]
  0x000000001b76b800 JavaThread "Incoming local TCP Connector on port 51787" [_thread_in_native, id=2792, stack(0x000000001c9d0000,0x000000001cad0000)]
  0x0000000018f6e800 JavaThread "Daemon health stats" [_thread_blocked, id=9032, stack(0x000000001c370000,0x000000001c470000)]
  0x0000000018da7000 JavaThread "Service Thread" daemon [_thread_blocked, id=6128, stack(0x00000000199d0000,0x0000000019ad0000)]
=>0x0000000018d1b800 JavaThread "C1 CompilerThread3" daemon [_thread_in_native, id=11052, stack(0x00000000198d0000,0x00000000199d0000)]
  0x0000000016f1e800 JavaThread "C2 CompilerThread2" daemon [_thread_in_native, id=12804, stack(0x00000000197d0000,0x00000000198d0000)]
  0x0000000016f1d000 JavaThread "C2 CompilerThread1" daemon [_thread_in_native, id=14176, stack(0x00000000196d0000,0x00000000197d0000)]
  0x0000000016f18000 JavaThread "C2 CompilerThread0" daemon [_thread_in_native, id=4260, stack(0x00000000195d0000,0x00000000196d0000)]
  0x0000000018d14000 JavaThread "Attach Listener" daemon [_thread_blocked, id=10356, stack(0x00000000194d0000,0x00000000195d0000)]
  0x0000000018d13000 JavaThread "Signal Dispatcher" daemon [_thread_blocked, id=6420, stack(0x00000000193d0000,0x00000000194d0000)]
  0x0000000018d01000 JavaThread "Finalizer" daemon [_thread_blocked, id=7036, stack(0x00000000191e0000,0x00000000192e0000)]
  0x0000000018d00800 JavaThread "Reference Handler" daemon [_thread_blocked, id=14204, stack(0x00000000190e0000,0x00000000191e0000)]
  0x0000000002eed800 JavaThread "main" [_thread_blocked, id=8616, stack(0x0000000002f50000,0x0000000003050000)]

Other Threads:
  0x0000000016f06000 VMThread [stack: 0x0000000018be0000,0x0000000018ce0000] [id=6992]
  0x0000000018da8000 WatcherThread [stack: 0x0000000019ad0000,0x0000000019bd0000] [id=6192]

VM state:not at safepoint (normal execution)

VM Mutex/Monitor currently owned by a thread: None

heap address: 0x00000000a0000000, size: 1536 MB, Compressed Oops mode: 32-bit
Narrow klass base: 0x0000000000000000, Narrow klass shift: 3
Compressed class space size: 1073741824 Address: 0x0000000100000000

Heap:
 PSYoungGen      total 75776K, used 23918K [0x00000000e0000000, 0x00000000e7180000, 0x0000000100000000)
  eden space 64512K, 24% used [0x00000000e0000000,0x00000000e0f47648,0x00000000e3f00000)
  from space 11264K, 73% used [0x00000000e3f00000,0x00000000e4714310,0x00000000e4a00000)
  to   space 12800K, 0% used [0x00000000e6500000,0x00000000e6500000,0x00000000e7180000)
 ParOldGen       total 61440K, used 16189K [0x00000000a0000000, 0x00000000a3c00000, 0x00000000e0000000)
  object space 61440K, 26% used [0x00000000a0000000,0x00000000a0fcf7d8,0x00000000a3c00000)
 Metaspace       used 43128K, capacity 44414K, committed 44584K, reserved 1087488K
  class space    used 5802K, capacity 6130K, committed 6184K, reserved 1048576K

Card table byte_map: [0x0000000012510000,0x0000000012820000] byte_map_base: 0x0000000012010000

Marking Bits: (ParMarkBitMap*) 0x0000000074f99f30
 Begin Bits: [0x0000000013220000, 0x0000000014a20000)
 End Bits:   [0x0000000014a20000, 0x0000000016220000)

Polling page: 0x0000000002ec0000

CodeCache: size=245760Kb used=12831Kb max_used=13799Kb free=232928Kb
 bounds [0x0000000003150000, 0x0000000003ee0000, 0x0000000012150000]
 total_blobs=4494 nmethods=3726 adapters=680
 compilation: enabled

Compilation events (10 events):
Event: 5.540 Thread 0x0000000016f1d000 4023       4       java.security.CodeSource::matchCerts (254 bytes)
Event: 5.541 Thread 0x0000000016f1d000 nmethod 4023 0x00000000032e5e10 code [0x00000000032e5f60, 0x00000000032e6058]
Event: 5.541 Thread 0x0000000016f1d000 4025       4       java.security.CodeSource::<init> (40 bytes)
Event: 5.542 Thread 0x0000000016f1d000 nmethod 4025 0x0000000003765650 code [0x0000000003765780, 0x0000000003765818]
Event: 5.570 Thread 0x0000000016f1d000 4028   !   4       java.util.concurrent.ConcurrentHashMap::putVal (362 bytes)
Event: 5.585 Thread 0x0000000018d1b800 4030       3       java.lang.invoke.MethodHandles$Lookup::<init> (15 bytes)
Event: 5.585 Thread 0x0000000018d1b800 nmethod 4030 0x0000000003268310 code [0x0000000003268460, 0x0000000003268630]
Event: 5.585 Thread 0x0000000018d1b800 4032       3       java.lang.invoke.MemberName::isCallerSensitive (7 bytes)
Event: 5.586 Thread 0x0000000018d1b800 nmethod 4032 0x0000000003282b90 code [0x0000000003282d00, 0x0000000003282f70]
Event: 5.586 Thread 0x0000000018d1b800 4031       3       java.lang.invoke.MethodHandles$Lookup::checkSecurityManager (87 bytes)

GC Heap History (10 events):
Event: 3.663 GC heap before
{Heap before GC invocations=9 (full 1):
 PSYoungGen      total 75776K, used 71790K [0x00000000e0000000, 0x00000000e5600000, 0x0000000100000000)
  eden space 64512K, 100% used [0x00000000e0000000,0x00000000e3f00000,0x00000000e3f00000)
  from space 11264K, 64% used [0x00000000e3f00000,0x00000000e461ba68,0x00000000e4a00000)
  to   space 10240K, 0% used [0x00000000e4a00000,0x00000000e4a00000,0x00000000e5400000)
 ParOldGen       total 61440K, used 9743K [0x00000000a0000000, 0x00000000a3c00000, 0x00000000e0000000)
  object space 61440K, 15% used [0x00000000a0000000,0x00000000a0983c40,0x00000000a3c00000)
 Metaspace       used 31855K, capacity 32576K, committed 32768K, reserved 1077248K
  class space    used 4306K, capacity 4547K, committed 4608K, reserved 1048576K
Event: 3.671 GC heap after
Heap after GC invocations=9 (full 1):
 PSYoungGen      total 74752K, used 8461K [0x00000000e0000000, 0x00000000e5600000, 0x0000000100000000)
  eden space 64512K, 0% used [0x00000000e0000000,0x00000000e0000000,0x00000000e3f00000)
  from space 10240K, 82% used [0x00000000e4a00000,0x00000000e52434d0,0x00000000e5400000)
  to   space 11264K, 0% used [0x00000000e3f00000,0x00000000e3f00000,0x00000000e4a00000)
 ParOldGen       total 61440K, used 9751K [0x00000000a0000000, 0x00000000a3c00000, 0x00000000e0000000)
  object space 61440K, 15% used [0x00000000a0000000,0x00000000a0985c40,0x00000000a3c00000)
 Metaspace       used 31855K, capacity 32576K, committed 32768K, reserved 1077248K
  class space    used 4306K, capacity 4547K, committed 4608K, reserved 1048576K
}
Event: 4.204 GC heap before
{Heap before GC invocations=10 (full 1):
 PSYoungGen      total 74752K, used 72973K [0x00000000e0000000, 0x00000000e5600000, 0x0000000100000000)
  eden space 64512K, 100% used [0x00000000e0000000,0x00000000e3f00000,0x00000000e3f00000)
  from space 10240K, 82% used [0x00000000e4a00000,0x00000000e52434d0,0x00000000e5400000)
  to   space 11264K, 0% used [0x00000000e3f00000,0x00000000e3f00000,0x00000000e4a00000)
 ParOldGen       total 61440K, used 9751K [0x00000000a0000000, 0x00000000a3c00000, 0x00000000e0000000)
  object space 61440K, 15% used [0x00000000a0000000,0x00000000a0985c40,0x00000000a3c00000)
 Metaspace       used 34596K, capacity 35344K, committed 35496K, reserved 1079296K
  class space    used 4769K, capacity 4995K, committed 5032K, reserved 1048576K
Event: 4.218 GC heap after
Heap after GC invocations=10 (full 1):
 PSYoungGen      total 75776K, used 11252K [0x00000000e0000000, 0x00000000e5600000, 0x0000000100000000)
  eden space 64512K, 0% used [0x00000000e0000000,0x00000000e0000000,0x00000000e3f00000)
  from space 11264K, 99% used [0x00000000e3f00000,0x00000000e49fd320,0x00000000e4a00000)
  to   space 10240K, 0% used [0x00000000e4a00000,0x00000000e4a00000,0x00000000e5400000)
 ParOldGen       total 61440K, used 9864K [0x00000000a0000000, 0x00000000a3c00000, 0x00000000e0000000)
  object space 61440K, 16% used [0x00000000a0000000,0x00000000a09a2018,0x00000000a3c00000)
 Metaspace       used 34596K, capacity 35344K, committed 35496K, reserved 1079296K
  class space    used 4769K, capacity 4995K, committed 5032K, reserved 1048576K
}
Event: 4.248 GC heap before
{Heap before GC invocations=11 (full 1):
 PSYoungGen      total 75776K, used 14824K [0x00000000e0000000, 0x00000000e5600000, 0x0000000100000000)
  eden space 64512K, 5% used [0x00000000e0000000,0x00000000e037d098,0x00000000e3f00000)
  from space 11264K, 99% used [0x00000000e3f00000,0x00000000e49fd320,0x00000000e4a00000)
  to   space 10240K, 0% used [0x00000000e4a00000,0x00000000e4a00000,0x00000000e5400000)
 ParOldGen       total 61440K, used 9864K [0x00000000a0000000, 0x00000000a3c00000, 0x00000000e0000000)
  object space 61440K, 16% used [0x00000000a0000000,0x00000000a09a2018,0x00000000a3c00000)
 Metaspace       used 34745K, capacity 35426K, committed 35496K, reserved 1079296K
  class space    used 4789K, capacity 4998K, committed 5032K, reserved 1048576K
Event: 4.257 GC heap after
Heap after GC invocations=11 (full 1):
 PSYoungGen      total 74752K, used 3440K [0x00000000e0000000, 0x00000000e5600000, 0x0000000100000000)
  eden space 64512K, 0% used [0x00000000e0000000,0x00000000e0000000,0x00000000e3f00000)
  from space 10240K, 33% used [0x00000000e4a00000,0x00000000e4d5c2f0,0x00000000e5400000)
  to   space 11264K, 0% used [0x00000000e3f00000,0x00000000e3f00000,0x00000000e4a00000)
 ParOldGen       total 61440K, used 15521K [0x00000000a0000000, 0x00000000a3c00000, 0x00000000e0000000)
  object space 61440K, 25% used [0x00000000a0000000,0x00000000a0f286e8,0x00000000a3c00000)
 Metaspace       used 34745K, capacity 35426K, committed 35496K, reserved 1079296K
  class space    used 4789K, capacity 4998K, committed 5032K, reserved 1048576K
}
Event: 4.257 GC heap before
{Heap before GC invocations=12 (full 2):
 PSYoungGen      total 74752K, used 3440K [0x00000000e0000000, 0x00000000e5600000, 0x0000000100000000)
  eden space 64512K, 0% used [0x00000000e0000000,0x00000000e0000000,0x00000000e3f00000)
  from space 10240K, 33% used [0x00000000e4a00000,0x00000000e4d5c2f0,0x00000000e5400000)
  to   space 11264K, 0% used [0x00000000e3f00000,0x00000000e3f00000,0x00000000e4a00000)
 ParOldGen       total 61440K, used 15521K [0x00000000a0000000, 0x00000000a3c00000, 0x00000000e0000000)
  object space 61440K, 25% used [0x00000000a0000000,0x00000000a0f286e8,0x00000000a3c00000)
 Metaspace       used 34745K, capacity 35426K, committed 35496K, reserved 1079296K
  class space    used 4789K, capacity 4998K, committed 5032K, reserved 1048576K
Event: 4.333 GC heap after
Heap after GC invocations=12 (full 2):
 PSYoungGen      total 74752K, used 0K [0x00000000e0000000, 0x00000000e5600000, 0x0000000100000000)
  eden space 64512K, 0% used [0x00000000e0000000,0x00000000e0000000,0x00000000e3f00000)
  from space 10240K, 0% used [0x00000000e4a00000,0x00000000e4a00000,0x00000000e5400000)
  to   space 11264K, 0% used [0x00000000e3f00000,0x00000000e3f00000,0x00000000e4a00000)
 ParOldGen       total 61440K, used 16181K [0x00000000a0000000, 0x00000000a3c00000, 0x00000000e0000000)
  object space 61440K, 26% used [0x00000000a0000000,0x00000000a0fcd7d8,0x00000000a3c00000)
 Metaspace       used 34745K, capacity 35426K, committed 35496K, reserved 1079296K
  class space    used 4789K, capacity 4998K, committed 5032K, reserved 1048576K
}
Event: 5.373 GC heap before
{Heap before GC invocations=13 (full 2):
 PSYoungGen      total 74752K, used 64512K [0x00000000e0000000, 0x00000000e5600000, 0x0000000100000000)
  eden space 64512K, 100% used [0x00000000e0000000,0x00000000e3f00000,0x00000000e3f00000)
  from space 10240K, 0% used [0x00000000e4a00000,0x00000000e4a00000,0x00000000e5400000)
  to   space 11264K, 0% used [0x00000000e3f00000,0x00000000e3f00000,0x00000000e4a00000)
 ParOldGen       total 61440K, used 16181K [0x00000000a0000000, 0x00000000a3c00000, 0x00000000e0000000)
  object space 61440K, 26% used [0x00000000a0000000,0x00000000a0fcd7d8,0x00000000a3c00000)
 Metaspace       used 40872K, capacity 42120K, committed 42280K, reserved 1085440K
  class space    used 5531K, capacity 5812K, committed 5928K, reserved 1048576K
Event: 5.379 GC heap after
Heap after GC invocations=13 (full 2):
 PSYoungGen      total 75776K, used 8272K [0x00000000e0000000, 0x00000000e7180000, 0x0000000100000000)
  eden space 64512K, 0% used [0x00000000e0000000,0x00000000e0000000,0x00000000e3f00000)
  from space 11264K, 73% used [0x00000000e3f00000,0x00000000e4714310,0x00000000e4a00000)
  to   space 12800K, 0% used [0x00000000e6500000,0x00000000e6500000,0x00000000e7180000)
 ParOldGen       total 61440K, used 16189K [0x00000000a0000000, 0x00000000a3c00000, 0x00000000e0000000)
  object space 61440K, 26% used [0x00000000a0000000,0x00000000a0fcf7d8,0x00000000a3c00000)
 Metaspace       used 40872K, capacity 42120K, committed 42280K, reserved 1085440K
  class space    used 5531K, capacity 5812K, committed 5928K, reserved 1048576K
}

Deoptimization events (10 events):
Event: 5.258 Thread 0x000000001b811800 Uncommon trap: reason=bimorphic action=maybe_recompile pc=0x0000000003c2c304 method=java.util.Objects.equals(Ljava/lang/Object;Ljava/lang/Object;)Z @ 11
Event: 5.258 Thread 0x000000001b811800 Uncommon trap: reason=bimorphic action=maybe_recompile pc=0x0000000003c2c304 method=java.util.Objects.equals(Ljava/lang/Object;Ljava/lang/Object;)Z @ 11
Event: 5.296 Thread 0x000000001b811800 Uncommon trap: reason=unstable_if action=reinterpret pc=0x000000000341dd90 method=java.util.regex.Pattern.has(I)Z @ 6
Event: 5.340 Thread 0x000000001b811800 Uncommon trap: reason=bimorphic action=maybe_recompile pc=0x0000000003b8f908 method=java.util.Arrays.binarySearch0([Ljava/lang/Object;IILjava/lang/Object;Ljava/util/Comparator;)I @ 48
Event: 5.340 Thread 0x000000001b811800 Uncommon trap: reason=bimorphic action=maybe_recompile pc=0x0000000003b8f908 method=java.util.Arrays.binarySearch0([Ljava/lang/Object;IILjava/lang/Object;Ljava/util/Comparator;)I @ 48
Event: 5.340 Thread 0x000000001b811800 Uncommon trap: reason=bimorphic action=maybe_recompile pc=0x0000000003b8f908 method=java.util.Arrays.binarySearch0([Ljava/lang/Object;IILjava/lang/Object;Ljava/util/Comparator;)I @ 48
Event: 5.341 Thread 0x000000001b811800 Uncommon trap: reason=bimorphic action=maybe_recompile pc=0x0000000003b8f908 method=java.util.Arrays.binarySearch0([Ljava/lang/Object;IILjava/lang/Object;Ljava/util/Comparator;)I @ 48
Event: 5.404 Thread 0x000000001b811800 Uncommon trap: reason=unstable_if action=reinterpret pc=0x0000000003ea6d8c method=java.security.CodeSource.hashCode()I @ 4
Event: 5.411 Thread 0x000000001b811800 Uncommon trap: reason=unstable_if action=reinterpret pc=0x0000000003d72f00 method=jdk.internal.org.objectweb.asm.Type.getArgumentsAndReturnSizes(Ljava/lang/String;)I @ 47
Event: 5.412 Thread 0x000000001b811800 Uncommon trap: reason=unstable_if action=reinterpret pc=0x0000000003d29784 method=jdk.internal.org.objectweb.asm.Type.getArgumentsAndReturnSizes(Ljava/lang/String;)I @ 47

Classes redefined (0 events):
No events

Internal exceptions (10 events):
Event: 4.806 Thread 0x000000001b811800 Exception <a 'java/lang/ClassNotFoundException': org/gradle/api/DefaultTaskBeanInfo> (0x00000000e1dd2248) thrown at [D:\src\AOSP-openjdk-cygwin\jdk8u\hotspot\src\share\vm\classfile\systemDictionary.cpp, line 210]
Event: 4.807 Thread 0x000000001b811800 Exception <a 'java/lang/ClassNotFoundException': org/gradle/api/internal/AbstractTaskBeanInfo> (0x00000000e1e04130) thrown at [D:\src\AOSP-openjdk-cygwin\jdk8u\hotspot\src\share\vm\classfile\systemDictionary.cpp, line 210]
Event: 4.807 Thread 0x000000001b811800 Exception <a 'java/lang/ClassNotFoundException': org/gradle/api/internal/AbstractTaskCustomizer> (0x00000000e1e36de8) thrown at [D:\src\AOSP-openjdk-cygwin\jdk8u\hotspot\src\share\vm\classfile\systemDictionary.cpp, line 210]
Event: 4.809 Thread 0x000000001b811800 Exception <a 'java/lang/ClassNotFoundException': org/gradle/api/DefaultTaskCustomizer> (0x00000000e1ec2e60) thrown at [D:\src\AOSP-openjdk-cygwin\jdk8u\hotspot\src\share\vm\classfile\systemDictionary.cpp, line 210]
Event: 4.810 Thread 0x000000001b811800 Exception <a 'java/lang/ClassNotFoundException': org/gradle/api/internal/ConventionTaskCustomizer> (0x00000000e1f05458) thrown at [D:\src\AOSP-openjdk-cygwin\jdk8u\hotspot\src\share\vm\classfile\systemDictionary.cpp, line 210]
Event: 4.810 Thread 0x000000001b811800 Exception <a 'java/lang/ClassNotFoundException': org/gradle/api/tasks/DeleteCustomizer> (0x00000000e1f444a0) thrown at [D:\src\AOSP-openjdk-cygwin\jdk8u\hotspot\src\share\vm\classfile\systemDictionary.cpp, line 210]
Event: 4.811 Thread 0x000000001b811800 Exception <a 'java/lang/ClassNotFoundException': org/gradle/api/tasks/Delete_DecoratedCustomizer> (0x00000000e1f91130) thrown at [D:\src\AOSP-openjdk-cygwin\jdk8u\hotspot\src\share\vm\classfile\systemDictionary.cpp, line 210]
Event: 5.183 Thread 0x000000001b811800 Exception <a 'java/lang/ClassNotFoundException': build_7btfgnoentj97t1uau25wguexBeanInfo> (0x00000000e3463078) thrown at [D:\src\AOSP-openjdk-cygwin\jdk8u\hotspot\src\share\vm\classfile\systemDictionary.cpp, line 210]
Event: 5.183 Thread 0x000000001b811800 Exception <a 'java/lang/ClassNotFoundException': build_7btfgnoentj97t1uau25wguexCustomizer> (0x00000000e346fa88) thrown at [D:\src\AOSP-openjdk-cygwin\jdk8u\hotspot\src\share\vm\classfile\systemDictionary.cpp, line 210]
Event: 5.404 Thread 0x000000001b811800 Implicit null exception at 0x0000000003ea6a95 to 0x0000000003ea6d7d

Events (10 events):
Event: 5.580 loading class com/google/common/hash/MessageDigestHashFunction$MessageDigestHasher
Event: 5.580 loading class com/google/common/hash/MessageDigestHashFunction$MessageDigestHasher done
Event: 5.581 loading class com/google/common/hash/AbstractByteHasher
Event: 5.581 loading class com/google/common/hash/AbstractByteHasher done
Event: 5.582 loading class com/google/common/hash/AbstractHasher
Event: 5.582 loading class com/google/common/hash/AbstractHasher done
Event: 5.584 loading class java/time/zone/ZoneOffsetTransitionRule
Event: 5.584 loading class java/time/zone/ZoneOffsetTransitionRule done
Event: 5.585 loading class java/time/temporal/TemporalQueries
Event: 5.585 loading class java/time/temporal/TemporalQueries done


Dynamic libraries:
0x00007ff785270000 - 0x00007ff7852a1000 	C:\Program Files\Android\Android Studio\jre\bin\java.exe
0x00007fffb3540000 - 0x00007fffb3730000 	C:\Windows\SYSTEM32\ntdll.dll
0x00007fffb33d0000 - 0x00007fffb3482000 	C:\Windows\System32\KERNEL32.DLL
0x00007fffb0f00000 - 0x00007fffb11a3000 	C:\Windows\System32\KERNELBASE.dll
0x00007fffb1a50000 - 0x00007fffb1af3000 	C:\Windows\System32\ADVAPI32.dll
0x00007fffb1650000 - 0x00007fffb16ee000 	C:\Windows\System32\msvcrt.dll
0x00007fffb3260000 - 0x00007fffb32f7000 	C:\Windows\System32\sechost.dll
0x00007fffb2c40000 - 0x00007fffb2d60000 	C:\Windows\System32\RPCRT4.dll
0x00007fffb2d60000 - 0x00007fffb2ef4000 	C:\Windows\System32\USER32.dll
0x00007fffb1450000 - 0x00007fffb1471000 	C:\Windows\System32\win32u.dll
0x00007fffb17a0000 - 0x00007fffb17c6000 	C:\Windows\System32\GDI32.dll
0x00007fffb12b0000 - 0x00007fffb1444000 	C:\Windows\System32\gdi32full.dll
0x00007fffb0e60000 - 0x00007fffb0efe000 	C:\Windows\System32\msvcp_win.dll
0x00007fffb11b0000 - 0x00007fffb12aa000 	C:\Windows\System32\ucrtbase.dll
0x00007fff9b0b0000 - 0x00007fff9b335000 	C:\Windows\WinSxS\amd64_microsoft.windows.common-controls_6595b64144ccf1df_6.0.18362.720_none_e6beb5c51314836b\COMCTL32.dll
0x00007fffb1b80000 - 0x00007fffb1eb6000 	C:\Windows\System32\combase.dll
0x00007fffb0de0000 - 0x00007fffb0e60000 	C:\Windows\System32\bcryptPrimitives.dll
0x00007fffb1ec0000 - 0x00007fffb1eee000 	C:\Windows\System32\IMM32.DLL
0x0000000074610000 - 0x00000000746e2000 	C:\Program Files\Android\Android Studio\jre\jre\bin\msvcr100.dll
0x00000000747d0000 - 0x0000000075016000 	C:\Program Files\Android\Android Studio\jre\jre\bin\server\jvm.dll
0x00007fffb3490000 - 0x00007fffb3498000 	C:\Windows\System32\PSAPI.DLL
0x00007fffab070000 - 0x00007fffab079000 	C:\Windows\SYSTEM32\WSOCK32.dll
0x00007fffaae90000 - 0x00007fffaaeb4000 	C:\Windows\SYSTEM32\WINMM.dll
0x00007fffa72d0000 - 0x00007fffa72da000 	C:\Windows\SYSTEM32\VERSION.dll
0x00007fffb1980000 - 0x00007fffb19ef000 	C:\Windows\System32\WS2_32.dll
0x00007fffaae60000 - 0x00007fffaae8d000 	C:\Windows\SYSTEM32\WINMMBASE.dll
0x00007fffb04d0000 - 0x00007fffb051a000 	C:\Windows\System32\cfgmgr32.dll
0x00007fffa95d0000 - 0x00007fffa95df000 	C:\Program Files\Android\Android Studio\jre\jre\bin\verify.dll
0x00007fff7e6c0000 - 0x00007fff7e6e9000 	C:\Program Files\Android\Android Studio\jre\jre\bin\java.dll
0x00007fffa8340000 - 0x00007fffa8356000 	C:\Program Files\Android\Android Studio\jre\jre\bin\zip.dll
0x00007fffb24d0000 - 0x00007fffb2bb5000 	C:\Windows\System32\SHELL32.dll
0x00007fffb2f00000 - 0x00007fffb2fa9000 	C:\Windows\System32\shcore.dll
0x00007fffb0520000 - 0x00007fffb0ca0000 	C:\Windows\System32\windows.storage.dll
0x00007fffb0430000 - 0x00007fffb0453000 	C:\Windows\System32\profapi.dll
0x00007fffb0460000 - 0x00007fffb04aa000 	C:\Windows\System32\powrprof.dll
0x00007fffb0400000 - 0x00007fffb0410000 	C:\Windows\System32\UMPDC.dll
0x00007fffb15f0000 - 0x00007fffb1642000 	C:\Windows\System32\shlwapi.dll
0x00007fffb0410000 - 0x00007fffb0421000 	C:\Windows\System32\kernel.appcore.dll
0x00007fffb1480000 - 0x00007fffb1497000 	C:\Windows\System32\cryptsp.dll
0x00007fff8a960000 - 0x00007fff8a97a000 	C:\Program Files\Android\Android Studio\jre\jre\bin\net.dll
0x00007fff9f330000 - 0x00007fff9f505000 	C:\Windows\SYSTEM32\urlmon.dll
0x00007fff9bdc0000 - 0x00007fff9c066000 	C:\Windows\SYSTEM32\iertutil.dll
0x00007fffafe40000 - 0x00007fffafe4c000 	C:\Windows\SYSTEM32\CRYPTBASE.DLL
0x00007fffafc70000 - 0x00007fffafcd7000 	C:\Windows\system32\mswsock.dll
0x00007fff87170000 - 0x00007fff87183000 	C:\Program Files\Android\Android Studio\jre\jre\bin\nio.dll
0x00007fff8d730000 - 0x00007fff8d756000 	C:\Users\Caner\.gradle\native\30\windows-amd64\native-platform.dll
0x00007fffa85b0000 - 0x00007fffa85bd000 	C:\Program Files\Android\Android Studio\jre\jre\bin\management.dll
0x00007fffaf7e0000 - 0x00007fffaf813000 	C:\Windows\system32\rsaenh.dll
0x00007fffb0d50000 - 0x00007fffb0d76000 	C:\Windows\System32\bcrypt.dll
0x00007fffb0320000 - 0x00007fffb0345000 	C:\Windows\SYSTEM32\USERENV.dll
0x00007fffaf980000 - 0x00007fffaf9ba000 	C:\Windows\SYSTEM32\IPHLPAPI.DLL
0x00007fffb3250000 - 0x00007fffb3258000 	C:\Windows\System32\NSI.dll
0x00007fffa5180000 - 0x00007fffa5196000 	C:\Windows\SYSTEM32\dhcpcsvc6.DLL
0x00007fffa4560000 - 0x00007fffa457c000 	C:\Windows\SYSTEM32\dhcpcsvc.DLL
0x00007fffaf9c0000 - 0x00007fffafa8a000 	C:\Windows\SYSTEM32\DNSAPI.dll

VM Arguments:
jvm_args: -Xmx1536m -Dfile.encoding=windows-1254 -Duser.country=TR -Duser.language=tr -Duser.variant 
java_command: org.gradle.launcher.daemon.bootstrap.GradleDaemon 5.6.4
java_class_path (initial): C:\Users\Caner\.gradle\wrapper\dists\gradle-5.6.4-all\ankdp27end7byghfw1q2sw75f\gradle-5.6.4\lib\gradle-launcher-5.6.4.jar
Launcher Type: SUN_STANDARD

Environment Variables:
PATH=C:\Windows\system32;C:\Windows;C:\Windows\System32\Wbem;C:\Windows\System32\WindowsPowerShell\v1.0\;C:\Windows\System32\OpenSSH\;C:\Windows\system32;C:\Windows;C:\Windows\System32\Wbem;C:\Windows\System32\WindowsPowerShell\v1.0\;C:\Windows\System32\OpenSSH\;C:\Users\Caner\AppData\Local\Programs\Python\Python37\Scripts\;C:\Users\Caner\AppData\Local\Programs\Python\Python37\;C:\Users\Caner\AppData\Local\Microsoft\WindowsApps;;C:\Users\Caner\AppData\Local\Android\Sdk\platform-tools;;C:\Users\Caner\AppData\Local\Programs\Microsoft VS Code\bin
USERNAME=Caner
OS=Windows_NT
PROCESSOR_IDENTIFIER=Intel64 Family 6 Model 126 Stepping 5, GenuineIntel



---------------  S Y S T E M  ---------------

OS: Windows 10.0 , 64 bit Build 18362 (10.0.18362.329)

CPU:total 8 (initial active 8) (4 cores per cpu, 2 threads per core) family 6 model 126 stepping 5, cmov, cx8, fxsr, mmx, sse, sse2, sse3, ssse3, sse4.1, sse4.2, popcnt, avx, avx2, aes, clmul, erms, 3dnowpref, lzcnt, ht, tsc, tscinvbit, bmi1, bmi2, adx

Memory: 4k page, physical 8165168k(2204912k free), swap 8427308k(5352k free)

vm_info: OpenJDK 64-Bit Server VM (25.212-b04) for windows-amd64 JRE (1.8.0_212-release-1586-b04), built by "builder" with MS VC++ 10.0 (VS2010)

time: Sat Mar 21 19:43:23 2020
timezone: Türkiye Standart Saati
elapsed time: 5 seconds (0d 0h 0m 5s)

