#
# There is insufficient memory for the Java Runtime Environment to continue.
# Native memory allocation (malloc) failed to allocate 502480 bytes for Chunk::new
# Possible reasons:
#   The system is out of physical RAM or swap space
#   The process is running with CompressedOops enabled, and the Java Heap may be blocking the growth of the native heap
# Possible solutions:
#   Reduce memory load on the system
#   Increase physical memory or swap space
#   Check if swap backing store is full
#   Decrease Java heap size (-Xmx/-Xms)
#   Decrease number of Java threads
#   Decrease Java thread stack sizes (-Xss)
#   Set larger code cache with -XX:ReservedCodeCacheSize=
#   JVM is running with Unscaled Compressed Oops mode in which the Java heap is
#     placed in the first 4GB address space. The Java Heap base address is the
#     maximum limit for the native heap growth. Please use -XX:HeapBaseMinAddress
#     to set the Java Heap base and to place the Java Heap above 4GB virtual address.
# This output file may be truncated or incomplete.
#
#  Out of Memory Error (allocation.cpp:389), pid=10808, tid=0x0000000000003648
#
# JRE version: OpenJDK Runtime Environment (8.0_212-b04) (build 1.8.0_212-release-1586-b04)
# Java VM: OpenJDK 64-Bit Server VM (25.212-b04 mixed mode windows-amd64 compressed oops)
# Failed to write core dump. Minidumps are not enabled by default on client versions of Windows
#

---------------  T H R E A D  ---------------

Current thread (0x000000001887e800):  JavaThread "C2 CompilerThread2" daemon [_thread_in_native, id=13896, stack(0x0000000019330000,0x0000000019430000)]

Stack: [0x0000000019330000,0x0000000019430000]
[error occurred during error reporting (printing stack bounds), id 0xc0000005]

Native frames: (J=compiled Java code, j=interpreted, Vv=VM code, C=native code)


Current CompileTask:
C2:   5814 3311       4       groovy.lang.MetaClassImpl::checkIfStdMethod (178 bytes)


---------------  P R O C E S S  ---------------

Java Threads: ( => current thread )
  0x000000001daea000 JavaThread "Cache worker for execution history cache (C:\Users\Caner\.gradle\caches\5.6.4\executionHistory)" [_thread_blocked, id=8104, stack(0x0000000021460000,0x0000000021560000)]
  0x000000001dae9000 JavaThread "Cache worker for cache directory md-rule (C:\Users\Caner\.gradle\caches\5.6.4\md-rule)" [_thread_blocked, id=9172, stack(0x0000000021360000,0x0000000021460000)]
  0x000000001a07a800 JavaThread "Cache worker for cache directory md-supplier (C:\Users\Caner\.gradle\caches\5.6.4\md-supplier)" [_thread_blocked, id=9392, stack(0x0000000021260000,0x0000000021360000)]
  0x000000001a07f000 JavaThread "Cache worker for file hash cache (C:\Users\Caner\AndroidStudioProjects\MobilProgramlama\.gradle\5.6.4\fileHashes)" [_thread_blocked, id=3040, stack(0x000000001fd90000,0x000000001fe90000)]
  0x000000001a07d800 JavaThread "Cache worker for journal cache (C:\Users\Caner\.gradle\caches\journal-1)" [_thread_blocked, id=11800, stack(0x000000001d650000,0x000000001d750000)]
  0x000000001a07d000 JavaThread "File lock request listener" [_thread_in_native, id=12316, stack(0x000000001d550000,0x000000001d650000)]
  0x000000001a078800 JavaThread "Cache worker for file hash cache (C:\Users\Caner\.gradle\caches\5.6.4\fileHashes)" [_thread_blocked, id=9996, stack(0x000000001d250000,0x000000001d350000)]
  0x000000001b413800 JavaThread "Thread-9" [_thread_blocked, id=8532, stack(0x000000001d150000,0x000000001d250000)]
  0x000000001b40d000 JavaThread "Stdin handler" [_thread_blocked, id=5980, stack(0x000000001d050000,0x000000001d150000)]
  0x000000001b41b000 JavaThread "Asynchronous log dispatcher for DefaultDaemonConnection: socket connection from /127.0.0.1:51768 to /127.0.0.1:51769" [_thread_blocked, id=4556, stack(0x000000001ce50000,0x000000001cf50000)]
  0x000000001b418000 JavaThread "Daemon worker" [_thread_in_vm, id=9052, stack(0x000000001cd50000,0x000000001ce50000)]
  0x000000001b41c800 JavaThread "Cancel handler" [_thread_blocked, id=1724, stack(0x000000001cc50000,0x000000001cd50000)]
  0x000000001b3e0800 JavaThread "Handler for socket connection from /127.0.0.1:51768 to /127.0.0.1:51769" [_thread_in_native, id=9428, stack(0x000000001c950000,0x000000001ca50000)]
  0x000000001b3d5000 JavaThread "Daemon" [_thread_blocked, id=1240, stack(0x000000001c850000,0x000000001c950000)]
  0x000000001b374800 JavaThread "Daemon periodic checks" [_thread_blocked, id=9524, stack(0x000000001c750000,0x000000001c850000)]
  0x000000001b373800 JavaThread "Incoming local TCP Connector on port 51768" [_thread_in_native, id=13760, stack(0x000000001c510000,0x000000001c610000)]
  0x000000001af64800 JavaThread "Daemon health stats" [_thread_blocked, id=13188, stack(0x000000001bed0000,0x000000001bfd0000)]
  0x000000001890b000 JavaThread "Service Thread" daemon [_thread_blocked, id=5972, stack(0x0000000019530000,0x0000000019630000)]
  0x0000000018882000 JavaThread "C1 CompilerThread3" daemon [_thread_blocked, id=11580, stack(0x0000000019430000,0x0000000019530000)]
=>0x000000001887e800 JavaThread "C2 CompilerThread2" daemon [_thread_in_native, id=13896, stack(0x0000000019330000,0x0000000019430000)]
  0x0000000018878000 JavaThread "C2 CompilerThread1" daemon [_thread_in_native, id=8764, stack(0x0000000019230000,0x0000000019330000)]
  0x0000000016a78800 JavaThread "C2 CompilerThread0" daemon [_thread_blocked, id=12192, stack(0x0000000019130000,0x0000000019230000)]
  0x0000000018874000 JavaThread "Attach Listener" daemon [_thread_blocked, id=11448, stack(0x0000000019030000,0x0000000019130000)]
  0x0000000018873000 JavaThread "Signal Dispatcher" daemon [_thread_blocked, id=6884, stack(0x0000000018f30000,0x0000000019030000)]
  0x0000000018861000 JavaThread "Finalizer" daemon [_thread_blocked, id=8772, stack(0x0000000018d40000,0x0000000018e40000)]
  0x0000000018860800 JavaThread "Reference Handler" daemon [_thread_blocked, id=9612, stack(0x0000000018c40000,0x0000000018d40000)]
  0x0000000002aad800 JavaThread "main" [_thread_blocked, id=12448, stack(0x0000000002ab0000,0x0000000002bb0000)]

Other Threads:
  0x0000000016a65800 VMThread [stack: 0x0000000018740000,0x0000000018840000] [id=12284]
  0x000000001890c000 WatcherThread [stack: 0x0000000019630000,0x0000000019730000] [id=11388]

VM state:not at safepoint (normal execution)

VM Mutex/Monitor currently owned by a thread: None

heap address: 0x00000000a0000000, size: 1536 MB, Compressed Oops mode: 32-bit
Narrow klass base: 0x0000000000000000, Narrow klass shift: 3
Compressed class space size: 1073741824 Address: 0x0000000100000000

Heap:
 PSYoungGen      total 70656K, used 10066K [0x00000000e0000000, 0x00000000e6600000, 0x0000000100000000)
  eden space 65536K, 7% used [0x00000000e0000000,0x00000000e04d4ef0,0x00000000e4000000)
  from space 5120K, 99% used [0x00000000e4000000,0x00000000e44ffbe0,0x00000000e4500000)
  to   space 12288K, 0% used [0x00000000e5a00000,0x00000000e5a00000,0x00000000e6600000)
 ParOldGen       total 91136K, used 15709K [0x00000000a0000000, 0x00000000a5900000, 0x00000000e0000000)
  object space 91136K, 17% used [0x00000000a0000000,0x00000000a0f57730,0x00000000a5900000)
 Metaspace       used 37607K, capacity 38354K, committed 38656K, reserved 1083392K
  class space    used 5058K, capacity 5252K, committed 5376K, reserved 1048576K

Card table byte_map: [0x0000000012070000,0x0000000012380000] byte_map_base: 0x0000000011b70000

Marking Bits: (ParMarkBitMap*) 0x0000000074f99f30
 Begin Bits: [0x0000000012d80000, 0x0000000014580000)
 End Bits:   [0x0000000014580000, 0x0000000015d80000)

Polling page: 0x00000000012b0000

CodeCache: size=245760Kb used=12995Kb max_used=13002Kb free=232764Kb
 bounds [0x0000000002cb0000, 0x0000000003970000, 0x0000000011cb0000]
 total_blobs=4014 nmethods=3295 adapters=631
 compilation: enabled

Compilation events (10 events):
Event: 5.783 Thread 0x0000000018882000 nmethod 3352 0x0000000003969910 code [0x0000000003969a60, 0x0000000003969b70]
Event: 5.784 Thread 0x0000000018882000 3353       3       java.net.URI::match (56 bytes)
Event: 5.784 Thread 0x0000000018882000 nmethod 3353 0x0000000003969410 code [0x0000000003969580, 0x0000000003969890]
Event: 5.792 Thread 0x0000000016a78800 3354       4       java.util.zip.ZipFile$ZipFileInputStream::finalize (5 bytes)
Event: 5.793 Thread 0x0000000016a78800 nmethod 3354 0x0000000003952590 code [0x00000000039526e0, 0x0000000003952768]
Event: 5.801 Thread 0x0000000018882000 3355       3       java.util.concurrent.locks.AbstractQueuedSynchronizer$ConditionObject::unlinkCancelledWaiters (67 bytes)
Event: 5.801 Thread 0x0000000018882000 nmethod 3355 0x000000000396bc50 code [0x000000000396bdc0, 0x000000000396c110]
Event: 5.804 Thread 0x0000000018882000 3356       1       org.slf4j.impl.StaticLoggerBinder::getLoggerFactory (5 bytes)
Event: 5.804 Thread 0x0000000018882000 nmethod 3356 0x000000000396b990 code [0x000000000396bae0, 0x000000000396bbf0]
Event: 5.813 Thread 0x0000000018882000 3357       3       java.util.concurrent.atomic.AtomicReferenceArray::<init> (13 bytes)

GC Heap History (10 events):
Event: 4.011 GC heap before
{Heap before GC invocations=7 (full 1):
 PSYoungGen      total 70656K, used 65536K [0x00000000e0000000, 0x00000000e4a00000, 0x0000000100000000)
  eden space 65536K, 100% used [0x00000000e0000000,0x00000000e4000000,0x00000000e4000000)
  from space 5120K, 0% used [0x00000000e4000000,0x00000000e4000000,0x00000000e4500000)
  to   space 5120K, 0% used [0x00000000e4500000,0x00000000e4500000,0x00000000e4a00000)
 ParOldGen       total 62464K, used 12297K [0x00000000a0000000, 0x00000000a3d00000, 0x00000000e0000000)
  object space 62464K, 19% used [0x00000000a0000000,0x00000000a0c02590,0x00000000a3d00000)
 Metaspace       used 28083K, capacity 28668K, committed 28928K, reserved 1075200K
  class space    used 3847K, capacity 4045K, committed 4096K, reserved 1048576K
Event: 4.018 GC heap after
Heap after GC invocations=7 (full 1):
 PSYoungGen      total 70656K, used 5116K [0x00000000e0000000, 0x00000000e4a00000, 0x0000000100000000)
  eden space 65536K, 0% used [0x00000000e0000000,0x00000000e0000000,0x00000000e4000000)
  from space 5120K, 99% used [0x00000000e4500000,0x00000000e49ff3e0,0x00000000e4a00000)
  to   space 5120K, 0% used [0x00000000e4000000,0x00000000e4000000,0x00000000e4500000)
 ParOldGen       total 62464K, used 14614K [0x00000000a0000000, 0x00000000a3d00000, 0x00000000e0000000)
  object space 62464K, 23% used [0x00000000a0000000,0x00000000a0e45b90,0x00000000a3d00000)
 Metaspace       used 28083K, capacity 28668K, committed 28928K, reserved 1075200K
  class space    used 3847K, capacity 4045K, committed 4096K, reserved 1048576K
}
Event: 4.827 GC heap before
{Heap before GC invocations=8 (full 1):
 PSYoungGen      total 70656K, used 70652K [0x00000000e0000000, 0x00000000e4a00000, 0x0000000100000000)
  eden space 65536K, 100% used [0x00000000e0000000,0x00000000e4000000,0x00000000e4000000)
  from space 5120K, 99% used [0x00000000e4500000,0x00000000e49ff3e0,0x00000000e4a00000)
  to   space 5120K, 0% used [0x00000000e4000000,0x00000000e4000000,0x00000000e4500000)
 ParOldGen       total 62464K, used 14614K [0x00000000a0000000, 0x00000000a3d00000, 0x00000000e0000000)
  object space 62464K, 23% used [0x00000000a0000000,0x00000000a0e45b90,0x00000000a3d00000)
 Metaspace       used 33170K, capacity 33754K, committed 33920K, reserved 1079296K
  class space    used 4465K, capacity 4663K, committed 4736K, reserved 1048576K
Event: 4.834 GC heap after
Heap after GC invocations=8 (full 1):
 PSYoungGen      total 70656K, used 5108K [0x00000000e0000000, 0x00000000e4a00000, 0x0000000100000000)
  eden space 65536K, 0% used [0x00000000e0000000,0x00000000e0000000,0x00000000e4000000)
  from space 5120K, 99% used [0x00000000e4000000,0x00000000e44fd0b0,0x00000000e4500000)
  to   space 5120K, 0% used [0x00000000e4500000,0x00000000e4500000,0x00000000e4a00000)
 ParOldGen       total 62464K, used 19516K [0x00000000a0000000, 0x00000000a3d00000, 0x00000000e0000000)
  object space 62464K, 31% used [0x00000000a0000000,0x00000000a130f1f8,0x00000000a3d00000)
 Metaspace       used 33170K, capacity 33754K, committed 33920K, reserved 1079296K
  class space    used 4465K, capacity 4663K, committed 4736K, reserved 1048576K
}
Event: 5.064 GC heap before
{Heap before GC invocations=9 (full 1):
 PSYoungGen      total 70656K, used 26152K [0x00000000e0000000, 0x00000000e4a00000, 0x0000000100000000)
  eden space 65536K, 32% used [0x00000000e0000000,0x00000000e148d188,0x00000000e4000000)
  from space 5120K, 99% used [0x00000000e4000000,0x00000000e44fd0b0,0x00000000e4500000)
  to   space 5120K, 0% used [0x00000000e4500000,0x00000000e4500000,0x00000000e4a00000)
 ParOldGen       total 62464K, used 19516K [0x00000000a0000000, 0x00000000a3d00000, 0x00000000e0000000)
  object space 62464K, 31% used [0x00000000a0000000,0x00000000a130f1f8,0x00000000a3d00000)
 Metaspace       used 34553K, capacity 35332K, committed 35496K, reserved 1079296K
  class space    used 4562K, capacity 4781K, committed 4864K, reserved 1048576K
Event: 5.069 GC heap after
Heap after GC invocations=9 (full 1):
 PSYoungGen      total 70656K, used 5104K [0x00000000e0000000, 0x00000000e4a00000, 0x0000000100000000)
  eden space 65536K, 0% used [0x00000000e0000000,0x00000000e0000000,0x00000000e4000000)
  from space 5120K, 99% used [0x00000000e4500000,0x00000000e49fc168,0x00000000e4a00000)
  to   space 5120K, 0% used [0x00000000e4000000,0x00000000e4000000,0x00000000e4500000)
 ParOldGen       total 62464K, used 21277K [0x00000000a0000000, 0x00000000a3d00000, 0x00000000e0000000)
  object space 62464K, 34% used [0x00000000a0000000,0x00000000a14c7410,0x00000000a3d00000)
 Metaspace       used 34553K, capacity 35332K, committed 35496K, reserved 1079296K
  class space    used 4562K, capacity 4781K, committed 4864K, reserved 1048576K
}
Event: 5.069 GC heap before
{Heap before GC invocations=10 (full 2):
 PSYoungGen      total 70656K, used 5104K [0x00000000e0000000, 0x00000000e4a00000, 0x0000000100000000)
  eden space 65536K, 0% used [0x00000000e0000000,0x00000000e0000000,0x00000000e4000000)
  from space 5120K, 99% used [0x00000000e4500000,0x00000000e49fc168,0x00000000e4a00000)
  to   space 5120K, 0% used [0x00000000e4000000,0x00000000e4000000,0x00000000e4500000)
 ParOldGen       total 62464K, used 21277K [0x00000000a0000000, 0x00000000a3d00000, 0x00000000e0000000)
  object space 62464K, 34% used [0x00000000a0000000,0x00000000a14c7410,0x00000000a3d00000)
 Metaspace       used 34553K, capacity 35332K, committed 35496K, reserved 1079296K
  class space    used 4562K, capacity 4781K, committed 4864K, reserved 1048576K
Event: 5.143 GC heap after
Heap after GC invocations=10 (full 2):
 PSYoungGen      total 70656K, used 0K [0x00000000e0000000, 0x00000000e4a00000, 0x0000000100000000)
  eden space 65536K, 0% used [0x00000000e0000000,0x00000000e0000000,0x00000000e4000000)
  from space 5120K, 0% used [0x00000000e4500000,0x00000000e4500000,0x00000000e4a00000)
  to   space 5120K, 0% used [0x00000000e4000000,0x00000000e4000000,0x00000000e4500000)
 ParOldGen       total 91136K, used 14544K [0x00000000a0000000, 0x00000000a5900000, 0x00000000e0000000)
  object space 91136K, 15% used [0x00000000a0000000,0x00000000a0e34118,0x00000000a5900000)
 Metaspace       used 34507K, capacity 35228K, committed 35496K, reserved 1079296K
  class space    used 4551K, capacity 4769K, committed 4864K, reserved 1048576K
}
Event: 5.785 GC heap before
{Heap before GC invocations=11 (full 2):
 PSYoungGen      total 70656K, used 65536K [0x00000000e0000000, 0x00000000e4a00000, 0x0000000100000000)
  eden space 65536K, 100% used [0x00000000e0000000,0x00000000e4000000,0x00000000e4000000)
  from space 5120K, 0% used [0x00000000e4500000,0x00000000e4500000,0x00000000e4a00000)
  to   space 5120K, 0% used [0x00000000e4000000,0x00000000e4000000,0x00000000e4500000)
 ParOldGen       total 91136K, used 14544K [0x00000000a0000000, 0x00000000a5900000, 0x00000000e0000000)
  object space 91136K, 15% used [0x00000000a0000000,0x00000000a0e34118,0x00000000a5900000)
 Metaspace       used 37469K, capacity 38226K, committed 38400K, reserved 1083392K
  class space    used 5037K, capacity 5252K, committed 5376K, reserved 1048576K
Event: 5.790 GC heap after
Heap after GC invocations=11 (full 2):
 PSYoungGen      total 70656K, used 5118K [0x00000000e0000000, 0x00000000e6600000, 0x0000000100000000)
  eden space 65536K, 0% used [0x00000000e0000000,0x00000000e0000000,0x00000000e4000000)
  from space 5120K, 99% used [0x00000000e4000000,0x00000000e44ffbe0,0x00000000e4500000)
  to   space 12288K, 0% used [0x00000000e5a00000,0x00000000e5a00000,0x00000000e6600000)
 ParOldGen       total 91136K, used 15709K [0x00000000a0000000, 0x00000000a5900000, 0x00000000e0000000)
  object space 91136K, 17% used [0x00000000a0000000,0x00000000a0f57730,0x00000000a5900000)
 Metaspace       used 37469K, capacity 38226K, committed 38400K, reserved 1083392K
  class space    used 5037K, capacity 5252K, committed 5376K, reserved 1048576K
}

Deoptimization events (10 events):
Event: 5.275 Thread 0x000000001b418000 Uncommon trap: reason=unstable_if action=reinterpret pc=0x0000000003811560 method=org.codehaus.groovy.runtime.metaclass.MetaMethodIndex.addMethodToList(Ljava/lang/Object;Lgroovy/lang/MetaMethod;)Ljava/lang/Object; @ 226
Event: 5.300 Thread 0x000000001b418000 Uncommon trap: reason=range_check action=make_not_entrant pc=0x00000000035ab918 method=java.lang.String.charAt(I)C @ 27
Event: 5.466 Thread 0x000000001b418000 Uncommon trap: reason=unstable_if action=reinterpret pc=0x00000000037e11b4 method=java.util.HashMap.getNode(ILjava/lang/Object;)Ljava/util/HashMap$Node; @ 53
Event: 5.466 Thread 0x000000001b418000 Uncommon trap: reason=unstable_if action=reinterpret pc=0x000000000323d314 method=java.util.HashMap.hash(Ljava/lang/Object;)I @ 1
Event: 5.496 Thread 0x000000001b418000 Uncommon trap: reason=unstable_if action=reinterpret pc=0x00000000037c9714 method=java.util.HashMap.getNode(ILjava/lang/Object;)Ljava/util/HashMap$Node; @ 53
Event: 5.549 Thread 0x000000001b418000 Uncommon trap: reason=unstable_if action=reinterpret pc=0x00000000032f5308 method=java.net.URLStreamHandler.sameFile(Ljava/net/URL;Ljava/net/URL;)Z @ 63
Event: 5.604 Thread 0x000000001b418000 Uncommon trap: reason=unstable_if action=reinterpret pc=0x000000000385e85c method=java.lang.ClassLoader.checkCerts(Ljava/lang/String;Ljava/security/CodeSource;)V @ 29
Event: 5.640 Thread 0x000000001b418000 Uncommon trap: reason=unstable_if action=reinterpret pc=0x000000000352ae84 method=org.gradle.internal.reflect.PropertyAccessorType.isGetGetterName(Ljava/lang/String;)Z @ 14
Event: 5.707 Thread 0x000000001b418000 Uncommon trap: reason=unstable_if action=reinterpret pc=0x000000000378c5f8 method=java.util.regex.Pattern$CharProperty.match(Ljava/util/regex/Matcher;ILjava/lang/CharSequence;)Z @ 40
Event: 5.783 Thread 0x000000001b418000 Uncommon trap: reason=unstable_if action=reinterpret pc=0x0000000003275fe0 method=java.net.URI.match(CJJ)Z @ 45

Classes redefined (0 events):
No events

Internal exceptions (10 events):
Event: 5.725 Thread 0x000000001b418000 Exception <a 'java/lang/ClassNotFoundException': org/gradle/api/internal/artifacts/DefaultArtifactRepositoryContainerBeanInfo> (0x00000000e36fb890) thrown at [D:\src\AOSP-openjdk-cygwin\jdk8u\hotspot\src\share\vm\classfile\systemDictionary.cpp, line 210]
Event: 5.726 Thread 0x000000001b418000 Exception <a 'java/lang/ClassNotFoundException': org/gradle/api/internal/DefaultNamedDomainObjectListBeanInfo> (0x00000000e372eb28) thrown at [D:\src\AOSP-openjdk-cygwin\jdk8u\hotspot\src\share\vm\classfile\systemDictionary.cpp, line 210]
Event: 5.726 Thread 0x000000001b418000 Exception <a 'java/lang/ClassNotFoundException': org/gradle/api/internal/DefaultNamedDomainObjectCollectionBeanInfo> (0x00000000e3764250) thrown at [D:\src\AOSP-openjdk-cygwin\jdk8u\hotspot\src\share\vm\classfile\systemDictionary.cpp, line 210]
Event: 5.727 Thread 0x000000001b418000 Exception <a 'java/lang/ClassNotFoundException': org/gradle/api/internal/DefaultDomainObjectCollectionBeanInfo> (0x00000000e3798288) thrown at [D:\src\AOSP-openjdk-cygwin\jdk8u\hotspot\src\share\vm\classfile\systemDictionary.cpp, line 210]
Event: 5.728 Thread 0x000000001b418000 Exception <a 'java/lang/ClassNotFoundException': org/gradle/api/internal/DefaultDomainObjectCollectionCustomizer> (0x00000000e37ccda0) thrown at [D:\src\AOSP-openjdk-cygwin\jdk8u\hotspot\src\share\vm\classfile\systemDictionary.cpp, line 210]
Event: 5.729 Thread 0x000000001b418000 Exception <a 'java/lang/ClassNotFoundException': org/gradle/api/internal/DefaultNamedDomainObjectCollectionCustomizer> (0x00000000e382abd0) thrown at [D:\src\AOSP-openjdk-cygwin\jdk8u\hotspot\src\share\vm\classfile\systemDictionary.cpp, line 210]
Event: 5.731 Thread 0x000000001b418000 Exception <a 'java/lang/ClassNotFoundException': org/gradle/api/internal/DefaultNamedDomainObjectListCustomizer> (0x00000000e3898568) thrown at [D:\src\AOSP-openjdk-cygwin\jdk8u\hotspot\src\share\vm\classfile\systemDictionary.cpp, line 210]
Event: 5.733 Thread 0x000000001b418000 Exception <a 'java/lang/ClassNotFoundException': org/gradle/api/internal/artifacts/DefaultArtifactRepositoryContainerCustomizer> (0x00000000e390d308) thrown at [D:\src\AOSP-openjdk-cygwin\jdk8u\hotspot\src\share\vm\classfile\systemDictionary.cpp, line 210
Event: 5.734 Thread 0x000000001b418000 Exception <a 'java/lang/ClassNotFoundException': org/gradle/api/internal/artifacts/dsl/DefaultRepositoryHandlerCustomizer> (0x00000000e3972f00) thrown at [D:\src\AOSP-openjdk-cygwin\jdk8u\hotspot\src\share\vm\classfile\systemDictionary.cpp, line 210]
Event: 5.735 Thread 0x000000001b418000 Exception <a 'java/lang/ClassNotFoundException': org/gradle/api/internal/artifacts/dsl/DefaultRepositoryHandler_DecoratedCustomizer> (0x00000000e39ef0d8) thrown at [D:\src\AOSP-openjdk-cygwin\jdk8u\hotspot\src\share\vm\classfile\systemDictionary.cpp, line

Events (10 events):
Event: 5.810 loading class org/gradle/api/internal/artifacts/repositories/metadata/DefaultImmutableMetadataSources
Event: 5.810 loading class org/gradle/api/internal/artifacts/repositories/metadata/DefaultImmutableMetadataSources done
Event: 5.810 loading class org/gradle/api/internal/artifacts/repositories/AbstractArtifactRepository$1
Event: 5.810 loading class org/gradle/api/internal/artifacts/repositories/AbstractArtifactRepository$1 done
Event: 5.811 loading class org/gradle/api/internal/artifacts/repositories/resolver/ExternalResourceArtifactResolver
Event: 5.811 loading class org/gradle/api/internal/artifacts/repositories/resolver/ExternalResourceArtifactResolver done
Event: 5.812 loading class org/gradle/api/internal/artifacts/repositories/resolver/VersionLister
Event: 5.812 loading class org/gradle/api/internal/artifacts/repositories/resolver/VersionLister done
Event: 5.812 loading class org/gradle/api/internal/artifacts/ivyservice/ivyresolve/ModuleComponentRepositoryAccess
Event: 5.812 loading class org/gradle/api/internal/artifacts/ivyservice/ivyresolve/ModuleComponentRepositoryAccess done


Dynamic libraries:
0x00007ff785270000 - 0x00007ff7852a1000 	C:\Program Files\Android\Android Studio\jre\bin\java.exe
0x00007fffb3540000 - 0x00007fffb3730000 	C:\Windows\SYSTEM32\ntdll.dll
0x00007fffb33d0000 - 0x00007fffb3482000 	C:\Windows\System32\KERNEL32.DLL
0x00007fffb0f00000 - 0x00007fffb11a3000 	C:\Windows\System32\KERNELBASE.dll
0x00007fffb1a50000 - 0x00007fffb1af3000 	C:\Windows\System32\ADVAPI32.dll
0x00007fffb1650000 - 0x00007fffb16ee000 	C:\Windows\System32\msvcrt.dll
0x00007fffb3260000 - 0x00007fffb32f7000 	C:\Windows\System32\sechost.dll
0x00007fffb2c40000 - 0x00007fffb2d60000 	C:\Windows\System32\RPCRT4.dll
0x00007fffb2d60000 - 0x00007fffb2ef4000 	C:\Windows\System32\USER32.dll
0x00007fffb1450000 - 0x00007fffb1471000 	C:\Windows\System32\win32u.dll
0x00007fffb17a0000 - 0x00007fffb17c6000 	C:\Windows\System32\GDI32.dll
0x00007fffb12b0000 - 0x00007fffb1444000 	C:\Windows\System32\gdi32full.dll
0x00007fffb0e60000 - 0x00007fffb0efe000 	C:\Windows\System32\msvcp_win.dll
0x00007fffb11b0000 - 0x00007fffb12aa000 	C:\Windows\System32\ucrtbase.dll
0x00007fff9b0b0000 - 0x00007fff9b335000 	C:\Windows\WinSxS\amd64_microsoft.windows.common-controls_6595b64144ccf1df_6.0.18362.720_none_e6beb5c51314836b\COMCTL32.dll
0x00007fffb1b80000 - 0x00007fffb1eb6000 	C:\Windows\System32\combase.dll
0x00007fffb0de0000 - 0x00007fffb0e60000 	C:\Windows\System32\bcryptPrimitives.dll
0x00007fffb1ec0000 - 0x00007fffb1eee000 	C:\Windows\System32\IMM32.DLL
0x0000000074610000 - 0x00000000746e2000 	C:\Program Files\Android\Android Studio\jre\jre\bin\msvcr100.dll
0x00000000747d0000 - 0x0000000075016000 	C:\Program Files\Android\Android Studio\jre\jre\bin\server\jvm.dll
0x00007fffb3490000 - 0x00007fffb3498000 	C:\Windows\System32\PSAPI.DLL
0x00007fffab070000 - 0x00007fffab079000 	C:\Windows\SYSTEM32\WSOCK32.dll
0x00007fffb1980000 - 0x00007fffb19ef000 	C:\Windows\System32\WS2_32.dll
0x00007fffaae90000 - 0x00007fffaaeb4000 	C:\Windows\SYSTEM32\WINMM.dll
0x00007fffa72d0000 - 0x00007fffa72da000 	C:\Windows\SYSTEM32\VERSION.dll
0x00007fffaae60000 - 0x00007fffaae8d000 	C:\Windows\SYSTEM32\WINMMBASE.dll
0x00007fffb04d0000 - 0x00007fffb051a000 	C:\Windows\System32\cfgmgr32.dll
0x00007fffa95d0000 - 0x00007fffa95df000 	C:\Program Files\Android\Android Studio\jre\jre\bin\verify.dll
0x00007fff7e6c0000 - 0x00007fff7e6e9000 	C:\Program Files\Android\Android Studio\jre\jre\bin\java.dll
0x00007fffa8340000 - 0x00007fffa8356000 	C:\Program Files\Android\Android Studio\jre\jre\bin\zip.dll
0x00007fffb24d0000 - 0x00007fffb2bb5000 	C:\Windows\System32\SHELL32.dll
0x00007fffb2f00000 - 0x00007fffb2fa9000 	C:\Windows\System32\shcore.dll
0x00007fffb0520000 - 0x00007fffb0ca0000 	C:\Windows\System32\windows.storage.dll
0x00007fffb0430000 - 0x00007fffb0453000 	C:\Windows\System32\profapi.dll
0x00007fffb0460000 - 0x00007fffb04aa000 	C:\Windows\System32\powrprof.dll
0x00007fffb0400000 - 0x00007fffb0410000 	C:\Windows\System32\UMPDC.dll
0x00007fffb15f0000 - 0x00007fffb1642000 	C:\Windows\System32\shlwapi.dll
0x00007fffb0410000 - 0x00007fffb0421000 	C:\Windows\System32\kernel.appcore.dll
0x00007fffb1480000 - 0x00007fffb1497000 	C:\Windows\System32\cryptsp.dll
0x00007fff8a960000 - 0x00007fff8a97a000 	C:\Program Files\Android\Android Studio\jre\jre\bin\net.dll
0x00007fff9f330000 - 0x00007fff9f505000 	C:\Windows\SYSTEM32\urlmon.dll
0x00007fff9bdc0000 - 0x00007fff9c066000 	C:\Windows\SYSTEM32\iertutil.dll
0x00007fffafe40000 - 0x00007fffafe4c000 	C:\Windows\SYSTEM32\CRYPTBASE.DLL
0x00007fffafc70000 - 0x00007fffafcd7000 	C:\Windows\system32\mswsock.dll
0x00007fff87170000 - 0x00007fff87183000 	C:\Program Files\Android\Android Studio\jre\jre\bin\nio.dll
0x00007fff8d730000 - 0x00007fff8d756000 	C:\Users\Caner\.gradle\native\30\windows-amd64\native-platform.dll
0x00007fffa85b0000 - 0x00007fffa85bd000 	C:\Program Files\Android\Android Studio\jre\jre\bin\management.dll
0x00007fffaf7e0000 - 0x00007fffaf813000 	C:\Windows\system32\rsaenh.dll
0x00007fffb0d50000 - 0x00007fffb0d76000 	C:\Windows\System32\bcrypt.dll
0x00007fffb0320000 - 0x00007fffb0345000 	C:\Windows\SYSTEM32\USERENV.dll
0x00007fffaf980000 - 0x00007fffaf9ba000 	C:\Windows\SYSTEM32\IPHLPAPI.DLL
0x00007fffb3250000 - 0x00007fffb3258000 	C:\Windows\System32\NSI.dll
0x00007fffa5180000 - 0x00007fffa5196000 	C:\Windows\SYSTEM32\dhcpcsvc6.DLL
0x00007fffa4560000 - 0x00007fffa457c000 	C:\Windows\SYSTEM32\dhcpcsvc.DLL
0x00007fffaf9c0000 - 0x00007fffafa8a000 	C:\Windows\SYSTEM32\DNSAPI.dll

VM Arguments:
jvm_args: -Xmx1536m -Dfile.encoding=windows-1254 -Duser.country=TR -Duser.language=tr -Duser.variant 
java_command: org.gradle.launcher.daemon.bootstrap.GradleDaemon 5.6.4
java_class_path (initial): C:\Users\Caner\.gradle\wrapper\dists\gradle-5.6.4-all\ankdp27end7byghfw1q2sw75f\gradle-5.6.4\lib\gradle-launcher-5.6.4.jar
Launcher Type: SUN_STANDARD

Environment Variables:
PATH=C:\Windows\system32;C:\Windows;C:\Windows\System32\Wbem;C:\Windows\System32\WindowsPowerShell\v1.0\;C:\Windows\System32\OpenSSH\;C:\Windows\system32;C:\Windows;C:\Windows\System32\Wbem;C:\Windows\System32\WindowsPowerShell\v1.0\;C:\Windows\System32\OpenSSH\;C:\Users\Caner\AppData\Local\Programs\Python\Python37\Scripts\;C:\Users\Caner\AppData\Local\Programs\Python\Python37\;C:\Users\Caner\AppData\Local\Microsoft\WindowsApps;;C:\Users\Caner\AppData\Local\Android\Sdk\platform-tools;;C:\Users\Caner\AppData\Local\Programs\Microsoft VS Code\bin
USERNAME=Caner
OS=Windows_NT
PROCESSOR_IDENTIFIER=Intel64 Family 6 Model 126 Stepping 5, GenuineIntel



---------------  S Y S T E M  ---------------

OS: Windows 10.0 , 64 bit Build 18362 (10.0.18362.329)

CPU:total 8 (initial active 8) (4 cores per cpu, 2 threads per core) family 6 model 126 stepping 5, cmov, cx8, fxsr, mmx, sse, sse2, sse3, ssse3, sse4.1, sse4.2, popcnt, avx, avx2, aes, clmul, erms, 3dnowpref, lzcnt, ht, tsc, tscinvbit, bmi1, bmi2, adx

Memory: 4k page, physical 8165168k(2229876k free), swap 8427308k(5224k free)

vm_info: OpenJDK 64-Bit Server VM (25.212-b04) for windows-amd64 JRE (1.8.0_212-release-1586-b04), built by "builder" with MS VC++ 10.0 (VS2010)

time: Sat Mar 21 19:43:05 2020
timezone: Türkiye Standart Saati
elapsed time: 5 seconds (0d 0h 0m 5s)

