#
# There is insufficient memory for the Java Runtime Environment to continue.
# Native memory allocation (malloc) failed to allocate 822656 bytes for Chunk::new
# Possible reasons:
#   The system is out of physical RAM or swap space
#   The process is running with CompressedOops enabled, and the Java Heap may be blocking the growth of the native heap
# Possible solutions:
#   Reduce memory load on the system
#   Increase physical memory or swap space
#   Check if swap backing store is full
#   Decrease Java heap size (-Xmx/-Xms)
#   Decrease number of Java threads
#   Decrease Java thread stack sizes (-Xss)
#   Set larger code cache with -XX:ReservedCodeCacheSize=
#   JVM is running with Unscaled Compressed Oops mode in which the Java heap is
#     placed in the first 4GB address space. The Java Heap base address is the
#     maximum limit for the native heap growth. Please use -XX:HeapBaseMinAddress
#     to set the Java Heap base and to place the Java Heap above 4GB virtual address.
# This output file may be truncated or incomplete.
#
#  Out of Memory Error (allocation.cpp:389), pid=12044, tid=0x0000000000001b30
#
# JRE version: OpenJDK Runtime Environment (8.0_212-b04) (build 1.8.0_212-release-1586-b04)
# Java VM: OpenJDK 64-Bit Server VM (25.212-b04 mixed mode windows-amd64 compressed oops)
# Failed to write core dump. Minidumps are not enabled by default on client versions of Windows
#

---------------  T H R E A D  ---------------

Current thread (0x0000000018743800):  JavaThread "C2 CompilerThread0" daemon [_thread_in_native, id=6960, stack(0x0000000019000000,0x0000000019100000)]

Stack: [0x0000000019000000,0x0000000019100000]
[error occurred during error reporting (printing stack bounds), id 0xc0000005]

Native frames: (J=compiled Java code, j=interpreted, Vv=VM code, C=native code)


Current CompileTask:
C2:   3019 2347       4       org.objectweb.asm.Frame::execute (2318 bytes)


---------------  P R O C E S S  ---------------

Java Threads: ( => current thread )
  0x000000001bc97000 JavaThread "Cache worker for execution history cache (C:\Users\Caner\.gradle\caches\5.6.4\executionHistory)" [_thread_blocked, id=2644, stack(0x0000000021130000,0x0000000021230000)]
  0x000000001bc9a000 JavaThread "Cache worker for cache directory md-rule (C:\Users\Caner\.gradle\caches\5.6.4\md-rule)" [_thread_blocked, id=9264, stack(0x0000000021030000,0x0000000021130000)]
  0x000000001bc94000 JavaThread "Cache worker for cache directory md-supplier (C:\Users\Caner\.gradle\caches\5.6.4\md-supplier)" [_thread_blocked, id=2796, stack(0x0000000020f30000,0x0000000021030000)]
  0x000000001b116800 JavaThread "Cache worker for file hash cache (C:\Users\Caner\AndroidStudioProjects\MobilProgramlama\.gradle\5.6.4\fileHashes)" [_thread_blocked, id=11396, stack(0x000000001f7c0000,0x000000001f8c0000)]
  0x000000001b115000 JavaThread "Cache worker for journal cache (C:\Users\Caner\.gradle\caches\journal-1)" [_thread_blocked, id=6232, stack(0x000000001d320000,0x000000001d420000)]
  0x000000001b115800 JavaThread "File lock request listener" [_thread_in_native, id=4904, stack(0x000000001d220000,0x000000001d320000)]
  0x000000001b118000 JavaThread "Cache worker for file hash cache (C:\Users\Caner\.gradle\caches\5.6.4\fileHashes)" [_thread_blocked, id=9692, stack(0x000000001d120000,0x000000001d220000)]
  0x000000001b112800 JavaThread "Thread-9" [_thread_blocked, id=9084, stack(0x000000001d020000,0x000000001d120000)]
  0x000000001b117000 JavaThread "Stdin handler" [_thread_blocked, id=3720, stack(0x000000001cf20000,0x000000001d020000)]
  0x000000001b112000 JavaThread "Asynchronous log dispatcher for DefaultDaemonConnection: socket connection from /127.0.0.1:51779 to /127.0.0.1:51780" [_thread_blocked, id=4232, stack(0x000000001cd20000,0x000000001ce20000)]
  0x000000001b128000 JavaThread "Daemon worker" [_thread_blocked, id=8516, stack(0x000000001cc20000,0x000000001cd20000)]
  0x000000001b210800 JavaThread "Cancel handler" [_thread_blocked, id=5024, stack(0x000000001cb20000,0x000000001cc20000)]
  0x000000001b186800 JavaThread "Handler for socket connection from /127.0.0.1:51779 to /127.0.0.1:51780" [_thread_in_native, id=2220, stack(0x000000001c820000,0x000000001c920000)]
  0x000000001b17f000 JavaThread "Daemon" [_thread_blocked, id=13976, stack(0x000000001c720000,0x000000001c820000)]
  0x000000001b12a000 JavaThread "Daemon periodic checks" [_thread_blocked, id=6424, stack(0x000000001c620000,0x000000001c720000)]
  0x000000001b0e4800 JavaThread "Incoming local TCP Connector on port 51779" [_thread_in_native, id=11084, stack(0x000000001c3e0000,0x000000001c4e0000)]
  0x00000000196bd800 JavaThread "Daemon health stats" [_thread_blocked, id=14228, stack(0x000000001bda0000,0x000000001bea0000)]
  0x00000000187e1800 JavaThread "Service Thread" daemon [_thread_blocked, id=13424, stack(0x0000000019400000,0x0000000019500000)]
  0x0000000018754800 JavaThread "C1 CompilerThread3" daemon [_thread_blocked, id=1784, stack(0x0000000019300000,0x0000000019400000)]
  0x000000001874c800 JavaThread "C2 CompilerThread2" daemon [_thread_in_native, id=10596, stack(0x0000000019200000,0x0000000019300000)]
  0x0000000018747000 JavaThread "C2 CompilerThread1" daemon [_thread_blocked, id=8752, stack(0x0000000019100000,0x0000000019200000)]
=>0x0000000018743800 JavaThread "C2 CompilerThread0" daemon [_thread_in_native, id=6960, stack(0x0000000019000000,0x0000000019100000)]
  0x0000000018742800 JavaThread "Attach Listener" daemon [_thread_blocked, id=11692, stack(0x0000000018f00000,0x0000000019000000)]
  0x0000000018746000 JavaThread "Signal Dispatcher" daemon [_thread_blocked, id=11408, stack(0x0000000018e00000,0x0000000018f00000)]
  0x0000000002b6e000 JavaThread "Finalizer" daemon [_thread_blocked, id=6132, stack(0x0000000018c10000,0x0000000018d10000)]
  0x000000001692c800 JavaThread "Reference Handler" daemon [_thread_blocked, id=10876, stack(0x0000000018b10000,0x0000000018c10000)]
  0x0000000002a6d800 JavaThread "main" [_thread_blocked, id=7376, stack(0x0000000002930000,0x0000000002a30000)]

Other Threads:
  0x0000000016926000 VMThread [stack: 0x0000000018610000,0x0000000018710000] [id=8580]
  0x000000001878d800 WatcherThread [stack: 0x0000000019500000,0x0000000019600000] [id=14300]

VM state:not at safepoint (normal execution)

VM Mutex/Monitor currently owned by a thread: None

heap address: 0x00000000a0000000, size: 1536 MB, Compressed Oops mode: 32-bit
Narrow klass base: 0x0000000000000000, Narrow klass shift: 3
Compressed class space size: 1073741824 Address: 0x0000000100000000

Heap:
 PSYoungGen      total 75776K, used 47439K [0x00000000e0000000, 0x00000000e7980000, 0x0000000100000000)
  eden space 64512K, 62% used [0x00000000e0000000,0x00000000e274a970,0x00000000e3f00000)
  from space 11264K, 63% used [0x00000000e3f00000,0x00000000e4609630,0x00000000e4a00000)
  to   space 11264K, 0% used [0x00000000e6e80000,0x00000000e6e80000,0x00000000e7980000)
 ParOldGen       total 60928K, used 9745K [0x00000000a0000000, 0x00000000a3b80000, 0x00000000e0000000)
  object space 60928K, 15% used [0x00000000a0000000,0x00000000a09847e8,0x00000000a3b80000)
 Metaspace       used 29971K, capacity 30580K, committed 30848K, reserved 1075200K
  class space    used 4144K, capacity 4357K, committed 4480K, reserved 1048576K

Card table byte_map: [0x0000000011f30000,0x0000000012240000] byte_map_base: 0x0000000011a30000

Marking Bits: (ParMarkBitMap*) 0x0000000074f99f30
 Begin Bits: [0x0000000012c40000, 0x0000000014440000)
 End Bits:   [0x0000000014440000, 0x0000000015c40000)

Polling page: 0x00000000028a0000

CodeCache: size=245760Kb used=9029Kb max_used=9041Kb free=236730Kb
 bounds [0x0000000002b70000, 0x0000000003450000, 0x0000000011b70000]
 total_blobs=3063 nmethods=2387 adapters=589
 compilation: enabled

Compilation events (10 events):
Event: 3.012 Thread 0x0000000018754800 nmethod 2382 0x0000000003441610 code [0x0000000003441760, 0x0000000003441890]
Event: 3.012 Thread 0x0000000018747000 2383   !   4       java.util.zip.ZipFile::getInflater (56 bytes)
Event: 3.013 Thread 0x0000000018754800 2384       3       org.gradle.cache.internal.btree.BlockPointer::hashCode (8 bytes)
Event: 3.014 Thread 0x0000000018754800 nmethod 2384 0x0000000003441250 code [0x00000000034413a0, 0x0000000003441570]
Event: 3.014 Thread 0x0000000018754800 2385       3       com.google.common.primitives.Longs::hashCode (8 bytes)
Event: 3.014 Thread 0x0000000018754800 nmethod 2385 0x0000000003440f10 code [0x0000000003441060, 0x00000000034411b0]
Event: 3.014 Thread 0x0000000018754800 2386       1       com.google.common.cache.LocalCache$StrongEntry::getNext (5 bytes)
Event: 3.014 Thread 0x0000000018754800 nmethod 2386 0x0000000003440c50 code [0x0000000003440da0, 0x0000000003440eb0]
Event: 3.014 Thread 0x0000000018754800 2387       1       org.gradle.cache.internal.btree.BlockPayload::getBlock (5 bytes)
Event: 3.014 Thread 0x0000000018754800 nmethod 2387 0x0000000003444b10 code [0x0000000003444c60, 0x0000000003444d70]

GC Heap History (10 events):
Event: 1.608 GC heap before
{Heap before GC invocations=4 (full 0):
 PSYoungGen      total 37888K, used 37856K [0x00000000e0000000, 0x00000000e2a00000, 0x0000000100000000)
  eden space 32768K, 100% used [0x00000000e0000000,0x00000000e2000000,0x00000000e2000000)
  from space 5120K, 99% used [0x00000000e2000000,0x00000000e24f8020,0x00000000e2500000)
  to   space 5120K, 0% used [0x00000000e2500000,0x00000000e2500000,0x00000000e2a00000)
 ParOldGen       total 86016K, used 1355K [0x00000000a0000000, 0x00000000a5400000, 0x00000000e0000000)
  object space 86016K, 1% used [0x00000000a0000000,0x00000000a0152e10,0x00000000a5400000)
 Metaspace       used 14604K, capacity 14988K, committed 15232K, reserved 1062912K
  class space    used 2044K, capacity 2164K, committed 2176K, reserved 1048576K
Event: 1.614 GC heap after
Heap after GC invocations=4 (full 0):
 PSYoungGen      total 37888K, used 5088K [0x00000000e0000000, 0x00000000e4a00000, 0x0000000100000000)
  eden space 32768K, 0% used [0x00000000e0000000,0x00000000e0000000,0x00000000e2000000)
  from space 5120K, 99% used [0x00000000e2500000,0x00000000e29f8020,0x00000000e2a00000)
  to   space 5120K, 0% used [0x00000000e2000000,0x00000000e2000000,0x00000000e2500000)
 ParOldGen       total 86016K, used 3845K [0x00000000a0000000, 0x00000000a5400000, 0x00000000e0000000)
  object space 86016K, 4% used [0x00000000a0000000,0x00000000a03c1768,0x00000000a5400000)
 Metaspace       used 14604K, capacity 14988K, committed 15232K, reserved 1062912K
  class space    used 2044K, capacity 2164K, committed 2176K, reserved 1048576K
}
Event: 1.897 GC heap before
{Heap before GC invocations=5 (full 0):
 PSYoungGen      total 37888K, used 37856K [0x00000000e0000000, 0x00000000e4a00000, 0x0000000100000000)
  eden space 32768K, 100% used [0x00000000e0000000,0x00000000e2000000,0x00000000e2000000)
  from space 5120K, 99% used [0x00000000e2500000,0x00000000e29f8020,0x00000000e2a00000)
  to   space 5120K, 0% used [0x00000000e2000000,0x00000000e2000000,0x00000000e2500000)
 ParOldGen       total 86016K, used 3845K [0x00000000a0000000, 0x00000000a5400000, 0x00000000e0000000)
  object space 86016K, 4% used [0x00000000a0000000,0x00000000a03c1768,0x00000000a5400000)
 Metaspace       used 17667K, capacity 18102K, committed 18432K, reserved 1064960K
  class space    used 2534K, capacity 2695K, committed 2816K, reserved 1048576K
Event: 1.905 GC heap after
Heap after GC invocations=5 (full 0):
 PSYoungGen      total 37888K, used 5104K [0x00000000e0000000, 0x00000000e5400000, 0x0000000100000000)
  eden space 32768K, 0% used [0x00000000e0000000,0x00000000e0000000,0x00000000e2000000)
  from space 5120K, 99% used [0x00000000e2000000,0x00000000e24fc010,0x00000000e2500000)
  to   space 10240K, 0% used [0x00000000e4a00000,0x00000000e4a00000,0x00000000e5400000)
 ParOldGen       total 86016K, used 7445K [0x00000000a0000000, 0x00000000a5400000, 0x00000000e0000000)
  object space 86016K, 8% used [0x00000000a0000000,0x00000000a0745558,0x00000000a5400000)
 Metaspace       used 17667K, capacity 18102K, committed 18432K, reserved 1064960K
  class space    used 2534K, capacity 2695K, committed 2816K, reserved 1048576K
}
Event: 2.231 GC heap before
{Heap before GC invocations=6 (full 0):
 PSYoungGen      total 37888K, used 35627K [0x00000000e0000000, 0x00000000e5400000, 0x0000000100000000)
  eden space 32768K, 93% used [0x00000000e0000000,0x00000000e1dced70,0x00000000e2000000)
  from space 5120K, 99% used [0x00000000e2000000,0x00000000e24fc010,0x00000000e2500000)
  to   space 10240K, 0% used [0x00000000e4a00000,0x00000000e4a00000,0x00000000e5400000)
 ParOldGen       total 86016K, used 7445K [0x00000000a0000000, 0x00000000a5400000, 0x00000000e0000000)
  object space 86016K, 8% used [0x00000000a0000000,0x00000000a0745558,0x00000000a5400000)
 Metaspace       used 20608K, capacity 21144K, committed 21296K, reserved 1067008K
  class space    used 2981K, capacity 3139K, committed 3200K, reserved 1048576K
Event: 2.238 GC heap after
Heap after GC invocations=6 (full 0):
 PSYoungGen      total 74752K, used 9129K [0x00000000e0000000, 0x00000000e5600000, 0x0000000100000000)
  eden space 64512K, 0% used [0x00000000e0000000,0x00000000e0000000,0x00000000e3f00000)
  from space 10240K, 89% used [0x00000000e4a00000,0x00000000e52ea700,0x00000000e5400000)
  to   space 11264K, 0% used [0x00000000e3f00000,0x00000000e3f00000,0x00000000e4a00000)
 ParOldGen       total 86016K, used 7453K [0x00000000a0000000, 0x00000000a5400000, 0x00000000e0000000)
  object space 86016K, 8% used [0x00000000a0000000,0x00000000a0747558,0x00000000a5400000)
 Metaspace       used 20608K, capacity 21144K, committed 21296K, reserved 1067008K
  class space    used 2981K, capacity 3139K, committed 3200K, reserved 1048576K
}
Event: 2.238 GC heap before
{Heap before GC invocations=7 (full 1):
 PSYoungGen      total 74752K, used 9129K [0x00000000e0000000, 0x00000000e5600000, 0x0000000100000000)
  eden space 64512K, 0% used [0x00000000e0000000,0x00000000e0000000,0x00000000e3f00000)
  from space 10240K, 89% used [0x00000000e4a00000,0x00000000e52ea700,0x00000000e5400000)
  to   space 11264K, 0% used [0x00000000e3f00000,0x00000000e3f00000,0x00000000e4a00000)
 ParOldGen       total 86016K, used 7453K [0x00000000a0000000, 0x00000000a5400000, 0x00000000e0000000)
  object space 86016K, 8% used [0x00000000a0000000,0x00000000a0747558,0x00000000a5400000)
 Metaspace       used 20608K, capacity 21144K, committed 21296K, reserved 1067008K
  class space    used 2981K, capacity 3139K, committed 3200K, reserved 1048576K
Event: 2.265 GC heap after
Heap after GC invocations=7 (full 1):
 PSYoungGen      total 74752K, used 0K [0x00000000e0000000, 0x00000000e5600000, 0x0000000100000000)
  eden space 64512K, 0% used [0x00000000e0000000,0x00000000e0000000,0x00000000e3f00000)
  from space 10240K, 0% used [0x00000000e4a00000,0x00000000e4a00000,0x00000000e5400000)
  to   space 11264K, 0% used [0x00000000e3f00000,0x00000000e3f00000,0x00000000e4a00000)
 ParOldGen       total 60928K, used 9737K [0x00000000a0000000, 0x00000000a3b80000, 0x00000000e0000000)
  object space 60928K, 15% used [0x00000000a0000000,0x00000000a09827e8,0x00000000a3b80000)
 Metaspace       used 20608K, capacity 21144K, committed 21296K, reserved 1067008K
  class space    used 2981K, capacity 3139K, committed 3200K, reserved 1048576K
}
Event: 2.786 GC heap before
{Heap before GC invocations=8 (full 1):
 PSYoungGen      total 74752K, used 64512K [0x00000000e0000000, 0x00000000e5600000, 0x0000000100000000)
  eden space 64512K, 100% used [0x00000000e0000000,0x00000000e3f00000,0x00000000e3f00000)
  from space 10240K, 0% used [0x00000000e4a00000,0x00000000e4a00000,0x00000000e5400000)
  to   space 11264K, 0% used [0x00000000e3f00000,0x00000000e3f00000,0x00000000e4a00000)
 ParOldGen       total 60928K, used 9737K [0x00000000a0000000, 0x00000000a3b80000, 0x00000000e0000000)
  object space 60928K, 15% used [0x00000000a0000000,0x00000000a09827e8,0x00000000a3b80000)
 Metaspace       used 27935K, capacity 28474K, committed 28672K, reserved 1073152K
  class space    used 3820K, capacity 3980K, committed 4096K, reserved 1048576K
Event: 2.795 GC heap after
Heap after GC invocations=8 (full 1):
 PSYoungGen      total 75776K, used 7205K [0x00000000e0000000, 0x00000000e7980000, 0x0000000100000000)
  eden space 64512K, 0% used [0x00000000e0000000,0x00000000e0000000,0x00000000e3f00000)
  from space 11264K, 63% used [0x00000000e3f00000,0x00000000e4609630,0x00000000e4a00000)
  to   space 11264K, 0% used [0x00000000e6e80000,0x00000000e6e80000,0x00000000e7980000)
 ParOldGen       total 60928K, used 9745K [0x00000000a0000000, 0x00000000a3b80000, 0x00000000e0000000)
  object space 60928K, 15% used [0x00000000a0000000,0x00000000a09847e8,0x00000000a3b80000)
 Metaspace       used 27935K, capacity 28474K, committed 28672K, reserved 1073152K
  class space    used 3820K, capacity 3980K, committed 4096K, reserved 1048576K
}

Deoptimization events (10 events):
Event: 2.204 Thread 0x000000001b128000 Uncommon trap: reason=unstable_if action=reinterpret pc=0x0000000003129204 method=java.lang.ClassLoader.getClassLoadingLock(Ljava/lang/String;)Ljava/lang/Object; @ 6
Event: 2.220 Thread 0x000000001b128000 Uncommon trap: reason=class_check action=maybe_recompile pc=0x0000000003111cd8 method=java.io.BufferedInputStream.read([BII)I @ 101
Event: 2.220 Thread 0x000000001b128000 Uncommon trap: reason=class_check action=maybe_recompile pc=0x0000000003111cd8 method=java.io.BufferedInputStream.read([BII)I @ 101
Event: 2.220 Thread 0x000000001b128000 Uncommon trap: reason=class_check action=maybe_recompile pc=0x0000000003111cd8 method=java.io.BufferedInputStream.read([BII)I @ 101
Event: 2.220 Thread 0x000000001b128000 Uncommon trap: reason=class_check action=maybe_recompile pc=0x0000000003111cd8 method=java.io.BufferedInputStream.read([BII)I @ 101
Event: 2.266 Thread 0x000000001692c800 Uncommon trap: reason=unstable_if action=reinterpret pc=0x00000000030773fc method=java.lang.ref.Reference.tryHandlePending(Z)Z @ 104
Event: 2.604 Thread 0x000000001b128000 Uncommon trap: reason=unstable_if action=reinterpret pc=0x000000000302d4e8 method=java.util.HashMap.hash(Ljava/lang/Object;)I @ 1
Event: 2.654 Thread 0x000000001b128000 Uncommon trap: reason=unstable_if action=reinterpret pc=0x0000000002e0804c method=java.io.WinNTFileSystem.resolve(Ljava/lang/String;Ljava/lang/String;)Ljava/lang/String; @ 49
Event: 2.674 Thread 0x000000001b128000 Uncommon trap: reason=unstable_if action=reinterpret pc=0x0000000002e3f3b0 method=java.util.LinkedHashMap.afterNodeInsertion(Z)V @ 1
Event: 2.822 Thread 0x000000001b128000 Uncommon trap: reason=unstable_if action=reinterpret pc=0x0000000002df827c method=java.util.HashMap.getNode(ILjava/lang/Object;)Ljava/util/HashMap$Node; @ 129

Classes redefined (0 events):
No events

Internal exceptions (10 events):
Event: 2.584 Thread 0x000000001b128000 Exception <a 'java/lang/ClassNotFoundException': org/gradle/api/internal/initialization/DefaultScriptHandlerCustomizer> (0x00000000e1adc8a8) thrown at [D:\src\AOSP-openjdk-cygwin\jdk8u\hotspot\src\share\vm\classfile\systemDictionary.cpp, line 210]
Event: 2.604 Thread 0x000000001b128000 Implicit null exception at 0x000000000302d2d5 to 0x000000000302d4d9
Event: 2.851 Thread 0x000000001b128000 Exception <a 'java/lang/ClassNotFoundException': org/gradle/api/internal/artifacts/dsl/dependencies/DefaultDependencyHandler_DecoratedBeanInfo> (0x00000000e09cd828) thrown at [D:\src\AOSP-openjdk-cygwin\jdk8u\hotspot\src\share\vm\classfile\systemDictionar
Event: 2.851 Thread 0x000000001b128000 Exception <a 'java/lang/ClassNotFoundException': org/gradle/api/internal/artifacts/dsl/dependencies/DefaultDependencyHandlerBeanInfo> (0x00000000e0a26108) thrown at [D:\src\AOSP-openjdk-cygwin\jdk8u\hotspot\src\share\vm\classfile\systemDictionary.cpp, lin
Event: 2.852 Thread 0x000000001b128000 Exception <a 'java/lang/ClassNotFoundException': org/gradle/api/internal/artifacts/dsl/dependencies/DefaultDependencyHandlerCustomizer> (0x00000000e0a7fc68) thrown at [D:\src\AOSP-openjdk-cygwin\jdk8u\hotspot\src\share\vm\classfile\systemDictionary.cpp, l
Event: 2.854 Thread 0x000000001b128000 Exception <a 'java/lang/ClassNotFoundException': org/gradle/api/internal/artifacts/dsl/dependencies/DefaultDependencyHandler_DecoratedCustomizer> (0x00000000e0b0ef68) thrown at [D:\src\AOSP-openjdk-cygwin\jdk8u\hotspot\src\share\vm\classfile\systemDiction
Event: 2.951 Thread 0x000000001b128000 Exception <a 'java/lang/IncompatibleClassChangeError': Found class java.lang.Object, but interface was expected> (0x00000000e1caf350) thrown at [D:\src\AOSP-openjdk-cygwin\jdk8u\hotspot\src\share\vm\interpreter\linkResolver.cpp, line 653]
Event: 2.952 Thread 0x000000001b128000 Exception <a 'java/lang/NoSuchMethodError': java.lang.Object.lambda$comparing$77a9974f$1(Ljava/util/function/Function;Ljava/lang/Object;Ljava/lang/Object;)I> (0x00000000e1cbab18) thrown at [D:\src\AOSP-openjdk-cygwin\jdk8u\hotspot\src\share\vm\interpreter
Event: 2.955 Thread 0x000000001b128000 Exception <a 'java/lang/NoSuchMethodError': java.lang.Object.lambda$thenComparing$36697e65$1(Ljava/util/Comparator;Ljava/lang/Object;Ljava/lang/Object;)I> (0x00000000e1cced40) thrown at [D:\src\AOSP-openjdk-cygwin\jdk8u\hotspot\src\share\vm\interpreter\li
Event: 2.957 Thread 0x000000001b128000 Exception <a 'java/lang/NoSuchMethodError': java.lang.Object.lambda$comparing$ea9a8b3a$1(Ljava/util/Comparator;Ljava/util/function/Function;Ljava/lang/Object;Ljava/lang/Object;)I> (0x00000000e1ce8a50) thrown at [D:\src\AOSP-openjdk-cygwin\jdk8u\hotspot\sr

Events (10 events):
Event: 3.014 loading class org/gradle/groovy/scripts/internal/ImperativeStatementDetectingTransformer
Event: 3.014 loading class org/gradle/groovy/scripts/internal/ImperativeStatementDetectingTransformer done
Event: 3.015 loading class org/gradle/groovy/scripts/internal/BuildScriptTransformer$1
Event: 3.015 loading class org/gradle/groovy/scripts/internal/BuildScriptTransformer$1 done
Event: 3.015 loading class org/gradle/groovy/scripts/internal/FactoryBackedCompileOperation
Event: 3.015 loading class org/gradle/groovy/scripts/internal/FactoryBackedCompileOperation done
Event: 3.015 loading class org/gradle/api/internal/initialization/ClassLoaderScopeIdentifier$Id
Event: 3.015 loading class org/gradle/api/internal/initialization/ClassLoaderScopeIdentifier$Id done
Event: 3.016 loading class org/gradle/api/internal/file/DefaultFileCollectionFactory$FixedFileCollection
Event: 3.016 loading class org/gradle/api/internal/file/DefaultFileCollectionFactory$FixedFileCollection done


Dynamic libraries:
0x00007ff785270000 - 0x00007ff7852a1000 	C:\Program Files\Android\Android Studio\jre\bin\java.exe
0x00007fffb3540000 - 0x00007fffb3730000 	C:\Windows\SYSTEM32\ntdll.dll
0x00007fffb33d0000 - 0x00007fffb3482000 	C:\Windows\System32\KERNEL32.DLL
0x00007fffb0f00000 - 0x00007fffb11a3000 	C:\Windows\System32\KERNELBASE.dll
0x00007fffb1a50000 - 0x00007fffb1af3000 	C:\Windows\System32\ADVAPI32.dll
0x00007fffb1650000 - 0x00007fffb16ee000 	C:\Windows\System32\msvcrt.dll
0x00007fffb3260000 - 0x00007fffb32f7000 	C:\Windows\System32\sechost.dll
0x00007fffb2c40000 - 0x00007fffb2d60000 	C:\Windows\System32\RPCRT4.dll
0x00007fffb2d60000 - 0x00007fffb2ef4000 	C:\Windows\System32\USER32.dll
0x00007fffb1450000 - 0x00007fffb1471000 	C:\Windows\System32\win32u.dll
0x00007fffb17a0000 - 0x00007fffb17c6000 	C:\Windows\System32\GDI32.dll
0x00007fffb12b0000 - 0x00007fffb1444000 	C:\Windows\System32\gdi32full.dll
0x00007fffb0e60000 - 0x00007fffb0efe000 	C:\Windows\System32\msvcp_win.dll
0x00007fffb11b0000 - 0x00007fffb12aa000 	C:\Windows\System32\ucrtbase.dll
0x00007fff9b0b0000 - 0x00007fff9b335000 	C:\Windows\WinSxS\amd64_microsoft.windows.common-controls_6595b64144ccf1df_6.0.18362.720_none_e6beb5c51314836b\COMCTL32.dll
0x00007fffb1b80000 - 0x00007fffb1eb6000 	C:\Windows\System32\combase.dll
0x00007fffb0de0000 - 0x00007fffb0e60000 	C:\Windows\System32\bcryptPrimitives.dll
0x00007fffb1ec0000 - 0x00007fffb1eee000 	C:\Windows\System32\IMM32.DLL
0x0000000074610000 - 0x00000000746e2000 	C:\Program Files\Android\Android Studio\jre\jre\bin\msvcr100.dll
0x00000000747d0000 - 0x0000000075016000 	C:\Program Files\Android\Android Studio\jre\jre\bin\server\jvm.dll
0x00007fffb3490000 - 0x00007fffb3498000 	C:\Windows\System32\PSAPI.DLL
0x00007fffaae90000 - 0x00007fffaaeb4000 	C:\Windows\SYSTEM32\WINMM.dll
0x00007fffaae60000 - 0x00007fffaae8d000 	C:\Windows\SYSTEM32\WINMMBASE.dll
0x00007fffa72d0000 - 0x00007fffa72da000 	C:\Windows\SYSTEM32\VERSION.dll
0x00007fffab070000 - 0x00007fffab079000 	C:\Windows\SYSTEM32\WSOCK32.dll
0x00007fffb04d0000 - 0x00007fffb051a000 	C:\Windows\System32\cfgmgr32.dll
0x00007fffb1980000 - 0x00007fffb19ef000 	C:\Windows\System32\WS2_32.dll
0x00007fffa95d0000 - 0x00007fffa95df000 	C:\Program Files\Android\Android Studio\jre\jre\bin\verify.dll
0x00007fff7e6c0000 - 0x00007fff7e6e9000 	C:\Program Files\Android\Android Studio\jre\jre\bin\java.dll
0x00007fffa8340000 - 0x00007fffa8356000 	C:\Program Files\Android\Android Studio\jre\jre\bin\zip.dll
0x00007fffb24d0000 - 0x00007fffb2bb5000 	C:\Windows\System32\SHELL32.dll
0x00007fffb2f00000 - 0x00007fffb2fa9000 	C:\Windows\System32\shcore.dll
0x00007fffb0520000 - 0x00007fffb0ca0000 	C:\Windows\System32\windows.storage.dll
0x00007fffb0430000 - 0x00007fffb0453000 	C:\Windows\System32\profapi.dll
0x00007fffb0460000 - 0x00007fffb04aa000 	C:\Windows\System32\powrprof.dll
0x00007fffb0400000 - 0x00007fffb0410000 	C:\Windows\System32\UMPDC.dll
0x00007fffb15f0000 - 0x00007fffb1642000 	C:\Windows\System32\shlwapi.dll
0x00007fffb0410000 - 0x00007fffb0421000 	C:\Windows\System32\kernel.appcore.dll
0x00007fffb1480000 - 0x00007fffb1497000 	C:\Windows\System32\cryptsp.dll
0x00007fff8a960000 - 0x00007fff8a97a000 	C:\Program Files\Android\Android Studio\jre\jre\bin\net.dll
0x00007fff9f330000 - 0x00007fff9f505000 	C:\Windows\SYSTEM32\urlmon.dll
0x00007fff9bdc0000 - 0x00007fff9c066000 	C:\Windows\SYSTEM32\iertutil.dll
0x00007fffafe40000 - 0x00007fffafe4c000 	C:\Windows\SYSTEM32\CRYPTBASE.DLL
0x00007fffafc70000 - 0x00007fffafcd7000 	C:\Windows\system32\mswsock.dll
0x00007fff87170000 - 0x00007fff87183000 	C:\Program Files\Android\Android Studio\jre\jre\bin\nio.dll
0x00007fff8d730000 - 0x00007fff8d756000 	C:\Users\Caner\.gradle\native\30\windows-amd64\native-platform.dll
0x00007fffa85b0000 - 0x00007fffa85bd000 	C:\Program Files\Android\Android Studio\jre\jre\bin\management.dll
0x00007fffaf7e0000 - 0x00007fffaf813000 	C:\Windows\system32\rsaenh.dll
0x00007fffb0d50000 - 0x00007fffb0d76000 	C:\Windows\System32\bcrypt.dll
0x00007fffb0320000 - 0x00007fffb0345000 	C:\Windows\SYSTEM32\USERENV.dll
0x00007fffaf980000 - 0x00007fffaf9ba000 	C:\Windows\SYSTEM32\IPHLPAPI.DLL
0x00007fffb3250000 - 0x00007fffb3258000 	C:\Windows\System32\NSI.dll
0x00007fffa5180000 - 0x00007fffa5196000 	C:\Windows\SYSTEM32\dhcpcsvc6.DLL
0x00007fffa4560000 - 0x00007fffa457c000 	C:\Windows\SYSTEM32\dhcpcsvc.DLL
0x00007fffaf9c0000 - 0x00007fffafa8a000 	C:\Windows\SYSTEM32\DNSAPI.dll

VM Arguments:
jvm_args: -Xmx1536m -Dfile.encoding=windows-1254 -Duser.country=TR -Duser.language=tr -Duser.variant 
java_command: org.gradle.launcher.daemon.bootstrap.GradleDaemon 5.6.4
java_class_path (initial): C:\Users\Caner\.gradle\wrapper\dists\gradle-5.6.4-all\ankdp27end7byghfw1q2sw75f\gradle-5.6.4\lib\gradle-launcher-5.6.4.jar
Launcher Type: SUN_STANDARD

Environment Variables:
PATH=C:\Windows\system32;C:\Windows;C:\Windows\System32\Wbem;C:\Windows\System32\WindowsPowerShell\v1.0\;C:\Windows\System32\OpenSSH\;C:\Windows\system32;C:\Windows;C:\Windows\System32\Wbem;C:\Windows\System32\WindowsPowerShell\v1.0\;C:\Windows\System32\OpenSSH\;C:\Users\Caner\AppData\Local\Programs\Python\Python37\Scripts\;C:\Users\Caner\AppData\Local\Programs\Python\Python37\;C:\Users\Caner\AppData\Local\Microsoft\WindowsApps;;C:\Users\Caner\AppData\Local\Android\Sdk\platform-tools;;C:\Users\Caner\AppData\Local\Programs\Microsoft VS Code\bin
USERNAME=Caner
OS=Windows_NT
PROCESSOR_IDENTIFIER=Intel64 Family 6 Model 126 Stepping 5, GenuineIntel



---------------  S Y S T E M  ---------------

OS: Windows 10.0 , 64 bit Build 18362 (10.0.18362.329)

CPU:total 8 (initial active 8) (4 cores per cpu, 2 threads per core) family 6 model 126 stepping 5, cmov, cx8, fxsr, mmx, sse, sse2, sse3, ssse3, sse4.1, sse4.2, popcnt, avx, avx2, aes, clmul, erms, 3dnowpref, lzcnt, ht, tsc, tscinvbit, bmi1, bmi2, adx

Memory: 4k page, physical 8165168k(2239728k free), swap 8427308k(6516k free)

vm_info: OpenJDK 64-Bit Server VM (25.212-b04) for windows-amd64 JRE (1.8.0_212-release-1586-b04), built by "builder" with MS VC++ 10.0 (VS2010)

time: Sat Mar 21 19:43:14 2020
timezone: Türkiye Standart Saati
elapsed time: 3 seconds (0d 0h 0m 3s)

