#
# There is insufficient memory for the Java Runtime Environment to continue.
# Native memory allocation (malloc) failed to allocate 1867392 bytes for Chunk::new
# Possible reasons:
#   The system is out of physical RAM or swap space
#   The process is running with CompressedOops enabled, and the Java Heap may be blocking the growth of the native heap
# Possible solutions:
#   Reduce memory load on the system
#   Increase physical memory or swap space
#   Check if swap backing store is full
#   Decrease Java heap size (-Xmx/-Xms)
#   Decrease number of Java threads
#   Decrease Java thread stack sizes (-Xss)
#   Set larger code cache with -XX:ReservedCodeCacheSize=
#   JVM is running with Unscaled Compressed Oops mode in which the Java heap is
#     placed in the first 4GB address space. The Java Heap base address is the
#     maximum limit for the native heap growth. Please use -XX:HeapBaseMinAddress
#     to set the Java Heap base and to place the Java Heap above 4GB virtual address.
# This output file may be truncated or incomplete.
#
#  Out of Memory Error (allocation.cpp:389), pid=392, tid=0x00000000000032e4
#
# JRE version: OpenJDK Runtime Environment (8.0_212-b04) (build 1.8.0_212-release-1586-b04)
# Java VM: OpenJDK 64-Bit Server VM (25.212-b04 mixed mode windows-amd64 compressed oops)
# Failed to write core dump. Minidumps are not enabled by default on client versions of Windows
#

---------------  T H R E A D  ---------------

Current thread (0x000000001856d800):  JavaThread "C2 CompilerThread2" daemon [_thread_in_native, id=13028, stack(0x0000000019020000,0x0000000019120000)]

Stack: [0x0000000019020000,0x0000000019120000]
[error occurred during error reporting (printing stack bounds), id 0xc0000005]

Native frames: (J=compiled Java code, j=interpreted, Vv=VM code, C=native code)


Current CompileTask:
C2:  19662 2475       4       java.net.URLClassLoader$1::run (5 bytes)


---------------  P R O C E S S  ---------------

Java Threads: ( => current thread )
  0x000000001b363800 JavaThread "Cache worker for execution history cache (C:\Users\Caner\.gradle\caches\5.6.4\executionHistory)" [_thread_blocked, id=12724, stack(0x0000000021660000,0x0000000021760000)]
  0x000000001b362800 JavaThread "Cache worker for cache directory md-rule (C:\Users\Caner\.gradle\caches\5.6.4\md-rule)" [_thread_blocked, id=756, stack(0x0000000021560000,0x0000000021660000)]
  0x000000001b362000 JavaThread "Cache worker for cache directory md-supplier (C:\Users\Caner\.gradle\caches\5.6.4\md-supplier)" [_thread_blocked, id=13024, stack(0x0000000021460000,0x0000000021560000)]
  0x000000001b367000 JavaThread "Cache worker for file hash cache (C:\Users\Caner\AndroidStudioProjects\MobilProgramlama\.gradle\5.6.4\fileHashes)" [_thread_blocked, id=3012, stack(0x000000001e410000,0x000000001e510000)]
  0x0000000018573000 JavaThread "Thread-17" [_thread_blocked, id=3152, stack(0x000000001ce40000,0x000000001cf40000)]
  0x0000000018570800 JavaThread "Stdin handler" [_thread_blocked, id=11908, stack(0x000000001cd40000,0x000000001ce40000)]
  0x0000000018571800 JavaThread "Asynchronous log dispatcher for DefaultDaemonConnection: socket connection from /127.0.0.1:51811 to /127.0.0.1:51819" [_thread_blocked, id=2596, stack(0x000000001cb40000,0x000000001cc40000)]
  0x0000000018573800 JavaThread "Cancel handler" [_thread_blocked, id=8180, stack(0x000000001c940000,0x000000001ca40000)]
  0x000000001856e000 JavaThread "Handler for socket connection from /127.0.0.1:51811 to /127.0.0.1:51819" [_thread_in_native, id=13832, stack(0x000000001c640000,0x000000001c740000)]
  0x000000001856c800 JavaThread "Cache worker for journal cache (C:\Users\Caner\.gradle\caches\journal-1)" [_thread_blocked, id=12940, stack(0x000000001d340000,0x000000001d440000)]
  0x000000001856f000 JavaThread "File lock request listener" [_thread_in_native, id=9744, stack(0x000000001d240000,0x000000001d340000)]
  0x000000001abf6800 JavaThread "Cache worker for file hash cache (C:\Users\Caner\.gradle\caches\5.6.4\fileHashes)" [_thread_blocked, id=1452, stack(0x000000001cf40000,0x000000001d040000)]
  0x000000001b07b000 JavaThread "Daemon worker" [_thread_in_Java, id=6872, stack(0x000000001ca40000,0x000000001cb40000)]
  0x000000001b04f000 JavaThread "Daemon" [_thread_blocked, id=7432, stack(0x000000001c540000,0x000000001c640000)]
  0x000000001b042000 JavaThread "Daemon periodic checks" [_thread_blocked, id=12796, stack(0x000000001c440000,0x000000001c540000)]
  0x000000001afe5000 JavaThread "Incoming local TCP Connector on port 51811" [_thread_in_native, id=10616, stack(0x000000001c200000,0x000000001c300000)]
  0x000000001892b000 JavaThread "Daemon health stats" [_thread_blocked, id=5000, stack(0x000000001bbc0000,0x000000001bcc0000)]
  0x0000000018605800 JavaThread "Service Thread" daemon [_thread_blocked, id=13888, stack(0x0000000019220000,0x0000000019320000)]
  0x0000000018572000 JavaThread "C1 CompilerThread3" daemon [_thread_in_native, id=8620, stack(0x0000000019120000,0x0000000019220000)]
=>0x000000001856d800 JavaThread "C2 CompilerThread2" daemon [_thread_in_native, id=13028, stack(0x0000000019020000,0x0000000019120000)]
  0x000000001676e800 JavaThread "C2 CompilerThread1" daemon [_thread_in_native, id=9604, stack(0x0000000018f20000,0x0000000019020000)]
  0x0000000018563800 JavaThread "C2 CompilerThread0" daemon [_thread_in_native, id=11216, stack(0x0000000018e20000,0x0000000018f20000)]
  0x0000000018562800 JavaThread "Attach Listener" daemon [_thread_blocked, id=11248, stack(0x0000000018d20000,0x0000000018e20000)]
  0x0000000018566000 JavaThread "Signal Dispatcher" daemon [_thread_blocked, id=2404, stack(0x0000000018c20000,0x0000000018d20000)]
  0x000000000299e000 JavaThread "Finalizer" daemon [_thread_blocked, id=6484, stack(0x0000000018a30000,0x0000000018b30000)]
  0x000000001675c800 JavaThread "Reference Handler" daemon [_thread_blocked, id=11720, stack(0x0000000018930000,0x0000000018a30000)]
  0x000000000279d800 JavaThread "main" [_thread_blocked, id=1556, stack(0x00000000027a0000,0x00000000028a0000)]

Other Threads:
  0x0000000016756000 VMThread [stack: 0x0000000018430000,0x0000000018530000] [id=6324]
  0x00000000185a9800 WatcherThread [stack: 0x0000000019320000,0x0000000019420000] [id=3588]

VM state:not at safepoint (normal execution)

VM Mutex/Monitor currently owned by a thread: None

OutOfMemory and StackOverflow Exception counts:
OutOfMemoryError java_heap_errors=4

heap address: 0x00000000a0000000, size: 1536 MB, Compressed Oops mode: 32-bit
Narrow klass base: 0x0000000000000000, Narrow klass shift: 3
Compressed class space size: 1073741824 Address: 0x0000000100000000

Heap:
 PSYoungGen      total 137216K, used 70259K [0x00000000e0000000, 0x00000000e9280000, 0x0000000100000000)
  eden space 127488K, 49% used [0x00000000e0000000,0x00000000e3d10fe8,0x00000000e7c80000)
  from space 9728K, 79% used [0x00000000e8900000,0x00000000e908be20,0x00000000e9280000)
  to   space 11264K, 0% used [0x00000000e7c80000,0x00000000e7c80000,0x00000000e8780000)
 ParOldGen       total 45568K, used 7228K [0x00000000a0000000, 0x00000000a2c80000, 0x00000000e0000000)
  object space 45568K, 15% used [0x00000000a0000000,0x00000000a070f3f0,0x00000000a2c80000)
 Metaspace       used 31950K, capacity 32654K, committed 32768K, reserved 1079296K
  class space    used 4315K, capacity 4560K, committed 4608K, reserved 1048576K

Card table byte_map: [0x0000000011d60000,0x0000000012070000] byte_map_base: 0x0000000011860000

Marking Bits: (ParMarkBitMap*) 0x0000000074f99f30
 Begin Bits: [0x0000000012a70000, 0x0000000014270000)
 End Bits:   [0x0000000014270000, 0x0000000015a70000)

Polling page: 0x0000000000e90000

CodeCache: size=245760Kb used=9892Kb max_used=9908Kb free=235867Kb
 bounds [0x00000000029a0000, 0x0000000003360000, 0x00000000119a0000]
 total_blobs=3336 nmethods=2649 adapters=599
 compilation: enabled

Compilation events (10 events):
Event: 19.657 Thread 0x0000000018572000 2684       3       groovyjarjarasm.asm.Symbol::<init> (38 bytes)
Event: 19.657 Thread 0x0000000018572000 nmethod 2684 0x000000000332a190 code [0x000000000332a2e0, 0x000000000332a4f0]
Event: 19.657 Thread 0x0000000018572000 2685       3       groovyjarjarasm.asm.SymbolTable::put (150 bytes)
Event: 19.658 Thread 0x0000000018572000 nmethod 2685 0x000000000334c290 code [0x000000000334c440, 0x000000000334cb70]
Event: 19.658 Thread 0x0000000018572000 2687       3       com.google.common.collect.MapMakerInternalMap::segmentFor (17 bytes)
Event: 19.658 Thread 0x0000000018572000 nmethod 2687 0x0000000003332d90 code [0x0000000003332ee0, 0x0000000003333070]
Event: 19.659 Thread 0x0000000018563800 nmethod 2500 0x000000000334cf90 code [0x000000000334d260, 0x000000000334f688]
Event: 19.659 Thread 0x0000000018563800 2675       4       java.lang.Character::charCount (12 bytes)
Event: 19.660 Thread 0x0000000018563800 nmethod 2675 0x000000000334a950 code [0x000000000334aa80, 0x000000000334aad8]
Event: 19.660 Thread 0x0000000018563800 2686       4       org.codehaus.groovy.util.LazyReference::get (44 bytes)

GC Heap History (10 events):
Event: 3.840 GC heap before
{Heap before GC invocations=5 (full 0):
 PSYoungGen      total 37888K, used 37872K [0x00000000e0000000, 0x00000000e4a00000, 0x0000000100000000)
  eden space 32768K, 100% used [0x00000000e0000000,0x00000000e2000000,0x00000000e2000000)
  from space 5120K, 99% used [0x00000000e2500000,0x00000000e29fc030,0x00000000e2a00000)
  to   space 5120K, 0% used [0x00000000e2000000,0x00000000e2000000,0x00000000e2500000)
 ParOldGen       total 86016K, used 3864K [0x00000000a0000000, 0x00000000a5400000, 0x00000000e0000000)
  object space 86016K, 4% used [0x00000000a0000000,0x00000000a03c6370,0x00000000a5400000)
 Metaspace       used 17679K, capacity 18102K, committed 18432K, reserved 1064960K
  class space    used 2536K, capacity 2695K, committed 2816K, reserved 1048576K
Event: 3.854 GC heap after
Heap after GC invocations=5 (full 0):
 PSYoungGen      total 37888K, used 5104K [0x00000000e0000000, 0x00000000e5400000, 0x0000000100000000)
  eden space 32768K, 0% used [0x00000000e0000000,0x00000000e0000000,0x00000000e2000000)
  from space 5120K, 99% used [0x00000000e2000000,0x00000000e24fc030,0x00000000e2500000)
  to   space 10240K, 0% used [0x00000000e4a00000,0x00000000e4a00000,0x00000000e5400000)
 ParOldGen       total 86016K, used 7470K [0x00000000a0000000, 0x00000000a5400000, 0x00000000e0000000)
  object space 86016K, 8% used [0x00000000a0000000,0x00000000a074b9f0,0x00000000a5400000)
 Metaspace       used 17679K, capacity 18102K, committed 18432K, reserved 1064960K
  class space    used 2536K, capacity 2695K, committed 2816K, reserved 1048576K
}
Event: 18.373 GC heap before
{Heap before GC invocations=6 (full 0):
 PSYoungGen      total 37888K, used 37872K [0x00000000e0000000, 0x00000000e5400000, 0x0000000100000000)
  eden space 32768K, 100% used [0x00000000e0000000,0x00000000e2000000,0x00000000e2000000)
  from space 5120K, 99% used [0x00000000e2000000,0x00000000e24fc030,0x00000000e2500000)
  to   space 10240K, 0% used [0x00000000e4a00000,0x00000000e4a00000,0x00000000e5400000)
 ParOldGen       total 86016K, used 7470K [0x00000000a0000000, 0x00000000a5400000, 0x00000000e0000000)
  object space 86016K, 8% used [0x00000000a0000000,0x00000000a074b9f0,0x00000000a5400000)
 Metaspace       used 20585K, capacity 21120K, committed 21296K, reserved 1069056K
  class space    used 2973K, capacity 3118K, committed 3200K, reserved 1048576K
Event: 18.379 GC heap after
Heap after GC invocations=6 (full 0):
 PSYoungGen      total 74752K, used 8653K [0x00000000e0000000, 0x00000000e5600000, 0x0000000100000000)
  eden space 64512K, 0% used [0x00000000e0000000,0x00000000e0000000,0x00000000e3f00000)
  from space 10240K, 84% used [0x00000000e4a00000,0x00000000e5273428,0x00000000e5400000)
  to   space 11264K, 0% used [0x00000000e3f00000,0x00000000e3f00000,0x00000000e4a00000)
 ParOldGen       total 86016K, used 7478K [0x00000000a0000000, 0x00000000a5400000, 0x00000000e0000000)
  object space 86016K, 8% used [0x00000000a0000000,0x00000000a074d9f0,0x00000000a5400000)
 Metaspace       used 20585K, capacity 21120K, committed 21296K, reserved 1069056K
  class space    used 2973K, capacity 3118K, committed 3200K, reserved 1048576K
}
Event: 18.395 GC heap before
{Heap before GC invocations=7 (full 0):
 PSYoungGen      total 74752K, used 9607K [0x00000000e0000000, 0x00000000e5600000, 0x0000000100000000)
  eden space 64512K, 1% used [0x00000000e0000000,0x00000000e00eeaf8,0x00000000e3f00000)
  from space 10240K, 84% used [0x00000000e4a00000,0x00000000e5273428,0x00000000e5400000)
  to   space 11264K, 0% used [0x00000000e3f00000,0x00000000e3f00000,0x00000000e4a00000)
 ParOldGen       total 86016K, used 7478K [0x00000000a0000000, 0x00000000a5400000, 0x00000000e0000000)
  object space 86016K, 8% used [0x00000000a0000000,0x00000000a074d9f0,0x00000000a5400000)
 Metaspace       used 20689K, capacity 21254K, committed 21296K, reserved 1069056K
  class space    used 2991K, capacity 3184K, committed 3200K, reserved 1048576K
Event: 18.400 GC heap after
Heap after GC invocations=7 (full 0):
 PSYoungGen      total 75776K, used 4244K [0x00000000e0000000, 0x00000000e9400000, 0x0000000100000000)
  eden space 64512K, 0% used [0x00000000e0000000,0x00000000e0000000,0x00000000e3f00000)
  from space 11264K, 37% used [0x00000000e3f00000,0x00000000e4325040,0x00000000e4a00000)
  to   space 11264K, 0% used [0x00000000e8900000,0x00000000e8900000,0x00000000e9400000)
 ParOldGen       total 86016K, used 9830K [0x00000000a0000000, 0x00000000a5400000, 0x00000000e0000000)
  object space 86016K, 11% used [0x00000000a0000000,0x00000000a0999a60,0x00000000a5400000)
 Metaspace       used 20689K, capacity 21254K, committed 21296K, reserved 1069056K
  class space    used 2991K, capacity 3184K, committed 3200K, reserved 1048576K
}
Event: 18.400 GC heap before
{Heap before GC invocations=8 (full 1):
 PSYoungGen      total 75776K, used 4244K [0x00000000e0000000, 0x00000000e9400000, 0x0000000100000000)
  eden space 64512K, 0% used [0x00000000e0000000,0x00000000e0000000,0x00000000e3f00000)
  from space 11264K, 37% used [0x00000000e3f00000,0x00000000e4325040,0x00000000e4a00000)
  to   space 11264K, 0% used [0x00000000e8900000,0x00000000e8900000,0x00000000e9400000)
 ParOldGen       total 86016K, used 9830K [0x00000000a0000000, 0x00000000a5400000, 0x00000000e0000000)
  object space 86016K, 11% used [0x00000000a0000000,0x00000000a0999a60,0x00000000a5400000)
 Metaspace       used 20689K, capacity 21254K, committed 21296K, reserved 1069056K
  class space    used 2991K, capacity 3184K, committed 3200K, reserved 1048576K
Event: 18.426 GC heap after
Heap after GC invocations=8 (full 1):
 PSYoungGen      total 75776K, used 0K [0x00000000e0000000, 0x00000000e9400000, 0x0000000100000000)
  eden space 64512K, 0% used [0x00000000e0000000,0x00000000e0000000,0x00000000e3f00000)
  from space 11264K, 0% used [0x00000000e3f00000,0x00000000e3f00000,0x00000000e4a00000)
  to   space 11264K, 0% used [0x00000000e8900000,0x00000000e8900000,0x00000000e9400000)
 ParOldGen       total 45568K, used 7220K [0x00000000a0000000, 0x00000000a2c80000, 0x00000000e0000000)
  object space 45568K, 15% used [0x00000000a0000000,0x00000000a070d3f0,0x00000000a2c80000)
 Metaspace       used 20689K, capacity 21254K, committed 21296K, reserved 1069056K
  class space    used 2991K, capacity 3184K, committed 3200K, reserved 1048576K
}
Event: 19.006 GC heap before
{Heap before GC invocations=9 (full 1):
 PSYoungGen      total 75776K, used 64512K [0x00000000e0000000, 0x00000000e9400000, 0x0000000100000000)
  eden space 64512K, 100% used [0x00000000e0000000,0x00000000e3f00000,0x00000000e3f00000)
  from space 11264K, 0% used [0x00000000e3f00000,0x00000000e3f00000,0x00000000e4a00000)
  to   space 11264K, 0% used [0x00000000e8900000,0x00000000e8900000,0x00000000e9400000)
 ParOldGen       total 45568K, used 7220K [0x00000000a0000000, 0x00000000a2c80000, 0x00000000e0000000)
  object space 45568K, 15% used [0x00000000a0000000,0x00000000a070d3f0,0x00000000a2c80000)
 Metaspace       used 28355K, capacity 28904K, committed 29184K, reserved 1077248K
  class space    used 3846K, capacity 4025K, committed 4096K, reserved 1048576K
Event: 19.013 GC heap after
Heap after GC invocations=9 (full 1):
 PSYoungGen      total 137216K, used 7727K [0x00000000e0000000, 0x00000000e9280000, 0x0000000100000000)
  eden space 127488K, 0% used [0x00000000e0000000,0x00000000e0000000,0x00000000e7c80000)
  from space 9728K, 79% used [0x00000000e8900000,0x00000000e908be20,0x00000000e9280000)
  to   space 11264K, 0% used [0x00000000e7c80000,0x00000000e7c80000,0x00000000e8780000)
 ParOldGen       total 45568K, used 7228K [0x00000000a0000000, 0x00000000a2c80000, 0x00000000e0000000)
  object space 45568K, 15% used [0x00000000a0000000,0x00000000a070f3f0,0x00000000a2c80000)
 Metaspace       used 28355K, capacity 28904K, committed 29184K, reserved 1077248K
  class space    used 3846K, capacity 4025K, committed 4096K, reserved 1048576K
}

Deoptimization events (10 events):
Event: 18.428 Thread 0x000000000299e000 Uncommon trap: reason=unstable_if action=reinterpret pc=0x0000000002f3407c method=java.lang.ref.Finalizer.remove()V @ 10
Event: 18.428 Thread 0x000000000299e000 Uncommon trap: reason=unstable_if action=reinterpret pc=0x0000000002f34ba4 method=java.lang.ref.Finalizer.remove()V @ 10
Event: 18.449 Thread 0x000000001b07b000 Uncommon trap: reason=bimorphic action=maybe_recompile pc=0x0000000002f64dc0 method=java.io.BufferedInputStream.read([BII)I @ 101
Event: 18.449 Thread 0x000000001b07b000 Uncommon trap: reason=bimorphic action=maybe_recompile pc=0x0000000002f64dc0 method=java.io.BufferedInputStream.read([BII)I @ 101
Event: 18.450 Thread 0x000000001b07b000 Uncommon trap: reason=bimorphic action=maybe_recompile pc=0x0000000002f64dc0 method=java.io.BufferedInputStream.read([BII)I @ 101
Event: 18.450 Thread 0x000000001b07b000 Uncommon trap: reason=bimorphic action=maybe_recompile pc=0x0000000002f64dc0 method=java.io.BufferedInputStream.read([BII)I @ 101
Event: 18.814 Thread 0x000000001b07b000 Uncommon trap: reason=unstable_if action=reinterpret pc=0x0000000002e77ee8 method=java.util.HashMap.hash(Ljava/lang/Object;)I @ 1
Event: 18.874 Thread 0x000000001b07b000 Uncommon trap: reason=unstable_if action=reinterpret pc=0x0000000002c4b30c method=java.io.WinNTFileSystem.resolve(Ljava/lang/String;Ljava/lang/String;)Ljava/lang/String; @ 49
Event: 18.897 Thread 0x000000001b07b000 Uncommon trap: reason=unstable_if action=reinterpret pc=0x0000000002ccdf30 method=java.util.LinkedHashMap.afterNodeInsertion(Z)V @ 1
Event: 19.066 Thread 0x000000001b07b000 Uncommon trap: reason=unstable_if action=reinterpret pc=0x0000000002c26e04 method=java.util.HashMap.getNode(ILjava/lang/Object;)Ljava/util/HashMap$Node; @ 129

Classes redefined (0 events):
No events

Internal exceptions (10 events):
Event: 19.544 Thread 0x000000001b07b000 Exception <a 'java/lang/ClassNotFoundException': groovy/lang/ReferenceBeanInfo> (0x00000000e3318650) thrown at [D:\src\AOSP-openjdk-cygwin\jdk8u\hotspot\src\share\vm\classfile\systemDictionary.cpp, line 210]
Event: 19.545 Thread 0x000000001b07b000 Exception <a 'java/lang/ClassNotFoundException': groovy/lang/ReferenceCustomizer> (0x00000000e333f970) thrown at [D:\src\AOSP-openjdk-cygwin\jdk8u\hotspot\src\share\vm\classfile\systemDictionary.cpp, line 210]
Event: 19.549 Thread 0x000000001b07b000 Exception <a 'java/lang/ClassNotFoundException': RegistryProcessorBeanInfo> (0x00000000e337cd50) thrown at [D:\src\AOSP-openjdk-cygwin\jdk8u\hotspot\src\share\vm\classfile\systemDictionary.cpp, line 210]
Event: 19.550 Thread 0x000000001b07b000 Exception <a 'java/lang/ClassNotFoundException': RegistryProcessorCustomizer> (0x00000000e3388660) thrown at [D:\src\AOSP-openjdk-cygwin\jdk8u\hotspot\src\share\vm\classfile\systemDictionary.cpp, line 210]
Event: 19.558 Thread 0x000000001b07b000 Exception <a 'java/lang/ClassNotFoundException': org/jetbrains/plugins/gradle/tooling/internal/ExtraModelBuilderBeanInfo> (0x00000000e33f6648) thrown at [D:\src\AOSP-openjdk-cygwin\jdk8u\hotspot\src\share\vm\classfile\systemDictionary.cpp, line 210]
Event: 19.558 Thread 0x000000001b07b000 Exception <a 'java/lang/ClassNotFoundException': org/jetbrains/plugins/gradle/tooling/internal/ExtraModelBuilderCustomizer> (0x00000000e3403798) thrown at [D:\src\AOSP-openjdk-cygwin\jdk8u\hotspot\src\share\vm\classfile\systemDictionary.cpp, line 210]
Event: 19.643 Thread 0x000000001b07b000 Exception <a 'java/lang/ClassNotFoundException': org/gradle/util/GradleVersionBeanInfo> (0x00000000e3bb96e8) thrown at [D:\src\AOSP-openjdk-cygwin\jdk8u\hotspot\src\share\vm\classfile\systemDictionary.cpp, line 210]
Event: 19.645 Thread 0x000000001b07b000 Exception <a 'java/lang/ClassNotFoundException': org/gradle/util/GradleVersionCustomizer> (0x00000000e3be4958) thrown at [D:\src\AOSP-openjdk-cygwin\jdk8u\hotspot\src\share\vm\classfile\systemDictionary.cpp, line 210]
Event: 19.655 Thread 0x000000001b07b000 Exception <a 'java/lang/ClassNotFoundException': org/jetbrains/plugins/gradle/tooling/builder/WarModelBuilderImplBeanInfo> (0x00000000e3c43888) thrown at [D:\src\AOSP-openjdk-cygwin\jdk8u\hotspot\src\share\vm\classfile\systemDictionary.cpp, line 210]
Event: 19.656 Thread 0x000000001b07b000 Exception <a 'java/lang/ClassNotFoundException': org/jetbrains/plugins/gradle/tooling/builder/WarModelBuilderImplCustomizer> (0x00000000e3c51920) thrown at [D:\src\AOSP-openjdk-cygwin\jdk8u\hotspot\src\share\vm\classfile\systemDictionary.cpp, line 210]

Events (10 events):
Event: 19.659 loading class org/gradle/api/file/CopySpec
Event: 19.659 loading class org/gradle/api/file/CopySpec done
Event: 19.660 loading class org/slf4j/Logger
Event: 19.660 loading class org/slf4j/Logger done
Event: 19.660 loading class org/gradle/api/file/FileCollection
Event: 19.660 loading class org/gradle/api/file/FileCollection done
Event: 19.660 loading class org/jetbrains/plugins/gradle/tooling/util/SourceSetCachedFinder
Event: 19.660 loading class org/jetbrains/plugins/gradle/tooling/util/SourceSetCachedFinder done
Event: 19.661 loading class groovy/runtime/metaclass/org/jetbrains/plugins/gradle/tooling/builder/EarModelBuilderImplMetaClass
Event: 19.661 loading class groovy/runtime/metaclass/org/jetbrains/plugins/gradle/tooling/builder/EarModelBuilderImplMetaClass done


Dynamic libraries:
0x00007ff785270000 - 0x00007ff7852a1000 	C:\Program Files\Android\Android Studio\jre\bin\java.exe
0x00007fffb3540000 - 0x00007fffb3730000 	C:\Windows\SYSTEM32\ntdll.dll
0x00007fffb33d0000 - 0x00007fffb3482000 	C:\Windows\System32\KERNEL32.DLL
0x00007fffb0f00000 - 0x00007fffb11a3000 	C:\Windows\System32\KERNELBASE.dll
0x00007fffb1a50000 - 0x00007fffb1af3000 	C:\Windows\System32\ADVAPI32.dll
0x00007fffb1650000 - 0x00007fffb16ee000 	C:\Windows\System32\msvcrt.dll
0x00007fffb3260000 - 0x00007fffb32f7000 	C:\Windows\System32\sechost.dll
0x00007fffb2c40000 - 0x00007fffb2d60000 	C:\Windows\System32\RPCRT4.dll
0x00007fffb2d60000 - 0x00007fffb2ef4000 	C:\Windows\System32\USER32.dll
0x00007fffb1450000 - 0x00007fffb1471000 	C:\Windows\System32\win32u.dll
0x00007fffb17a0000 - 0x00007fffb17c6000 	C:\Windows\System32\GDI32.dll
0x00007fffb12b0000 - 0x00007fffb1444000 	C:\Windows\System32\gdi32full.dll
0x00007fffb0e60000 - 0x00007fffb0efe000 	C:\Windows\System32\msvcp_win.dll
0x00007fffb11b0000 - 0x00007fffb12aa000 	C:\Windows\System32\ucrtbase.dll
0x00007fff9b0b0000 - 0x00007fff9b335000 	C:\Windows\WinSxS\amd64_microsoft.windows.common-controls_6595b64144ccf1df_6.0.18362.720_none_e6beb5c51314836b\COMCTL32.dll
0x00007fffb1b80000 - 0x00007fffb1eb6000 	C:\Windows\System32\combase.dll
0x00007fffb0de0000 - 0x00007fffb0e60000 	C:\Windows\System32\bcryptPrimitives.dll
0x00007fffb1ec0000 - 0x00007fffb1eee000 	C:\Windows\System32\IMM32.DLL
0x0000000074610000 - 0x00000000746e2000 	C:\Program Files\Android\Android Studio\jre\jre\bin\msvcr100.dll
0x00000000747d0000 - 0x0000000075016000 	C:\Program Files\Android\Android Studio\jre\jre\bin\server\jvm.dll
0x00007fffb3490000 - 0x00007fffb3498000 	C:\Windows\System32\PSAPI.DLL
0x00007fffab070000 - 0x00007fffab079000 	C:\Windows\SYSTEM32\WSOCK32.dll
0x00007fffb1980000 - 0x00007fffb19ef000 	C:\Windows\System32\WS2_32.dll
0x00007fffaae90000 - 0x00007fffaaeb4000 	C:\Windows\SYSTEM32\WINMM.dll
0x00007fffa72d0000 - 0x00007fffa72da000 	C:\Windows\SYSTEM32\VERSION.dll
0x00007fffaae60000 - 0x00007fffaae8d000 	C:\Windows\SYSTEM32\WINMMBASE.dll
0x00007fffb04d0000 - 0x00007fffb051a000 	C:\Windows\System32\cfgmgr32.dll
0x00007fffa95d0000 - 0x00007fffa95df000 	C:\Program Files\Android\Android Studio\jre\jre\bin\verify.dll
0x00007fff7e6c0000 - 0x00007fff7e6e9000 	C:\Program Files\Android\Android Studio\jre\jre\bin\java.dll
0x00007fffa8340000 - 0x00007fffa8356000 	C:\Program Files\Android\Android Studio\jre\jre\bin\zip.dll
0x00007fffb24d0000 - 0x00007fffb2bb5000 	C:\Windows\System32\SHELL32.dll
0x00007fffb2f00000 - 0x00007fffb2fa9000 	C:\Windows\System32\shcore.dll
0x00007fffb0520000 - 0x00007fffb0ca0000 	C:\Windows\System32\windows.storage.dll
0x00007fffb0430000 - 0x00007fffb0453000 	C:\Windows\System32\profapi.dll
0x00007fffb0460000 - 0x00007fffb04aa000 	C:\Windows\System32\powrprof.dll
0x00007fffb0400000 - 0x00007fffb0410000 	C:\Windows\System32\UMPDC.dll
0x00007fffb15f0000 - 0x00007fffb1642000 	C:\Windows\System32\shlwapi.dll
0x00007fffb0410000 - 0x00007fffb0421000 	C:\Windows\System32\kernel.appcore.dll
0x00007fffb1480000 - 0x00007fffb1497000 	C:\Windows\System32\cryptsp.dll
0x00007fff8a960000 - 0x00007fff8a97a000 	C:\Program Files\Android\Android Studio\jre\jre\bin\net.dll
0x00007fff9f330000 - 0x00007fff9f505000 	C:\Windows\SYSTEM32\urlmon.dll
0x00007fff9bdc0000 - 0x00007fff9c066000 	C:\Windows\SYSTEM32\iertutil.dll
0x00007fffafe40000 - 0x00007fffafe4c000 	C:\Windows\SYSTEM32\CRYPTBASE.DLL
0x00007fffafc70000 - 0x00007fffafcd7000 	C:\Windows\system32\mswsock.dll
0x00007fff87170000 - 0x00007fff87183000 	C:\Program Files\Android\Android Studio\jre\jre\bin\nio.dll
0x00007fff8d730000 - 0x00007fff8d756000 	C:\Users\Caner\.gradle\native\30\windows-amd64\native-platform.dll
0x00007fffa85b0000 - 0x00007fffa85bd000 	C:\Program Files\Android\Android Studio\jre\jre\bin\management.dll
0x00007fffaf7e0000 - 0x00007fffaf813000 	C:\Windows\system32\rsaenh.dll
0x00007fffb0d50000 - 0x00007fffb0d76000 	C:\Windows\System32\bcrypt.dll
0x00007fffb0320000 - 0x00007fffb0345000 	C:\Windows\SYSTEM32\USERENV.dll
0x00007fffaf980000 - 0x00007fffaf9ba000 	C:\Windows\SYSTEM32\IPHLPAPI.DLL
0x00007fffb3250000 - 0x00007fffb3258000 	C:\Windows\System32\NSI.dll
0x00007fffa5180000 - 0x00007fffa5196000 	C:\Windows\SYSTEM32\dhcpcsvc6.DLL
0x00007fffa4560000 - 0x00007fffa457c000 	C:\Windows\SYSTEM32\dhcpcsvc.DLL
0x00007fffaf9c0000 - 0x00007fffafa8a000 	C:\Windows\SYSTEM32\DNSAPI.dll

VM Arguments:
jvm_args: -Xmx1536m -Dfile.encoding=windows-1254 -Duser.country=TR -Duser.language=tr -Duser.variant 
java_command: org.gradle.launcher.daemon.bootstrap.GradleDaemon 5.6.4
java_class_path (initial): C:\Users\Caner\.gradle\wrapper\dists\gradle-5.6.4-all\ankdp27end7byghfw1q2sw75f\gradle-5.6.4\lib\gradle-launcher-5.6.4.jar
Launcher Type: SUN_STANDARD

Environment Variables:
PATH=C:\Windows\system32;C:\Windows;C:\Windows\System32\Wbem;C:\Windows\System32\WindowsPowerShell\v1.0\;C:\Windows\System32\OpenSSH\;C:\Windows\system32;C:\Windows;C:\Windows\System32\Wbem;C:\Windows\System32\WindowsPowerShell\v1.0\;C:\Windows\System32\OpenSSH\;C:\Users\Caner\AppData\Local\Programs\Python\Python37\Scripts\;C:\Users\Caner\AppData\Local\Programs\Python\Python37\;C:\Users\Caner\AppData\Local\Microsoft\WindowsApps;;C:\Users\Caner\AppData\Local\Android\Sdk\platform-tools;;C:\Users\Caner\AppData\Local\Programs\Microsoft VS Code\bin
USERNAME=Caner
OS=Windows_NT
PROCESSOR_IDENTIFIER=Intel64 Family 6 Model 126 Stepping 5, GenuineIntel



---------------  S Y S T E M  ---------------

OS: Windows 10.0 , 64 bit Build 18362 (10.0.18362.329)

CPU:total 8 (initial active 8) (4 cores per cpu, 2 threads per core) family 6 model 126 stepping 5, cmov, cx8, fxsr, mmx, sse, sse2, sse3, ssse3, sse4.1, sse4.2, popcnt, avx, avx2, aes, clmul, erms, 3dnowpref, lzcnt, ht, tsc, tscinvbit, bmi1, bmi2, adx

Memory: 4k page, physical 8165168k(2224424k free), swap 8427308k(6284k free)

vm_info: OpenJDK 64-Bit Server VM (25.212-b04) for windows-amd64 JRE (1.8.0_212-release-1586-b04), built by "builder" with MS VC++ 10.0 (VS2010)

time: Sat Mar 21 19:44:16 2020
timezone: Türkiye Standart Saati
elapsed time: 19 seconds (0d 0h 0m 19s)

