#
# There is insufficient memory for the Java Runtime Environment to continue.
# Native memory allocation (malloc) failed to allocate 1865712 bytes for Chunk::new
# Possible reasons:
#   The system is out of physical RAM or swap space
#   The process is running with CompressedOops enabled, and the Java Heap may be blocking the growth of the native heap
# Possible solutions:
#   Reduce memory load on the system
#   Increase physical memory or swap space
#   Check if swap backing store is full
#   Decrease Java heap size (-Xmx/-Xms)
#   Decrease number of Java threads
#   Decrease Java thread stack sizes (-Xss)
#   Set larger code cache with -XX:ReservedCodeCacheSize=
#   JVM is running with Unscaled Compressed Oops mode in which the Java heap is
#     placed in the first 4GB address space. The Java Heap base address is the
#     maximum limit for the native heap growth. Please use -XX:HeapBaseMinAddress
#     to set the Java Heap base and to place the Java Heap above 4GB virtual address.
# This output file may be truncated or incomplete.
#
#  Out of Memory Error (allocation.cpp:389), pid=13648, tid=0x00000000000020e0
#
# JRE version: OpenJDK Runtime Environment (8.0_212-b04) (build 1.8.0_212-release-1586-b04)
# Java VM: OpenJDK 64-Bit Server VM (25.212-b04 mixed mode windows-amd64 compressed oops)
# Failed to write core dump. Minidumps are not enabled by default on client versions of Windows
#

---------------  T H R E A D  ---------------

Current thread (0x000000001701c800):  JavaThread "C2 CompilerThread2" daemon [_thread_in_native, id=8416, stack(0x00000000198c0000,0x00000000199c0000)]

Stack: [0x00000000198c0000,0x00000000199c0000]
[error occurred during error reporting (printing stack bounds), id 0xc0000005]

Native frames: (J=compiled Java code, j=interpreted, Vv=VM code, C=native code)


Current CompileTask:
C2:   3491 2341       4       java.net.URLClassLoader$1::run (5 bytes)


---------------  P R O C E S S  ---------------

Java Threads: ( => current thread )
  0x000000001de2e000 JavaThread "Cache worker for execution history cache (C:\Users\Caner\.gradle\caches\5.6.4\executionHistory)" [_thread_blocked, id=1276, stack(0x0000000021b40000,0x0000000021c40000)]
  0x000000001de32800 JavaThread "Cache worker for cache directory md-rule (C:\Users\Caner\.gradle\caches\5.6.4\md-rule)" [_thread_blocked, id=9900, stack(0x0000000020380000,0x0000000020480000)]
  0x000000001a04e800 JavaThread "Cache worker for cache directory md-supplier (C:\Users\Caner\.gradle\caches\5.6.4\md-supplier)" [_thread_blocked, id=11252, stack(0x00000000200a0000,0x00000000201a0000)]
  0x000000001a04d800 JavaThread "Cache worker for file hash cache (C:\Users\Caner\AndroidStudioProjects\MobilProgramlama\.gradle\5.6.4\fileHashes)" [_thread_blocked, id=11712, stack(0x0000000020280000,0x0000000020380000)]
  0x000000001a049000 JavaThread "Cache worker for journal cache (C:\Users\Caner\.gradle\caches\journal-1)" [_thread_blocked, id=14212, stack(0x000000001dc00000,0x000000001dd00000)]
  0x000000001a048800 JavaThread "File lock request listener" [_thread_in_native, id=8184, stack(0x000000001d900000,0x000000001da00000)]
  0x000000001a04f000 JavaThread "Cache worker for file hash cache (C:\Users\Caner\.gradle\caches\5.6.4\fileHashes)" [_thread_blocked, id=10828, stack(0x000000001d800000,0x000000001d900000)]
  0x000000001b7b3800 JavaThread "Thread-9" [_thread_blocked, id=11700, stack(0x000000001d700000,0x000000001d800000)]
  0x000000001b7b3000 JavaThread "Stdin handler" [_thread_blocked, id=11880, stack(0x000000001d600000,0x000000001d700000)]
  0x000000001b7b1000 JavaThread "Asynchronous log dispatcher for DefaultDaemonConnection: socket connection from /127.0.0.1:51803 to /127.0.0.1:51804" [_thread_blocked, id=9028, stack(0x000000001d400000,0x000000001d500000)]
  0x000000001b879000 JavaThread "Daemon worker" [_thread_in_native, id=12968, stack(0x000000001d300000,0x000000001d400000)]
  0x000000001b7ad800 JavaThread "Cancel handler" [_thread_blocked, id=3468, stack(0x000000001d200000,0x000000001d300000)]
  0x000000001b7ba800 JavaThread "Handler for socket connection from /127.0.0.1:51803 to /127.0.0.1:51804" [_thread_in_native, id=6188, stack(0x000000001cf00000,0x000000001d000000)]
  0x000000001b7bc800 JavaThread "Daemon" [_thread_blocked, id=11684, stack(0x000000001ce00000,0x000000001cf00000)]
  0x000000001b81f800 JavaThread "Daemon periodic checks" [_thread_blocked, id=3624, stack(0x000000001cd00000,0x000000001ce00000)]
  0x000000001b7d1800 JavaThread "Incoming local TCP Connector on port 51803" [_thread_in_native, id=7388, stack(0x000000001cac0000,0x000000001cbc0000)]
  0x000000001b486000 JavaThread "Daemon health stats" [_thread_blocked, id=10756, stack(0x000000001c460000,0x000000001c560000)]
  0x0000000018e98800 JavaThread "Service Thread" daemon [_thread_blocked, id=7636, stack(0x0000000019ac0000,0x0000000019bc0000)]
  0x0000000018e0c000 JavaThread "C1 CompilerThread3" daemon [_thread_blocked, id=3872, stack(0x00000000199c0000,0x0000000019ac0000)]
=>0x000000001701c800 JavaThread "C2 CompilerThread2" daemon [_thread_in_native, id=8416, stack(0x00000000198c0000,0x00000000199c0000)]
  0x000000001701b000 JavaThread "C2 CompilerThread1" daemon [_thread_in_native, id=7456, stack(0x00000000197c0000,0x00000000198c0000)]
  0x0000000017018000 JavaThread "C2 CompilerThread0" daemon [_thread_in_native, id=1360, stack(0x00000000196c0000,0x00000000197c0000)]
  0x0000000018e04000 JavaThread "Attach Listener" daemon [_thread_blocked, id=10140, stack(0x00000000195c0000,0x00000000196c0000)]
  0x0000000018e03000 JavaThread "Signal Dispatcher" daemon [_thread_blocked, id=2112, stack(0x00000000194c0000,0x00000000195c0000)]
  0x0000000018df1000 JavaThread "Finalizer" daemon [_thread_blocked, id=9932, stack(0x00000000192d0000,0x00000000193d0000)]
  0x0000000018df0800 JavaThread "Reference Handler" daemon [_thread_blocked, id=12588, stack(0x00000000191d0000,0x00000000192d0000)]
  0x000000000199d800 JavaThread "main" [_thread_blocked, id=11560, stack(0x0000000003030000,0x0000000003130000)]

Other Threads:
  0x0000000017006000 VMThread [stack: 0x0000000018cd0000,0x0000000018dd0000] [id=5052]
  0x0000000018e99800 WatcherThread [stack: 0x0000000019bc0000,0x0000000019cc0000] [id=13180]

VM state:not at safepoint (normal execution)

VM Mutex/Monitor currently owned by a thread: None

heap address: 0x00000000a0000000, size: 1536 MB, Compressed Oops mode: 32-bit
Narrow klass base: 0x0000000000000000, Narrow klass shift: 3
Compressed class space size: 1073741824 Address: 0x0000000100000000

Heap:
 PSYoungGen      total 70656K, used 64122K [0x00000000e0000000, 0x00000000e4a00000, 0x0000000100000000)
  eden space 65536K, 90% used [0x00000000e0000000,0x00000000e39a3ea0,0x00000000e4000000)
  from space 5120K, 99% used [0x00000000e4500000,0x00000000e49fac70,0x00000000e4a00000)
  to   space 5120K, 0% used [0x00000000e4000000,0x00000000e4000000,0x00000000e4500000)
 ParOldGen       total 66560K, used 14607K [0x00000000a0000000, 0x00000000a4100000, 0x00000000e0000000)
  object space 66560K, 21% used [0x00000000a0000000,0x00000000a0e43e98,0x00000000a4100000)
 Metaspace       used 31462K, capacity 32192K, committed 32512K, reserved 1077248K
  class space    used 4257K, capacity 4483K, committed 4608K, reserved 1048576K

Card table byte_map: [0x00000000125f0000,0x0000000012900000] byte_map_base: 0x00000000120f0000

Marking Bits: (ParMarkBitMap*) 0x0000000074f99f30
 Begin Bits: [0x0000000013300000, 0x0000000014b00000)
 End Bits:   [0x0000000014b00000, 0x0000000016300000)

Polling page: 0x00000000013a0000

CodeCache: size=245760Kb used=9478Kb max_used=9478Kb free=236281Kb
 bounds [0x0000000003230000, 0x0000000003b80000, 0x0000000012230000]
 total_blobs=3236 nmethods=2552 adapters=597
 compilation: enabled

Compilation events (10 events):
Event: 3.470 Thread 0x0000000018e0c000 2554       3       groovyjarjarasm.asm.SymbolTable::put (150 bytes)
Event: 3.470 Thread 0x0000000018e0c000 nmethod 2554 0x0000000003b70b50 code [0x0000000003b70d00, 0x0000000003b71430]
Event: 3.470 Thread 0x0000000018e0c000 2555       3       com.google.common.collect.MapMakerInternalMap::segmentFor (17 bytes)
Event: 3.470 Thread 0x0000000018e0c000 nmethod 2555 0x0000000003b71850 code [0x0000000003b719a0, 0x0000000003b71b30]
Event: 3.477 Thread 0x0000000018e0c000 2557       3       org.codehaus.groovy.reflection.CachedClass$CachedMethodComparatorWithString::compare (37 bytes)
Event: 3.477 Thread 0x0000000018e0c000 nmethod 2557 0x0000000003b71c10 code [0x0000000003b71de0, 0x0000000003b72798]
Event: 3.480 Thread 0x0000000018e0c000 2558       3       java.lang.StringBuffer::<init> (18 bytes)
Event: 3.481 Thread 0x0000000018e0c000 nmethod 2558 0x0000000003b72a50 code [0x0000000003b72be0, 0x0000000003b73228]
Event: 3.484 Thread 0x0000000018e0c000 2559       3       com.google.common.collect.MapMakerInternalMap$Segment::getEntry (80 bytes)
Event: 3.485 Thread 0x0000000018e0c000 nmethod 2559 0x0000000003b73490 code [0x0000000003b73700, 0x0000000003b74a88]

GC Heap History (10 events):
Event: 1.447 GC heap before
{Heap before GC invocations=3 (full 0):
 PSYoungGen      total 37888K, used 36257K [0x00000000e0000000, 0x00000000e4a00000, 0x0000000100000000)
  eden space 32768K, 100% used [0x00000000e0000000,0x00000000e2000000,0x00000000e2000000)
  from space 5120K, 68% used [0x00000000e2500000,0x00000000e2868510,0x00000000e2a00000)
  to   space 5120K, 0% used [0x00000000e2000000,0x00000000e2000000,0x00000000e2500000)
 ParOldGen       total 86016K, used 16K [0x00000000a0000000, 0x00000000a5400000, 0x00000000e0000000)
  object space 86016K, 0% used [0x00000000a0000000,0x00000000a0004000,0x00000000a5400000)
 Metaspace       used 12302K, capacity 12706K, committed 12928K, reserved 1060864K
  class space    used 1649K, capacity 1807K, committed 1920K, reserved 1048576K
Event: 1.452 GC heap after
Heap after GC invocations=3 (full 0):
 PSYoungGen      total 37888K, used 5088K [0x00000000e0000000, 0x00000000e4a00000, 0x0000000100000000)
  eden space 32768K, 0% used [0x00000000e0000000,0x00000000e0000000,0x00000000e2000000)
  from space 5120K, 99% used [0x00000000e2000000,0x00000000e24f8020,0x00000000e2500000)
  to   space 5120K, 0% used [0x00000000e4500000,0x00000000e4500000,0x00000000e4a00000)
 ParOldGen       total 86016K, used 1371K [0x00000000a0000000, 0x00000000a5400000, 0x00000000e0000000)
  object space 86016K, 1% used [0x00000000a0000000,0x00000000a0156e90,0x00000000a5400000)
 Metaspace       used 12302K, capacity 12706K, committed 12928K, reserved 1060864K
  class space    used 1649K, capacity 1807K, committed 1920K, reserved 1048576K
}
Event: 1.634 GC heap before
{Heap before GC invocations=4 (full 0):
 PSYoungGen      total 37888K, used 37856K [0x00000000e0000000, 0x00000000e4a00000, 0x0000000100000000)
  eden space 32768K, 100% used [0x00000000e0000000,0x00000000e2000000,0x00000000e2000000)
  from space 5120K, 99% used [0x00000000e2000000,0x00000000e24f8020,0x00000000e2500000)
  to   space 5120K, 0% used [0x00000000e4500000,0x00000000e4500000,0x00000000e4a00000)
 ParOldGen       total 86016K, used 1371K [0x00000000a0000000, 0x00000000a5400000, 0x00000000e0000000)
  object space 86016K, 1% used [0x00000000a0000000,0x00000000a0156e90,0x00000000a5400000)
 Metaspace       used 14612K, capacity 14988K, committed 15232K, reserved 1062912K
  class space    used 2044K, capacity 2164K, committed 2176K, reserved 1048576K
Event: 1.641 GC heap after
Heap after GC invocations=4 (full 0):
 PSYoungGen      total 70656K, used 5088K [0x00000000e0000000, 0x00000000e4a00000, 0x0000000100000000)
  eden space 65536K, 0% used [0x00000000e0000000,0x00000000e0000000,0x00000000e4000000)
  from space 5120K, 99% used [0x00000000e4500000,0x00000000e49f8020,0x00000000e4a00000)
  to   space 5120K, 0% used [0x00000000e4000000,0x00000000e4000000,0x00000000e4500000)
 ParOldGen       total 86016K, used 3860K [0x00000000a0000000, 0x00000000a5400000, 0x00000000e0000000)
  object space 86016K, 4% used [0x00000000a0000000,0x00000000a03c51f8,0x00000000a5400000)
 Metaspace       used 14612K, capacity 14988K, committed 15232K, reserved 1062912K
  class space    used 2044K, capacity 2164K, committed 2176K, reserved 1048576K
}
Event: 2.394 GC heap before
{Heap before GC invocations=5 (full 0):
 PSYoungGen      total 70656K, used 69590K [0x00000000e0000000, 0x00000000e4a00000, 0x0000000100000000)
  eden space 65536K, 98% used [0x00000000e0000000,0x00000000e3efd950,0x00000000e4000000)
  from space 5120K, 99% used [0x00000000e4500000,0x00000000e49f8020,0x00000000e4a00000)
  to   space 5120K, 0% used [0x00000000e4000000,0x00000000e4000000,0x00000000e4500000)
 ParOldGen       total 86016K, used 3860K [0x00000000a0000000, 0x00000000a5400000, 0x00000000e0000000)
  object space 86016K, 4% used [0x00000000a0000000,0x00000000a03c51f8,0x00000000a5400000)
 Metaspace       used 20683K, capacity 21144K, committed 21296K, reserved 1067008K
  class space    used 2994K, capacity 3139K, committed 3200K, reserved 1048576K
Event: 2.402 GC heap after
Heap after GC invocations=5 (full 0):
 PSYoungGen      total 70656K, used 5104K [0x00000000e0000000, 0x00000000e4a00000, 0x0000000100000000)
  eden space 65536K, 0% used [0x00000000e0000000,0x00000000e0000000,0x00000000e4000000)
  from space 5120K, 99% used [0x00000000e4000000,0x00000000e44fc030,0x00000000e4500000)
  to   space 5120K, 0% used [0x00000000e4500000,0x00000000e4500000,0x00000000e4a00000)
 ParOldGen       total 86016K, used 11453K [0x00000000a0000000, 0x00000000a5400000, 0x00000000e0000000)
  object space 86016K, 13% used [0x00000000a0000000,0x00000000a0b2f638,0x00000000a5400000)
 Metaspace       used 20683K, capacity 21144K, committed 21296K, reserved 1067008K
  class space    used 2994K, capacity 3139K, committed 3200K, reserved 1048576K
}
Event: 2.402 GC heap before
{Heap before GC invocations=6 (full 1):
 PSYoungGen      total 70656K, used 5104K [0x00000000e0000000, 0x00000000e4a00000, 0x0000000100000000)
  eden space 65536K, 0% used [0x00000000e0000000,0x00000000e0000000,0x00000000e4000000)
  from space 5120K, 99% used [0x00000000e4000000,0x00000000e44fc030,0x00000000e4500000)
  to   space 5120K, 0% used [0x00000000e4500000,0x00000000e4500000,0x00000000e4a00000)
 ParOldGen       total 86016K, used 11453K [0x00000000a0000000, 0x00000000a5400000, 0x00000000e0000000)
  object space 86016K, 13% used [0x00000000a0000000,0x00000000a0b2f638,0x00000000a5400000)
 Metaspace       used 20683K, capacity 21144K, committed 21296K, reserved 1067008K
  class space    used 2994K, capacity 3139K, committed 3200K, reserved 1048576K
Event: 2.433 GC heap after
Heap after GC invocations=6 (full 1):
 PSYoungGen      total 70656K, used 0K [0x00000000e0000000, 0x00000000e4a00000, 0x0000000100000000)
  eden space 65536K, 0% used [0x00000000e0000000,0x00000000e0000000,0x00000000e4000000)
  from space 5120K, 0% used [0x00000000e4000000,0x00000000e4000000,0x00000000e4500000)
  to   space 5120K, 0% used [0x00000000e4500000,0x00000000e4500000,0x00000000e4a00000)
 ParOldGen       total 66560K, used 12319K [0x00000000a0000000, 0x00000000a4100000, 0x00000000e0000000)
  object space 66560K, 18% used [0x00000000a0000000,0x00000000a0c07c90,0x00000000a4100000)
 Metaspace       used 20683K, capacity 21144K, committed 21296K, reserved 1067008K
  class space    used 2994K, capacity 3139K, committed 3200K, reserved 1048576K
}
Event: 2.951 GC heap before
{Heap before GC invocations=7 (full 1):
 PSYoungGen      total 70656K, used 65536K [0x00000000e0000000, 0x00000000e4a00000, 0x0000000100000000)
  eden space 65536K, 100% used [0x00000000e0000000,0x00000000e4000000,0x00000000e4000000)
  from space 5120K, 0% used [0x00000000e4000000,0x00000000e4000000,0x00000000e4500000)
  to   space 5120K, 0% used [0x00000000e4500000,0x00000000e4500000,0x00000000e4a00000)
 ParOldGen       total 66560K, used 12319K [0x00000000a0000000, 0x00000000a4100000, 0x00000000e0000000)
  object space 66560K, 18% used [0x00000000a0000000,0x00000000a0c07c90,0x00000000a4100000)
 Metaspace       used 28052K, capacity 28570K, committed 28928K, reserved 1075200K
  class space    used 3840K, capacity 4012K, committed 4096K, reserved 1048576K
Event: 2.957 GC heap after
Heap after GC invocations=7 (full 1):
 PSYoungGen      total 70656K, used 5099K [0x00000000e0000000, 0x00000000e4a00000, 0x0000000100000000)
  eden space 65536K, 0% used [0x00000000e0000000,0x00000000e0000000,0x00000000e4000000)
  from space 5120K, 99% used [0x00000000e4500000,0x00000000e49fac70,0x00000000e4a00000)
  to   space 5120K, 0% used [0x00000000e4000000,0x00000000e4000000,0x00000000e4500000)
 ParOldGen       total 66560K, used 14607K [0x00000000a0000000, 0x00000000a4100000, 0x00000000e0000000)
  object space 66560K, 21% used [0x00000000a0000000,0x00000000a0e43e98,0x00000000a4100000)
 Metaspace       used 28052K, capacity 28570K, committed 28928K, reserved 1075200K
  class space    used 3840K, capacity 4012K, committed 4096K, reserved 1048576K
}

Deoptimization events (10 events):
Event: 2.370 Thread 0x000000001b879000 Uncommon trap: reason=class_check action=maybe_recompile pc=0x00000000037c9d94 method=java.io.BufferedInputStream.read([BII)I @ 101
Event: 2.371 Thread 0x000000001b879000 Uncommon trap: reason=class_check action=maybe_recompile pc=0x00000000037c9d94 method=java.io.BufferedInputStream.read([BII)I @ 101
Event: 2.371 Thread 0x000000001b879000 Uncommon trap: reason=class_check action=maybe_recompile pc=0x00000000037c9d94 method=java.io.BufferedInputStream.read([BII)I @ 101
Event: 2.371 Thread 0x000000001b879000 Uncommon trap: reason=class_check action=maybe_recompile pc=0x00000000037c9d94 method=java.io.BufferedInputStream.read([BII)I @ 101
Event: 2.434 Thread 0x0000000018df0800 Uncommon trap: reason=unstable_if action=reinterpret pc=0x0000000003739b3c method=java.lang.ref.Reference.tryHandlePending(Z)Z @ 104
Event: 2.762 Thread 0x000000001b879000 Uncommon trap: reason=unstable_if action=reinterpret pc=0x00000000036efc28 method=java.util.HashMap.hash(Ljava/lang/Object;)I @ 1
Event: 2.811 Thread 0x000000001b879000 Uncommon trap: reason=unstable_if action=reinterpret pc=0x00000000034e0f8c method=java.io.WinNTFileSystem.resolve(Ljava/lang/String;Ljava/lang/String;)Ljava/lang/String; @ 49
Event: 2.826 Thread 0x000000001b879000 Uncommon trap: reason=unstable_if action=reinterpret pc=0x00000000035003f0 method=java.util.LinkedHashMap.afterNodeInsertion(Z)V @ 1
Event: 2.980 Thread 0x000000001b879000 Uncommon trap: reason=unstable_if action=reinterpret pc=0x00000000034b9fbc method=java.util.HashMap.getNode(ILjava/lang/Object;)Ljava/util/HashMap$Node; @ 129
Event: 3.256 Thread 0x000000001b879000 Uncommon trap: reason=unstable_if action=reinterpret pc=0x0000000003615d44 method=java.lang.String.toUpperCase(Ljava/util/Locale;)Ljava/lang/String; @ 130

Classes redefined (0 events):
No events

Internal exceptions (10 events):
Event: 3.371 Thread 0x000000001b879000 Exception <a 'java/lang/ClassNotFoundException': org/jetbrains/plugins/gradle/tooling/internal/ExtraModelBuilderBeanInfo> (0x00000000e2f2d488) thrown at [D:\src\AOSP-openjdk-cygwin\jdk8u\hotspot\src\share\vm\classfile\systemDictionary.cpp, line 210]
Event: 3.371 Thread 0x000000001b879000 Exception <a 'java/lang/ClassNotFoundException': org/jetbrains/plugins/gradle/tooling/internal/ExtraModelBuilderCustomizer> (0x00000000e2f3a5d8) thrown at [D:\src\AOSP-openjdk-cygwin\jdk8u\hotspot\src\share\vm\classfile\systemDictionary.cpp, line 210]
Event: 3.456 Thread 0x000000001b879000 Exception <a 'java/lang/ClassNotFoundException': org/gradle/util/GradleVersionBeanInfo> (0x00000000e36f01e8) thrown at [D:\src\AOSP-openjdk-cygwin\jdk8u\hotspot\src\share\vm\classfile\systemDictionary.cpp, line 210]
Event: 3.457 Thread 0x000000001b879000 Exception <a 'java/lang/ClassNotFoundException': org/gradle/util/GradleVersionCustomizer> (0x00000000e371b458) thrown at [D:\src\AOSP-openjdk-cygwin\jdk8u\hotspot\src\share\vm\classfile\systemDictionary.cpp, line 210]
Event: 3.465 Thread 0x000000001b879000 Exception <a 'java/lang/ClassNotFoundException': org/jetbrains/plugins/gradle/tooling/builder/WarModelBuilderImplBeanInfo> (0x00000000e377a338) thrown at [D:\src\AOSP-openjdk-cygwin\jdk8u\hotspot\src\share\vm\classfile\systemDictionary.cpp, line 210]
Event: 3.466 Thread 0x000000001b879000 Exception <a 'java/lang/ClassNotFoundException': org/jetbrains/plugins/gradle/tooling/builder/WarModelBuilderImplCustomizer> (0x00000000e37883d0) thrown at [D:\src\AOSP-openjdk-cygwin\jdk8u\hotspot\src\share\vm\classfile\systemDictionary.cpp, line 210]
Event: 3.478 Thread 0x000000001b879000 Exception <a 'java/lang/ClassNotFoundException': org/jetbrains/plugins/gradle/tooling/builder/EarModelBuilderImplBeanInfo> (0x00000000e3808af8) thrown at [D:\src\AOSP-openjdk-cygwin\jdk8u\hotspot\src\share\vm\classfile\systemDictionary.cpp, line 210]
Event: 3.479 Thread 0x000000001b879000 Exception <a 'java/lang/ClassNotFoundException': org/jetbrains/plugins/gradle/tooling/AbstractModelBuilderServiceBeanInfo> (0x00000000e3816bd0) thrown at [D:\src\AOSP-openjdk-cygwin\jdk8u\hotspot\src\share\vm\classfile\systemDictionary.cpp, line 210]
Event: 3.479 Thread 0x000000001b879000 Exception <a 'java/lang/ClassNotFoundException': org/jetbrains/plugins/gradle/tooling/AbstractModelBuilderServiceCustomizer> (0x00000000e3824c58) thrown at [D:\src\AOSP-openjdk-cygwin\jdk8u\hotspot\src\share\vm\classfile\systemDictionary.cpp, line 210]
Event: 3.480 Thread 0x000000001b879000 Exception <a 'java/lang/ClassNotFoundException': org/jetbrains/plugins/gradle/tooling/builder/EarModelBuilderImplCustomizer> (0x00000000e3835cf0) thrown at [D:\src\AOSP-openjdk-cygwin\jdk8u\hotspot\src\share\vm\classfile\systemDictionary.cpp, line 210]

Events (10 events):
Event: 3.482 loading class org/jetbrains/plugins/gradle/model/ExtIdeaCompilerOutput
Event: 3.482 loading class org/jetbrains/plugins/gradle/model/ExtIdeaCompilerOutput done
Event: 3.483 loading class org/jetbrains/plugins/gradle/tooling/builder/ModelBuildScriptClasspathBuilderImpl
Event: 3.483 loading class org/jetbrains/plugins/gradle/tooling/builder/ModelBuildScriptClasspathBuilderImpl done
Event: 3.483 loading class org/jetbrains/plugins/gradle/model/ClasspathEntryModel
Event: 3.483 loading class org/jetbrains/plugins/gradle/model/ClasspathEntryModel done
Event: 3.484 loading class org/jetbrains/plugins/gradle/tooling/builder/ScalaModelBuilderImpl
Event: 3.484 loading class org/jetbrains/plugins/gradle/tooling/builder/ScalaModelBuilderImpl done
Event: 3.485 loading class org/jetbrains/plugins/gradle/model/scala/ScalaModel
Event: 3.485 loading class org/jetbrains/plugins/gradle/model/scala/ScalaModel done


Dynamic libraries:
0x00007ff785270000 - 0x00007ff7852a1000 	C:\Program Files\Android\Android Studio\jre\bin\java.exe
0x00007fffb3540000 - 0x00007fffb3730000 	C:\Windows\SYSTEM32\ntdll.dll
0x00007fffb33d0000 - 0x00007fffb3482000 	C:\Windows\System32\KERNEL32.DLL
0x00007fffb0f00000 - 0x00007fffb11a3000 	C:\Windows\System32\KERNELBASE.dll
0x00007fffb1a50000 - 0x00007fffb1af3000 	C:\Windows\System32\ADVAPI32.dll
0x00007fffb1650000 - 0x00007fffb16ee000 	C:\Windows\System32\msvcrt.dll
0x00007fffb3260000 - 0x00007fffb32f7000 	C:\Windows\System32\sechost.dll
0x00007fffb2c40000 - 0x00007fffb2d60000 	C:\Windows\System32\RPCRT4.dll
0x00007fffb2d60000 - 0x00007fffb2ef4000 	C:\Windows\System32\USER32.dll
0x00007fffb1450000 - 0x00007fffb1471000 	C:\Windows\System32\win32u.dll
0x00007fffb17a0000 - 0x00007fffb17c6000 	C:\Windows\System32\GDI32.dll
0x00007fffb12b0000 - 0x00007fffb1444000 	C:\Windows\System32\gdi32full.dll
0x00007fffb0e60000 - 0x00007fffb0efe000 	C:\Windows\System32\msvcp_win.dll
0x00007fffb11b0000 - 0x00007fffb12aa000 	C:\Windows\System32\ucrtbase.dll
0x00007fff9b0b0000 - 0x00007fff9b335000 	C:\Windows\WinSxS\amd64_microsoft.windows.common-controls_6595b64144ccf1df_6.0.18362.720_none_e6beb5c51314836b\COMCTL32.dll
0x00007fffb1b80000 - 0x00007fffb1eb6000 	C:\Windows\System32\combase.dll
0x00007fffb0de0000 - 0x00007fffb0e60000 	C:\Windows\System32\bcryptPrimitives.dll
0x00007fffb1ec0000 - 0x00007fffb1eee000 	C:\Windows\System32\IMM32.DLL
0x0000000074610000 - 0x00000000746e2000 	C:\Program Files\Android\Android Studio\jre\jre\bin\msvcr100.dll
0x00000000747d0000 - 0x0000000075016000 	C:\Program Files\Android\Android Studio\jre\jre\bin\server\jvm.dll
0x00007fffb3490000 - 0x00007fffb3498000 	C:\Windows\System32\PSAPI.DLL
0x00007fffab070000 - 0x00007fffab079000 	C:\Windows\SYSTEM32\WSOCK32.dll
0x00007fffaae90000 - 0x00007fffaaeb4000 	C:\Windows\SYSTEM32\WINMM.dll
0x00007fffa72d0000 - 0x00007fffa72da000 	C:\Windows\SYSTEM32\VERSION.dll
0x00007fffb1980000 - 0x00007fffb19ef000 	C:\Windows\System32\WS2_32.dll
0x00007fffaae60000 - 0x00007fffaae8d000 	C:\Windows\SYSTEM32\winmmbase.dll
0x00007fffb04d0000 - 0x00007fffb051a000 	C:\Windows\System32\cfgmgr32.dll
0x00007fffa95d0000 - 0x00007fffa95df000 	C:\Program Files\Android\Android Studio\jre\jre\bin\verify.dll
0x00007fff7e6c0000 - 0x00007fff7e6e9000 	C:\Program Files\Android\Android Studio\jre\jre\bin\java.dll
0x00007fffa8340000 - 0x00007fffa8356000 	C:\Program Files\Android\Android Studio\jre\jre\bin\zip.dll
0x00007fffb24d0000 - 0x00007fffb2bb5000 	C:\Windows\System32\SHELL32.dll
0x00007fffb2f00000 - 0x00007fffb2fa9000 	C:\Windows\System32\shcore.dll
0x00007fffb0520000 - 0x00007fffb0ca0000 	C:\Windows\System32\windows.storage.dll
0x00007fffb0430000 - 0x00007fffb0453000 	C:\Windows\System32\profapi.dll
0x00007fffb0460000 - 0x00007fffb04aa000 	C:\Windows\System32\powrprof.dll
0x00007fffb0400000 - 0x00007fffb0410000 	C:\Windows\System32\UMPDC.dll
0x00007fffb15f0000 - 0x00007fffb1642000 	C:\Windows\System32\shlwapi.dll
0x00007fffb0410000 - 0x00007fffb0421000 	C:\Windows\System32\kernel.appcore.dll
0x00007fffb1480000 - 0x00007fffb1497000 	C:\Windows\System32\cryptsp.dll
0x00007fff8a960000 - 0x00007fff8a97a000 	C:\Program Files\Android\Android Studio\jre\jre\bin\net.dll
0x00007fff9f330000 - 0x00007fff9f505000 	C:\Windows\SYSTEM32\urlmon.dll
0x00007fff9bdc0000 - 0x00007fff9c066000 	C:\Windows\SYSTEM32\iertutil.dll
0x00007fffafe40000 - 0x00007fffafe4c000 	C:\Windows\SYSTEM32\CRYPTBASE.DLL
0x00007fffafc70000 - 0x00007fffafcd7000 	C:\Windows\system32\mswsock.dll
0x00007fff87170000 - 0x00007fff87183000 	C:\Program Files\Android\Android Studio\jre\jre\bin\nio.dll
0x00007fff8d730000 - 0x00007fff8d756000 	C:\Users\Caner\.gradle\native\30\windows-amd64\native-platform.dll
0x00007fffa85b0000 - 0x00007fffa85bd000 	C:\Program Files\Android\Android Studio\jre\jre\bin\management.dll
0x00007fffaf7e0000 - 0x00007fffaf813000 	C:\Windows\system32\rsaenh.dll
0x00007fffb0d50000 - 0x00007fffb0d76000 	C:\Windows\System32\bcrypt.dll
0x00007fffb0320000 - 0x00007fffb0345000 	C:\Windows\SYSTEM32\USERENV.dll
0x00007fffaf980000 - 0x00007fffaf9ba000 	C:\Windows\SYSTEM32\IPHLPAPI.DLL
0x00007fffb3250000 - 0x00007fffb3258000 	C:\Windows\System32\NSI.dll
0x00007fffa5180000 - 0x00007fffa5196000 	C:\Windows\SYSTEM32\dhcpcsvc6.DLL
0x00007fffa4560000 - 0x00007fffa457c000 	C:\Windows\SYSTEM32\dhcpcsvc.DLL
0x00007fffaf9c0000 - 0x00007fffafa8a000 	C:\Windows\SYSTEM32\DNSAPI.dll

VM Arguments:
jvm_args: -Xmx1536m -Dfile.encoding=windows-1254 -Duser.country=TR -Duser.language=tr -Duser.variant 
java_command: org.gradle.launcher.daemon.bootstrap.GradleDaemon 5.6.4
java_class_path (initial): C:\Users\Caner\.gradle\wrapper\dists\gradle-5.6.4-all\ankdp27end7byghfw1q2sw75f\gradle-5.6.4\lib\gradle-launcher-5.6.4.jar
Launcher Type: SUN_STANDARD

Environment Variables:
PATH=C:\Windows\system32;C:\Windows;C:\Windows\System32\Wbem;C:\Windows\System32\WindowsPowerShell\v1.0\;C:\Windows\System32\OpenSSH\;C:\Windows\system32;C:\Windows;C:\Windows\System32\Wbem;C:\Windows\System32\WindowsPowerShell\v1.0\;C:\Windows\System32\OpenSSH\;C:\Users\Caner\AppData\Local\Programs\Python\Python37\Scripts\;C:\Users\Caner\AppData\Local\Programs\Python\Python37\;C:\Users\Caner\AppData\Local\Microsoft\WindowsApps;;C:\Users\Caner\AppData\Local\Android\Sdk\platform-tools;;C:\Users\Caner\AppData\Local\Programs\Microsoft VS Code\bin
USERNAME=Caner
OS=Windows_NT
PROCESSOR_IDENTIFIER=Intel64 Family 6 Model 126 Stepping 5, GenuineIntel



---------------  S Y S T E M  ---------------

OS: Windows 10.0 , 64 bit Build 18362 (10.0.18362.329)

CPU:total 8 (initial active 8) (4 cores per cpu, 2 threads per core) family 6 model 126 stepping 5, cmov, cx8, fxsr, mmx, sse, sse2, sse3, ssse3, sse4.1, sse4.2, popcnt, avx, avx2, aes, clmul, erms, 3dnowpref, lzcnt, ht, tsc, tscinvbit, bmi1, bmi2, adx

Memory: 4k page, physical 8165168k(2192484k free), swap 8427308k(6464k free)

vm_info: OpenJDK 64-Bit Server VM (25.212-b04) for windows-amd64 JRE (1.8.0_212-release-1586-b04), built by "builder" with MS VC++ 10.0 (VS2010)

time: Sat Mar 21 19:43:49 2020
timezone: Türkiye Standart Saati
elapsed time: 3 seconds (0d 0h 0m 3s)

