#
# There is insufficient memory for the Java Runtime Environment to continue.
# Native memory allocation (malloc) failed to allocate 1539456 bytes for Chunk::new
# Possible reasons:
#   The system is out of physical RAM or swap space
#   The process is running with CompressedOops enabled, and the Java Heap may be blocking the growth of the native heap
# Possible solutions:
#   Reduce memory load on the system
#   Increase physical memory or swap space
#   Check if swap backing store is full
#   Decrease Java heap size (-Xmx/-Xms)
#   Decrease number of Java threads
#   Decrease Java thread stack sizes (-Xss)
#   Set larger code cache with -XX:ReservedCodeCacheSize=
#   JVM is running with Unscaled Compressed Oops mode in which the Java heap is
#     placed in the first 4GB address space. The Java Heap base address is the
#     maximum limit for the native heap growth. Please use -XX:HeapBaseMinAddress
#     to set the Java Heap base and to place the Java Heap above 4GB virtual address.
# This output file may be truncated or incomplete.
#
#  Out of Memory Error (allocation.cpp:389), pid=8000, tid=0x0000000000000714
#
# JRE version: OpenJDK Runtime Environment (8.0_212-b04) (build 1.8.0_212-release-1586-b04)
# Java VM: OpenJDK 64-Bit Server VM (25.212-b04 mixed mode windows-amd64 compressed oops)
# Failed to write core dump. Minidumps are not enabled by default on client versions of Windows
#

---------------  T H R E A D  ---------------

Current thread (0x000000001690b000):  JavaThread "C2 CompilerThread1" daemon [_thread_in_native, id=1812, stack(0x00000000190c0000,0x00000000191c0000)]

Stack: [0x00000000190c0000,0x00000000191c0000]
[error occurred during error reporting (printing stack bounds), id 0xc0000005]

Native frames: (J=compiled Java code, j=interpreted, Vv=VM code, C=native code)


Current CompileTask:
C2:   3359 2348       4       java.net.URLClassLoader$1::run (5 bytes)


---------------  P R O C E S S  ---------------

Java Threads: ( => current thread )
  0x0000000019938000 JavaThread "Cache worker for execution history cache (C:\Users\Caner\.gradle\caches\5.6.4\executionHistory)" [_thread_blocked, id=10496, stack(0x00000000212f0000,0x00000000213f0000)]
  0x0000000019935800 JavaThread "Cache worker for cache directory md-rule (C:\Users\Caner\.gradle\caches\5.6.4\md-rule)" [_thread_blocked, id=6868, stack(0x00000000211f0000,0x00000000212f0000)]
  0x0000000019934000 JavaThread "Cache worker for cache directory md-supplier (C:\Users\Caner\.gradle\caches\5.6.4\md-supplier)" [_thread_blocked, id=10468, stack(0x00000000210f0000,0x00000000211f0000)]
  0x0000000019936800 JavaThread "Cache worker for file hash cache (C:\Users\Caner\AndroidStudioProjects\MobilProgramlama\.gradle\5.6.4\fileHashes)" [_thread_blocked, id=7420, stack(0x000000001e5b0000,0x000000001e6b0000)]
  0x0000000019937800 JavaThread "Cache worker for journal cache (C:\Users\Caner\.gradle\caches\journal-1)" [_thread_blocked, id=7852, stack(0x000000001d2e0000,0x000000001d3e0000)]
  0x0000000019939000 JavaThread "File lock request listener" [_thread_in_native, id=2512, stack(0x000000001d1e0000,0x000000001d2e0000)]
  0x000000001ab8e800 JavaThread "Cache worker for file hash cache (C:\Users\Caner\.gradle\caches\5.6.4\fileHashes)" [_thread_blocked, id=1904, stack(0x000000001d0e0000,0x000000001d1e0000)]
  0x000000001b205000 JavaThread "Thread-9" [_thread_blocked, id=3368, stack(0x000000001cfe0000,0x000000001d0e0000)]
  0x000000001b214800 JavaThread "Stdin handler" [_thread_blocked, id=9760, stack(0x000000001cee0000,0x000000001cfe0000)]
  0x000000001b212000 JavaThread "Asynchronous log dispatcher for DefaultDaemonConnection: socket connection from /127.0.0.1:51795 to /127.0.0.1:51796" [_thread_blocked, id=1744, stack(0x000000001cce0000,0x000000001cde0000)]
  0x000000001b21a800 JavaThread "Daemon worker" [_thread_in_native, id=3868, stack(0x000000001cbe0000,0x000000001cce0000)]
  0x000000001b21a000 JavaThread "Cancel handler" [_thread_blocked, id=6656, stack(0x000000001cae0000,0x000000001cbe0000)]
  0x000000001b22a000 JavaThread "Handler for socket connection from /127.0.0.1:51795 to /127.0.0.1:51796" [_thread_in_native, id=9940, stack(0x000000001c7e0000,0x000000001c8e0000)]
  0x000000001b229000 JavaThread "Daemon" [_thread_blocked, id=1396, stack(0x000000001c6e0000,0x000000001c7e0000)]
  0x000000001b1d8800 JavaThread "Daemon periodic checks" [_thread_blocked, id=1388, stack(0x000000001c5e0000,0x000000001c6e0000)]
  0x000000001b177000 JavaThread "Incoming local TCP Connector on port 51795" [_thread_in_native, id=4392, stack(0x000000001c3a0000,0x000000001c4a0000)]
  0x000000001ad8d000 JavaThread "Daemon health stats" [_thread_blocked, id=9880, stack(0x000000001bd60000,0x000000001be60000)]
  0x0000000018797000 JavaThread "Service Thread" daemon [_thread_blocked, id=13928, stack(0x00000000193c0000,0x00000000194c0000)]
  0x000000001870e000 JavaThread "C1 CompilerThread3" daemon [_thread_blocked, id=11864, stack(0x00000000192c0000,0x00000000193c0000)]
  0x000000001690c000 JavaThread "C2 CompilerThread2" daemon [_thread_in_native, id=5768, stack(0x00000000191c0000,0x00000000192c0000)]
=>0x000000001690b000 JavaThread "C2 CompilerThread1" daemon [_thread_in_native, id=1812, stack(0x00000000190c0000,0x00000000191c0000)]
  0x0000000018704000 JavaThread "C2 CompilerThread0" daemon [_thread_in_native, id=10128, stack(0x0000000018fc0000,0x00000000190c0000)]
  0x0000000018703000 JavaThread "Attach Listener" daemon [_thread_blocked, id=10924, stack(0x0000000018ec0000,0x0000000018fc0000)]
  0x0000000018706000 JavaThread "Signal Dispatcher" daemon [_thread_blocked, id=8980, stack(0x0000000018dc0000,0x0000000018ec0000)]
  0x00000000186f1000 JavaThread "Finalizer" daemon [_thread_blocked, id=5652, stack(0x0000000018bd0000,0x0000000018cd0000)]
  0x00000000186f0800 JavaThread "Reference Handler" daemon [_thread_blocked, id=11484, stack(0x0000000018ad0000,0x0000000018bd0000)]
  0x0000000002b3d800 JavaThread "main" [_thread_blocked, id=9608, stack(0x0000000002850000,0x0000000002950000)]

Other Threads:
  0x00000000168f6000 VMThread [stack: 0x00000000185d0000,0x00000000186d0000] [id=8680]
  0x0000000018798000 WatcherThread [stack: 0x00000000194c0000,0x00000000195c0000] [id=6588]

VM state:not at safepoint (normal execution)

VM Mutex/Monitor currently owned by a thread: None

heap address: 0x00000000a0000000, size: 1536 MB, Compressed Oops mode: 32-bit
Narrow klass base: 0x0000000000000000, Narrow klass shift: 3
Compressed class space size: 1073741824 Address: 0x0000000100000000

Heap:
 PSYoungGen      total 75776K, used 60486K [0x00000000e0000000, 0x00000000e5700000, 0x0000000100000000)
  eden space 64000K, 83% used [0x00000000e0000000,0x00000000e33e9100,0x00000000e3e80000)
  from space 11776K, 62% used [0x00000000e3e80000,0x00000000e45a8a80,0x00000000e4a00000)
  to   space 10240K, 0% used [0x00000000e4a00000,0x00000000e4a00000,0x00000000e5400000)
 ParOldGen       total 60928K, used 9746K [0x00000000a0000000, 0x00000000a3b80000, 0x00000000e0000000)
  object space 60928K, 15% used [0x00000000a0000000,0x00000000a0984ad0,0x00000000a3b80000)
 Metaspace       used 30506K, capacity 31220K, committed 31360K, reserved 1077248K
  class space    used 4213K, capacity 4479K, committed 4480K, reserved 1048576K

Card table byte_map: [0x0000000011f00000,0x0000000012210000] byte_map_base: 0x0000000011a00000

Marking Bits: (ParMarkBitMap*) 0x0000000074f99f30
 Begin Bits: [0x0000000012c10000, 0x0000000014410000)
 End Bits:   [0x0000000014410000, 0x0000000015c10000)

Polling page: 0x0000000000b60000

CodeCache: size=245760Kb used=9415Kb max_used=9415Kb free=236345Kb
 bounds [0x0000000002b40000, 0x0000000003480000, 0x0000000011b40000]
 total_blobs=3222 nmethods=2545 adapters=590
 compilation: enabled

Compilation events (10 events):
Event: 3.351 Thread 0x000000001870e000 2551   !   3       java.lang.ClassValue::getFromHashMap (70 bytes)
Event: 3.352 Thread 0x000000001870e000 nmethod 2551 0x0000000003473410 code [0x0000000003473660, 0x0000000003474298]
Event: 3.352 Thread 0x000000001870e000 2552       1       com.google.common.collect.MapMakerInternalMap$AbstractStrongKeyEntry::getNext (5 bytes)
Event: 3.352 Thread 0x000000001870e000 nmethod 2552 0x0000000003474910 code [0x0000000003474a60, 0x0000000003474b70]
Event: 3.352 Thread 0x000000001870e000 2553       1       java.lang.Thread::getThreadGroup (5 bytes)
Event: 3.353 Thread 0x000000001870e000 nmethod 2553 0x0000000003474bd0 code [0x0000000003474d20, 0x0000000003474e30]
Event: 3.354 Thread 0x000000001870e000 2554       3       com.google.common.collect.MapMakerInternalMap::hash (14 bytes)
Event: 3.355 Thread 0x000000001870e000 nmethod 2554 0x0000000003474e90 code [0x0000000003475020, 0x0000000003475378]
Event: 3.355 Thread 0x000000001870e000 2555       3       com.google.common.collect.MapMakerInternalMap::rehash (49 bytes)
Event: 3.355 Thread 0x000000001870e000 nmethod 2555 0x0000000003475490 code [0x00000000034755e0, 0x0000000003475750]

GC Heap History (10 events):
Event: 1.735 GC heap before
{Heap before GC invocations=4 (full 0):
 PSYoungGen      total 37888K, used 37856K [0x00000000e0000000, 0x00000000e2a00000, 0x0000000100000000)
  eden space 32768K, 100% used [0x00000000e0000000,0x00000000e2000000,0x00000000e2000000)
  from space 5120K, 99% used [0x00000000e2000000,0x00000000e24f8020,0x00000000e2500000)
  to   space 5120K, 0% used [0x00000000e2500000,0x00000000e2500000,0x00000000e2a00000)
 ParOldGen       total 86016K, used 1349K [0x00000000a0000000, 0x00000000a5400000, 0x00000000e0000000)
  object space 86016K, 1% used [0x00000000a0000000,0x00000000a01515c8,0x00000000a5400000)
 Metaspace       used 14607K, capacity 14988K, committed 15232K, reserved 1062912K
  class space    used 2044K, capacity 2164K, committed 2176K, reserved 1048576K
Event: 1.740 GC heap after
Heap after GC invocations=4 (full 0):
 PSYoungGen      total 37888K, used 5088K [0x00000000e0000000, 0x00000000e4a00000, 0x0000000100000000)
  eden space 32768K, 0% used [0x00000000e0000000,0x00000000e0000000,0x00000000e2000000)
  from space 5120K, 99% used [0x00000000e2500000,0x00000000e29f8040,0x00000000e2a00000)
  to   space 5120K, 0% used [0x00000000e2000000,0x00000000e2000000,0x00000000e2500000)
 ParOldGen       total 86016K, used 3844K [0x00000000a0000000, 0x00000000a5400000, 0x00000000e0000000)
  object space 86016K, 4% used [0x00000000a0000000,0x00000000a03c1368,0x00000000a5400000)
 Metaspace       used 14607K, capacity 14988K, committed 15232K, reserved 1062912K
  class space    used 2044K, capacity 2164K, committed 2176K, reserved 1048576K
}
Event: 2.048 GC heap before
{Heap before GC invocations=5 (full 0):
 PSYoungGen      total 37888K, used 37856K [0x00000000e0000000, 0x00000000e4a00000, 0x0000000100000000)
  eden space 32768K, 100% used [0x00000000e0000000,0x00000000e2000000,0x00000000e2000000)
  from space 5120K, 99% used [0x00000000e2500000,0x00000000e29f8040,0x00000000e2a00000)
  to   space 5120K, 0% used [0x00000000e2000000,0x00000000e2000000,0x00000000e2500000)
 ParOldGen       total 86016K, used 3844K [0x00000000a0000000, 0x00000000a5400000, 0x00000000e0000000)
  object space 86016K, 4% used [0x00000000a0000000,0x00000000a03c1368,0x00000000a5400000)
 Metaspace       used 17664K, capacity 18102K, committed 18432K, reserved 1064960K
  class space    used 2534K, capacity 2695K, committed 2816K, reserved 1048576K
Event: 2.056 GC heap after
Heap after GC invocations=5 (full 0):
 PSYoungGen      total 37888K, used 5088K [0x00000000e0000000, 0x00000000e5400000, 0x0000000100000000)
  eden space 32768K, 0% used [0x00000000e0000000,0x00000000e0000000,0x00000000e2000000)
  from space 5120K, 99% used [0x00000000e2000000,0x00000000e24f8020,0x00000000e2500000)
  to   space 10240K, 0% used [0x00000000e4a00000,0x00000000e4a00000,0x00000000e5400000)
 ParOldGen       total 86016K, used 7465K [0x00000000a0000000, 0x00000000a5400000, 0x00000000e0000000)
  object space 86016K, 8% used [0x00000000a0000000,0x00000000a074a740,0x00000000a5400000)
 Metaspace       used 17664K, capacity 18102K, committed 18432K, reserved 1064960K
  class space    used 2534K, capacity 2695K, committed 2816K, reserved 1048576K
}
Event: 2.415 GC heap before
{Heap before GC invocations=6 (full 0):
 PSYoungGen      total 37888K, used 36170K [0x00000000e0000000, 0x00000000e5400000, 0x0000000100000000)
  eden space 32768K, 94% used [0x00000000e0000000,0x00000000e1e5ab48,0x00000000e2000000)
  from space 5120K, 99% used [0x00000000e2000000,0x00000000e24f8020,0x00000000e2500000)
  to   space 10240K, 0% used [0x00000000e4a00000,0x00000000e4a00000,0x00000000e5400000)
 ParOldGen       total 86016K, used 7465K [0x00000000a0000000, 0x00000000a5400000, 0x00000000e0000000)
  object space 86016K, 8% used [0x00000000a0000000,0x00000000a074a740,0x00000000a5400000)
 Metaspace       used 20623K, capacity 21144K, committed 21296K, reserved 1067008K
  class space    used 2982K, capacity 3139K, committed 3200K, reserved 1048576K
Event: 2.421 GC heap after
Heap after GC invocations=6 (full 0):
 PSYoungGen      total 74240K, used 9175K [0x00000000e0000000, 0x00000000e5700000, 0x0000000100000000)
  eden space 64000K, 0% used [0x00000000e0000000,0x00000000e0000000,0x00000000e3e80000)
  from space 10240K, 89% used [0x00000000e4a00000,0x00000000e52f5d90,0x00000000e5400000)
  to   space 11776K, 0% used [0x00000000e3e80000,0x00000000e3e80000,0x00000000e4a00000)
 ParOldGen       total 86016K, used 7473K [0x00000000a0000000, 0x00000000a5400000, 0x00000000e0000000)
  object space 86016K, 8% used [0x00000000a0000000,0x00000000a074c740,0x00000000a5400000)
 Metaspace       used 20623K, capacity 21144K, committed 21296K, reserved 1067008K
  class space    used 2982K, capacity 3139K, committed 3200K, reserved 1048576K
}
Event: 2.421 GC heap before
{Heap before GC invocations=7 (full 1):
 PSYoungGen      total 74240K, used 9175K [0x00000000e0000000, 0x00000000e5700000, 0x0000000100000000)
  eden space 64000K, 0% used [0x00000000e0000000,0x00000000e0000000,0x00000000e3e80000)
  from space 10240K, 89% used [0x00000000e4a00000,0x00000000e52f5d90,0x00000000e5400000)
  to   space 11776K, 0% used [0x00000000e3e80000,0x00000000e3e80000,0x00000000e4a00000)
 ParOldGen       total 86016K, used 7473K [0x00000000a0000000, 0x00000000a5400000, 0x00000000e0000000)
  object space 86016K, 8% used [0x00000000a0000000,0x00000000a074c740,0x00000000a5400000)
 Metaspace       used 20623K, capacity 21144K, committed 21296K, reserved 1067008K
  class space    used 2982K, capacity 3139K, committed 3200K, reserved 1048576K
Event: 2.449 GC heap after
Heap after GC invocations=7 (full 1):
 PSYoungGen      total 74240K, used 0K [0x00000000e0000000, 0x00000000e5700000, 0x0000000100000000)
  eden space 64000K, 0% used [0x00000000e0000000,0x00000000e0000000,0x00000000e3e80000)
  from space 10240K, 0% used [0x00000000e4a00000,0x00000000e4a00000,0x00000000e5400000)
  to   space 11776K, 0% used [0x00000000e3e80000,0x00000000e3e80000,0x00000000e4a00000)
 ParOldGen       total 60928K, used 9738K [0x00000000a0000000, 0x00000000a3b80000, 0x00000000e0000000)
  object space 60928K, 15% used [0x00000000a0000000,0x00000000a0982ad0,0x00000000a3b80000)
 Metaspace       used 20623K, capacity 21144K, committed 21296K, reserved 1067008K
  class space    used 2982K, capacity 3139K, committed 3200K, reserved 1048576K
}
Event: 2.918 GC heap before
{Heap before GC invocations=8 (full 1):
 PSYoungGen      total 74240K, used 64000K [0x00000000e0000000, 0x00000000e5700000, 0x0000000100000000)
  eden space 64000K, 100% used [0x00000000e0000000,0x00000000e3e80000,0x00000000e3e80000)
  from space 10240K, 0% used [0x00000000e4a00000,0x00000000e4a00000,0x00000000e5400000)
  to   space 11776K, 0% used [0x00000000e3e80000,0x00000000e3e80000,0x00000000e4a00000)
 ParOldGen       total 60928K, used 9738K [0x00000000a0000000, 0x00000000a3b80000, 0x00000000e0000000)
  object space 60928K, 15% used [0x00000000a0000000,0x00000000a0982ad0,0x00000000a3b80000)
 Metaspace       used 28011K, capacity 28538K, committed 28928K, reserved 1075200K
  class space    used 3823K, capacity 3980K, committed 4096K, reserved 1048576K
Event: 2.925 GC heap after
Heap after GC invocations=8 (full 1):
 PSYoungGen      total 75776K, used 7330K [0x00000000e0000000, 0x00000000e5700000, 0x0000000100000000)
  eden space 64000K, 0% used [0x00000000e0000000,0x00000000e0000000,0x00000000e3e80000)
  from space 11776K, 62% used [0x00000000e3e80000,0x00000000e45a8a80,0x00000000e4a00000)
  to   space 10240K, 0% used [0x00000000e4a00000,0x00000000e4a00000,0x00000000e5400000)
 ParOldGen       total 60928K, used 9746K [0x00000000a0000000, 0x00000000a3b80000, 0x00000000e0000000)
  object space 60928K, 15% used [0x00000000a0000000,0x00000000a0984ad0,0x00000000a3b80000)
 Metaspace       used 28011K, capacity 28538K, committed 28928K, reserved 1075200K
  class space    used 3823K, capacity 3980K, committed 4096K, reserved 1048576K
}

Deoptimization events (10 events):
Event: 2.404 Thread 0x000000001b21a800 Uncommon trap: reason=class_check action=maybe_recompile pc=0x0000000003102f54 method=java.io.BufferedInputStream.read([BII)I @ 101
Event: 2.404 Thread 0x000000001b21a800 Uncommon trap: reason=class_check action=maybe_recompile pc=0x0000000003102f54 method=java.io.BufferedInputStream.read([BII)I @ 101
Event: 2.404 Thread 0x000000001b21a800 Uncommon trap: reason=class_check action=maybe_recompile pc=0x0000000003102f54 method=java.io.BufferedInputStream.read([BII)I @ 101
Event: 2.449 Thread 0x00000000186f0800 Uncommon trap: reason=unstable_if action=reinterpret pc=0x0000000003045f7c method=java.lang.ref.Reference.tryHandlePending(Z)Z @ 104
Event: 2.612 Thread 0x000000001b21a800 Uncommon trap: reason=unstable_if action=reinterpret pc=0x00000000031be3c8 method=java.lang.ClassLoader.getClassLoadingLock(Ljava/lang/String;)Ljava/lang/Object; @ 6
Event: 2.737 Thread 0x000000001b21a800 Uncommon trap: reason=unstable_if action=reinterpret pc=0x0000000002ffca70 method=java.util.HashMap.hash(Ljava/lang/Object;)I @ 1
Event: 2.787 Thread 0x000000001b21a800 Uncommon trap: reason=unstable_if action=reinterpret pc=0x0000000002df338c method=java.io.WinNTFileSystem.resolve(Ljava/lang/String;Ljava/lang/String;)Ljava/lang/String; @ 49
Event: 2.803 Thread 0x000000001b21a800 Uncommon trap: reason=unstable_if action=reinterpret pc=0x000000000335ccb0 method=java.util.LinkedHashMap.afterNodeInsertion(Z)V @ 1
Event: 2.956 Thread 0x000000001b21a800 Uncommon trap: reason=unstable_if action=reinterpret pc=0x0000000002dc5084 method=java.util.HashMap.getNode(ILjava/lang/Object;)Ljava/util/HashMap$Node; @ 129
Event: 3.238 Thread 0x000000001b21a800 Uncommon trap: reason=unstable_if action=reinterpret pc=0x0000000002f27a04 method=java.lang.String.toUpperCase(Ljava/util/Locale;)Ljava/lang/String; @ 130

Classes redefined (0 events):
No events

Internal exceptions (10 events):
Event: 3.313 Thread 0x000000001b21a800 Exception <a 'java/lang/ClassNotFoundException': org/gradle/api/internal/plugins/DefaultObjectConfigurationActionBeanInfo> (0x00000000e2f430d8) thrown at [D:\src\AOSP-openjdk-cygwin\jdk8u\hotspot\src\share\vm\classfile\systemDictionary.cpp, line 210]
Event: 3.314 Thread 0x000000001b21a800 Exception <a 'java/lang/ClassNotFoundException': org/gradle/api/internal/plugins/DefaultObjectConfigurationActionCustomizer> (0x00000000e2f7bcc0) thrown at [D:\src\AOSP-openjdk-cygwin\jdk8u\hotspot\src\share\vm\classfile\systemDictionary.cpp, line 210]
Event: 3.333 Thread 0x000000001b21a800 Exception <a 'java/lang/ClassNotFoundException': JetGradlePluginBeanInfo> (0x00000000e3080058) thrown at [D:\src\AOSP-openjdk-cygwin\jdk8u\hotspot\src\share\vm\classfile\systemDictionary.cpp, line 210]
Event: 3.333 Thread 0x000000001b21a800 Exception <a 'java/lang/ClassNotFoundException': JetGradlePluginCustomizer> (0x00000000e308b5c0) thrown at [D:\src\AOSP-openjdk-cygwin\jdk8u\hotspot\src\share\vm\classfile\systemDictionary.cpp, line 210]
Event: 3.337 Thread 0x000000001b21a800 Exception <a 'java/lang/ClassNotFoundException': groovy/lang/ReferenceBeanInfo> (0x00000000e30d65e8) thrown at [D:\src\AOSP-openjdk-cygwin\jdk8u\hotspot\src\share\vm\classfile\systemDictionary.cpp, line 210]
Event: 3.338 Thread 0x000000001b21a800 Exception <a 'java/lang/ClassNotFoundException': groovy/lang/ReferenceCustomizer> (0x00000000e30fd908) thrown at [D:\src\AOSP-openjdk-cygwin\jdk8u\hotspot\src\share\vm\classfile\systemDictionary.cpp, line 210]
Event: 3.344 Thread 0x000000001b21a800 Exception <a 'java/lang/ClassNotFoundException': RegistryProcessorBeanInfo> (0x00000000e313ace8) thrown at [D:\src\AOSP-openjdk-cygwin\jdk8u\hotspot\src\share\vm\classfile\systemDictionary.cpp, line 210]
Event: 3.345 Thread 0x000000001b21a800 Exception <a 'java/lang/ClassNotFoundException': RegistryProcessorCustomizer> (0x00000000e31465f8) thrown at [D:\src\AOSP-openjdk-cygwin\jdk8u\hotspot\src\share\vm\classfile\systemDictionary.cpp, line 210]
Event: 3.353 Thread 0x000000001b21a800 Exception <a 'java/lang/ClassNotFoundException': org/jetbrains/plugins/gradle/tooling/internal/ExtraModelBuilderBeanInfo> (0x00000000e31b45e0) thrown at [D:\src\AOSP-openjdk-cygwin\jdk8u\hotspot\src\share\vm\classfile\systemDictionary.cpp, line 210]
Event: 3.353 Thread 0x000000001b21a800 Exception <a 'java/lang/ClassNotFoundException': org/jetbrains/plugins/gradle/tooling/internal/ExtraModelBuilderCustomizer> (0x00000000e31c1730) thrown at [D:\src\AOSP-openjdk-cygwin\jdk8u\hotspot\src\share\vm\classfile\systemDictionary.cpp, line 210]

Events (10 events):
Event: 3.354 loading class org/jetbrains/plugins/gradle/tooling/ErrorMessageBuilder
Event: 3.354 loading class org/jetbrains/plugins/gradle/tooling/ErrorMessageBuilder done
Event: 3.354 loading class org/gradle/internal/impldep/com/google/common/collect/Lists
Event: 3.354 loading class org/gradle/internal/impldep/com/google/common/collect/Lists done
Event: 3.355 loading class org/gradle/internal/impldep/com/google/common/collect/Lists
Event: 3.355 loading class org/gradle/internal/impldep/com/google/common/collect/Lists done
Event: 3.356 loading class org/gradle/internal/impldep/com/google/common/collect/Lists$TransformingRandomAccessList
Event: 3.356 loading class org/gradle/internal/impldep/com/google/common/collect/Lists$TransformingRandomAccessList done
Event: 3.356 loading class org/gradle/internal/impldep/com/google/common/collect/Lists$TransformingRandomAccessList
Event: 3.356 loading class org/gradle/internal/impldep/com/google/common/collect/Lists$TransformingRandomAccessList done


Dynamic libraries:
0x00007ff785270000 - 0x00007ff7852a1000 	C:\Program Files\Android\Android Studio\jre\bin\java.exe
0x00007fffb3540000 - 0x00007fffb3730000 	C:\Windows\SYSTEM32\ntdll.dll
0x00007fffb33d0000 - 0x00007fffb3482000 	C:\Windows\System32\KERNEL32.DLL
0x00007fffb0f00000 - 0x00007fffb11a3000 	C:\Windows\System32\KERNELBASE.dll
0x00007fffb1a50000 - 0x00007fffb1af3000 	C:\Windows\System32\ADVAPI32.dll
0x00007fffb1650000 - 0x00007fffb16ee000 	C:\Windows\System32\msvcrt.dll
0x00007fffb3260000 - 0x00007fffb32f7000 	C:\Windows\System32\sechost.dll
0x00007fffb2c40000 - 0x00007fffb2d60000 	C:\Windows\System32\RPCRT4.dll
0x00007fffb2d60000 - 0x00007fffb2ef4000 	C:\Windows\System32\USER32.dll
0x00007fffb1450000 - 0x00007fffb1471000 	C:\Windows\System32\win32u.dll
0x00007fffb17a0000 - 0x00007fffb17c6000 	C:\Windows\System32\GDI32.dll
0x00007fffb12b0000 - 0x00007fffb1444000 	C:\Windows\System32\gdi32full.dll
0x00007fffb0e60000 - 0x00007fffb0efe000 	C:\Windows\System32\msvcp_win.dll
0x00007fffb11b0000 - 0x00007fffb12aa000 	C:\Windows\System32\ucrtbase.dll
0x00007fff9b0b0000 - 0x00007fff9b335000 	C:\Windows\WinSxS\amd64_microsoft.windows.common-controls_6595b64144ccf1df_6.0.18362.720_none_e6beb5c51314836b\COMCTL32.dll
0x00007fffb1b80000 - 0x00007fffb1eb6000 	C:\Windows\System32\combase.dll
0x00007fffb0de0000 - 0x00007fffb0e60000 	C:\Windows\System32\bcryptPrimitives.dll
0x00007fffb1ec0000 - 0x00007fffb1eee000 	C:\Windows\System32\IMM32.DLL
0x0000000074610000 - 0x00000000746e2000 	C:\Program Files\Android\Android Studio\jre\jre\bin\msvcr100.dll
0x00000000747d0000 - 0x0000000075016000 	C:\Program Files\Android\Android Studio\jre\jre\bin\server\jvm.dll
0x00007fffb3490000 - 0x00007fffb3498000 	C:\Windows\System32\PSAPI.DLL
0x00007fffab070000 - 0x00007fffab079000 	C:\Windows\SYSTEM32\WSOCK32.dll
0x00007fffa72d0000 - 0x00007fffa72da000 	C:\Windows\SYSTEM32\VERSION.dll
0x00007fffb1980000 - 0x00007fffb19ef000 	C:\Windows\System32\WS2_32.dll
0x00007fffaae90000 - 0x00007fffaaeb4000 	C:\Windows\SYSTEM32\WINMM.dll
0x00007fffaae60000 - 0x00007fffaae8d000 	C:\Windows\SYSTEM32\WINMMBASE.dll
0x00007fffb04d0000 - 0x00007fffb051a000 	C:\Windows\System32\cfgmgr32.dll
0x00007fffa95d0000 - 0x00007fffa95df000 	C:\Program Files\Android\Android Studio\jre\jre\bin\verify.dll
0x00007fff7e6c0000 - 0x00007fff7e6e9000 	C:\Program Files\Android\Android Studio\jre\jre\bin\java.dll
0x00007fffa8340000 - 0x00007fffa8356000 	C:\Program Files\Android\Android Studio\jre\jre\bin\zip.dll
0x00007fffb24d0000 - 0x00007fffb2bb5000 	C:\Windows\System32\SHELL32.dll
0x00007fffb2f00000 - 0x00007fffb2fa9000 	C:\Windows\System32\shcore.dll
0x00007fffb0520000 - 0x00007fffb0ca0000 	C:\Windows\System32\windows.storage.dll
0x00007fffb0430000 - 0x00007fffb0453000 	C:\Windows\System32\profapi.dll
0x00007fffb0460000 - 0x00007fffb04aa000 	C:\Windows\System32\powrprof.dll
0x00007fffb0400000 - 0x00007fffb0410000 	C:\Windows\System32\UMPDC.dll
0x00007fffb15f0000 - 0x00007fffb1642000 	C:\Windows\System32\shlwapi.dll
0x00007fffb0410000 - 0x00007fffb0421000 	C:\Windows\System32\kernel.appcore.dll
0x00007fffb1480000 - 0x00007fffb1497000 	C:\Windows\System32\cryptsp.dll
0x00007fff8a960000 - 0x00007fff8a97a000 	C:\Program Files\Android\Android Studio\jre\jre\bin\net.dll
0x00007fff9f330000 - 0x00007fff9f505000 	C:\Windows\SYSTEM32\urlmon.dll
0x00007fff9bdc0000 - 0x00007fff9c066000 	C:\Windows\SYSTEM32\iertutil.dll
0x00007fffafe40000 - 0x00007fffafe4c000 	C:\Windows\SYSTEM32\CRYPTBASE.DLL
0x00007fffafc70000 - 0x00007fffafcd7000 	C:\Windows\system32\mswsock.dll
0x00007fff87170000 - 0x00007fff87183000 	C:\Program Files\Android\Android Studio\jre\jre\bin\nio.dll
0x00007fff8d730000 - 0x00007fff8d756000 	C:\Users\Caner\.gradle\native\30\windows-amd64\native-platform.dll
0x00007fffa85b0000 - 0x00007fffa85bd000 	C:\Program Files\Android\Android Studio\jre\jre\bin\management.dll
0x00007fffaf7e0000 - 0x00007fffaf813000 	C:\Windows\system32\rsaenh.dll
0x00007fffb0d50000 - 0x00007fffb0d76000 	C:\Windows\System32\bcrypt.dll
0x00007fffb0320000 - 0x00007fffb0345000 	C:\Windows\SYSTEM32\USERENV.dll
0x00007fffaf980000 - 0x00007fffaf9ba000 	C:\Windows\SYSTEM32\IPHLPAPI.DLL
0x00007fffb3250000 - 0x00007fffb3258000 	C:\Windows\System32\NSI.dll
0x00007fffa5180000 - 0x00007fffa5196000 	C:\Windows\SYSTEM32\dhcpcsvc6.DLL
0x00007fffa4560000 - 0x00007fffa457c000 	C:\Windows\SYSTEM32\dhcpcsvc.DLL
0x00007fffaf9c0000 - 0x00007fffafa8a000 	C:\Windows\SYSTEM32\DNSAPI.dll

VM Arguments:
jvm_args: -Xmx1536m -Dfile.encoding=windows-1254 -Duser.country=TR -Duser.language=tr -Duser.variant 
java_command: org.gradle.launcher.daemon.bootstrap.GradleDaemon 5.6.4
java_class_path (initial): C:\Users\Caner\.gradle\wrapper\dists\gradle-5.6.4-all\ankdp27end7byghfw1q2sw75f\gradle-5.6.4\lib\gradle-launcher-5.6.4.jar
Launcher Type: SUN_STANDARD

Environment Variables:
PATH=C:\Windows\system32;C:\Windows;C:\Windows\System32\Wbem;C:\Windows\System32\WindowsPowerShell\v1.0\;C:\Windows\System32\OpenSSH\;C:\Windows\system32;C:\Windows;C:\Windows\System32\Wbem;C:\Windows\System32\WindowsPowerShell\v1.0\;C:\Windows\System32\OpenSSH\;C:\Users\Caner\AppData\Local\Programs\Python\Python37\Scripts\;C:\Users\Caner\AppData\Local\Programs\Python\Python37\;C:\Users\Caner\AppData\Local\Microsoft\WindowsApps;;C:\Users\Caner\AppData\Local\Android\Sdk\platform-tools;;C:\Users\Caner\AppData\Local\Programs\Microsoft VS Code\bin
USERNAME=Caner
OS=Windows_NT
PROCESSOR_IDENTIFIER=Intel64 Family 6 Model 126 Stepping 5, GenuineIntel



---------------  S Y S T E M  ---------------

OS: Windows 10.0 , 64 bit Build 18362 (10.0.18362.329)

CPU:total 8 (initial active 8) (4 cores per cpu, 2 threads per core) family 6 model 126 stepping 5, cmov, cx8, fxsr, mmx, sse, sse2, sse3, ssse3, sse4.1, sse4.2, popcnt, avx, avx2, aes, clmul, erms, 3dnowpref, lzcnt, ht, tsc, tscinvbit, bmi1, bmi2, adx

Memory: 4k page, physical 8165168k(2178748k free), swap 8427308k(5188k free)

vm_info: OpenJDK 64-Bit Server VM (25.212-b04) for windows-amd64 JRE (1.8.0_212-release-1586-b04), built by "builder" with MS VC++ 10.0 (VS2010)

time: Sat Mar 21 19:43:36 2020
timezone: Türkiye Standart Saati
elapsed time: 3 seconds (0d 0h 0m 3s)

